# JRE version: OpenJDK Runtime Environment (8.0_161-b14) (build 1.8.0_161-b14)
# Java VM: OpenJDK 64-Bit Server VM (25.161-b14 mixed mode linux-amd64 compressed oops)
Heap:
 PSYoungGen      total 3604992K, used 351905K [0x0000000580100000, 0x0000000666f80000, 0x0000000800000000)
  eden space 3519488K, 7% used [0x0000000580100000,0x0000000590820720,0x0000000656e00000)
  from space 85504K, 96% used [0x000000065c180000,0x0000000661208050,0x0000000661500000)
  to   space 85504K, 0% used [0x0000000656e00000,0x0000000656e00000,0x000000065c180000)
 ParOldGen       total 8045568K, used 6030259K [0x0000000080200000, 0x000000026b300000, 0x0000000580100000)
  object space 8045568K, 74% used [0x0000000080200000,0x00000001f02ece40,0x000000026b300000)
 Metaspace       used 8364K, capacity 8600K, committed 8832K, reserved 1056768K
  class space    used 731K, capacity 824K, committed 896K, reserved 1048576K
GC Heap History (10 events):
Event: 6.661 GC heap before
{Heap before GC invocations=9 (full 3):
 PSYoungGen      total 2182144K, used 2088293K [0x0000000580100000, 0x0000000623e80000, 0x0000000800000000)
  eden space 2095104K, 99% used [0x0000000580100000,0x00000005ff8597c8,0x00000005fff00000)
  from space 87040K, 0% used [0x00000005fff00000,0x00000005fff00000,0x0000000605400000)
  to   space 86016K, 0% used [0x000000061ea80000,0x000000061ea80000,0x0000000623e80000)
 ParOldGen       total 8045568K, used 4670370K [0x0000000080200000, 0x000000026b300000, 0x0000000580100000)
  object space 8045568K, 58% used [0x0000000080200000,0x000000019d2e8910,0x000000026b300000)
 Metaspace       used 8301K, capacity 8472K, committed 8576K, reserved 1056768K
  class space    used 731K, capacity 824K, committed 896K, reserved 1048576K
Event: 6.859 GC heap after
Heap after GC invocations=9 (full 3):
 PSYoungGen      total 2598400K, used 82208K [0x0000000580100000, 0x0000000636400000, 0x0000000800000000)
  eden space 2512384K, 0% used [0x0000000580100000,0x0000000580100000,0x0000000619680000)
  from space 86016K, 95% used [0x000000061ea80000,0x0000000623ac8050,0x0000000623e80000)
  to   space 86016K, 0% used [0x0000000619680000,0x0000000619680000,0x000000061ea80000)
 ParOldGen       total 8045568K, used 5997475K [0x0000000080200000, 0x000000026b300000, 0x0000000580100000)
  object space 8045568K, 74% used [0x0000000080200000,0x00000001ee2e8e20,0x000000026b300000)
 Metaspace       used 8301K, capacity 8472K, committed 8576K, reserved 1056768K
  class space    used 731K, capacity 824K, committed 896K, reserved 1048576K
}
Event: 8.179 GC heap before
{Heap before GC invocations=10 (full 3):
 PSYoungGen      total 2598400K, used 2589368K [0x0000000580100000, 0x0000000636400000, 0x0000000800000000)
  eden space 2512384K, 99% used [0x0000000580100000,0x00000006191660d0,0x0000000619680000)
  from space 86016K, 95% used [0x000000061ea80000,0x0000000623ac8050,0x0000000623e80000)
  to   space 86016K, 0% used [0x0000000619680000,0x0000000619680000,0x000000061ea80000)
 ParOldGen       total 8045568K, used 5997475K [0x0000000080200000, 0x000000026b300000, 0x0000000580100000)
  object space 8045568K, 74% used [0x0000000080200000,0x00000001ee2e8e20,0x000000026b300000)
 Metaspace       used 8318K, capacity 8536K, committed 8832K, reserved 1056768K
  class space    used 731K, capacity 824K, committed 896K, reserved 1048576K
Event: 8.210 GC heap after
Heap after GC invocations=10 (full 3):
 PSYoungGen      total 2598400K, used 82112K [0x0000000580100000, 0x0000000650700000, 0x0000000800000000)
  eden space 2512384K, 0% used [0x0000000580100000,0x0000000580100000,0x0000000619680000)
  from space 86016K, 95% used [0x0000000619680000,0x000000061e6b0050,0x000000061ea80000)
  to   space 86016K, 0% used [0x000000064b300000,0x000000064b300000,0x0000000650700000)
 ParOldGen       total 8045568K, used 6013867K [0x0000000080200000, 0x000000026b300000, 0x0000000580100000)
  object space 8045568K, 74% used [0x0000000080200000,0x00000001ef2eae30,0x000000026b300000)
 Metaspace       used 8318K, capacity 8536K, committed 8832K, reserved 1056768K
  class space    used 731K, capacity 824K, committed 896K, reserved 1048576K
}
Event: 9.419 GC heap before
{Heap before GC invocations=11 (full 3):
 PSYoungGen      total 2598400K, used 2588375K [0x0000000580100000, 0x0000000650700000, 0x0000000800000000)
  eden space 2512384K, 99% used [0x0000000580100000,0x0000000619085be0,0x0000000619680000)
  from space 86016K, 95% used [0x0000000619680000,0x000000061e6b0050,0x000000061ea80000)
  to   space 86016K, 0% used [0x000000064b300000,0x000000064b300000,0x0000000650700000)
 ParOldGen       total 8045568K, used 6013867K [0x0000000080200000, 0x000000026b300000, 0x0000000580100000)
  object space 8045568K, 74% used [0x0000000080200000,0x00000001ef2eae30,0x000000026b300000)
 Metaspace       used 8344K, capacity 8536K, committed 8832K, reserved 1056768K
  class space    used 731K, capacity 824K, committed 896K, reserved 1048576K
Event: 9.448 GC heap after
Heap after GC invocations=11 (full 3):
 PSYoungGen      total 3212800K, used 82112K [0x0000000580100000, 0x0000000650380000, 0x0000000800000000)
  eden space 3130368K, 0% used [0x0000000580100000,0x0000000580100000,0x000000063f200000)
  from space 82432K, 99% used [0x000000064b300000,0x0000000650330050,0x0000000650380000)
  to   space 85504K, 0% used [0x0000000645c80000,0x0000000645c80000,0x000000064b000000)
 ParOldGen       total 8045568K, used 6030251K [0x0000000080200000, 0x000000026b300000, 0x0000000580100000)
  object space 8045568K, 74% used [0x0000000080200000,0x00000001f02eae40,0x000000026b300000)
 Metaspace       used 8344K, capacity 8536K, committed 8832K, reserved 1056768K
  class space    used 731K, capacity 824K, committed 896K, reserved 1048576K
}
Event: 10.908 GC heap before
{Heap before GC invocations=12 (full 3):
 PSYoungGen      total 3212800K, used 3205643K [0x0000000580100000, 0x0000000650380000, 0x0000000800000000)
  eden space 3130368K, 99% used [0x0000000580100000,0x000000063eb52e48,0x000000063f200000)
  from space 82432K, 99% used [0x000000064b300000,0x0000000650330050,0x0000000650380000)
  to   space 85504K, 0% used [0x0000000645c80000,0x0000000645c80000,0x000000064b000000)
 ParOldGen       total 8045568K, used 6030251K [0x0000000080200000, 0x000000026b300000, 0x0000000580100000)
  object space 8045568K, 74% used [0x0000000080200000,0x00000001f02eae40,0x000000026b300000)
 Metaspace       used 8361K, capacity 8600K, committed 8832K, reserved 1056768K
  class space    used 731K, capacity 824K, committed 896K, reserved 1048576K
Event: 10.938 GC heap after
Heap after GC invocations=12 (full 3):
 PSYoungGen      total 3324928K, used 82144K [0x0000000580100000, 0x0000000661500000, 0x0000000800000000)
  eden space 3239424K, 0% used [0x0000000580100000,0x0000000580100000,0x0000000645c80000)
  from space 85504K, 96% used [0x0000000645c80000,0x000000064acb8050,0x000000064b000000)
  to   space 85504K, 0% used [0x000000065c180000,0x000000065c180000,0x0000000661500000)
 ParOldGen       total 8045568K, used 6030259K [0x0000000080200000, 0x000000026b300000, 0x0000000580100000)
  object space 8045568K, 74% used [0x0000000080200000,0x00000001f02ece40,0x000000026b300000)
 Metaspace       used 8361K, capacity 8600K, committed 8832K, reserved 1056768K
  class space    used 731K, capacity 824K, committed 896K, reserved 1048576K
}
Event: 11.506 GC heap before
{Heap before GC invocations=13 (full 3):
 PSYoungGen      total 3324928K, used 3307658K [0x0000000580100000, 0x0000000661500000, 0x0000000800000000)
  eden space 3239424K, 99% used [0x0000000580100000,0x0000000644eeab68,0x0000000645c80000)
  from space 85504K, 96% used [0x0000000645c80000,0x000000064acb8050,0x000000064b000000)
  to   space 85504K, 0% used [0x000000065c180000,0x000000065c180000,0x0000000661500000)
 ParOldGen       total 8045568K, used 6030259K [0x0000000080200000, 0x000000026b300000, 0x0000000580100000)
  object space 8045568K, 74% used [0x0000000080200000,0x00000001f02ece40,0x000000026b300000)
 Metaspace       used 8361K, capacity 8600K, committed 8832K, reserved 1056768K
  class space    used 731K, capacity 824K, committed 896K, reserved 1048576K
Event: 11.537 GC heap after
Heap after GC invocations=13 (full 3):
 PSYoungGen      total 3604992K, used 82464K [0x0000000580100000, 0x0000000666f80000, 0x0000000800000000)
  eden space 3519488K, 0% used [0x0000000580100000,0x0000000580100000,0x0000000656e00000)
  from space 85504K, 96% used [0x000000065c180000,0x0000000661208050,0x0000000661500000)
  to   space 85504K, 0% used [0x0000000656e00000,0x0000000656e00000,0x000000065c180000)
 ParOldGen       total 8045568K, used 6030259K [0x0000000080200000, 0x000000026b300000, 0x0000000580100000)
  object space 8045568K, 74% used [0x0000000080200000,0x00000001f02ece40,0x000000026b300000)
 Metaspace       used 8361K, capacity 8600K, committed 8832K, reserved 1056768K
  class space    used 731K, capacity 824K, committed 896K, reserved 1048576K
}

