# JRE version: OpenJDK Runtime Environment (8.0_161-b14) (build 1.8.0_161-b14)
# Java VM: OpenJDK 64-Bit Server VM (25.161-b14 mixed mode linux-amd64 compressed oops)
Heap:
 PSYoungGen      total 6989824K, used 1123159K [0x0000000580100000, 0x0000000800000000, 0x0000000800000000)
  eden space 3494912K, 32% used [0x0000000580100000,0x00000005c49d5e38,0x0000000655600000)
  from space 3494912K, 0% used [0x0000000655600000,0x0000000655600000,0x000000072ab00000)
  to   space 3494912K, 0% used [0x000000072ab00000,0x000000072ab00000,0x0000000800000000)
 ParOldGen       total 14312448K, used 5963227K [0x0000000080200000, 0x00000003e9b00000, 0x0000000580100000)
  object space 14312448K, 41% used [0x0000000080200000,0x00000001ec176ea8,0x00000003e9b00000)
 Metaspace       used 13708K, capacity 13878K, committed 14208K, reserved 1062912K
  class space    used 1260K, capacity 1317K, committed 1408K, reserved 1048576K
GC Heap History (10 events):
Event: 106.537 GC heap before
{Heap before GC invocations=41 (full 13):
 PSYoungGen      total 6989824K, used 6979017K [0x0000000580100000, 0x0000000800000000, 0x0000000800000000)
  eden space 3494912K, 100% used [0x0000000580100000,0x0000000655600000,0x0000000655600000)
  from space 3494912K, 99% used [0x0000000655600000,0x000000072a072790,0x000000072ab00000)
  to   space 3494912K, 0% used [0x000000072ab00000,0x000000072ab00000,0x0000000800000000)
 ParOldGen       total 17456640K, used 9852534K [0x0000000080200000, 0x00000004a9980000, 0x0000000580100000)
  object space 17456640K, 56% used [0x0000000080200000,0x00000002d979d930,0x00000004a9980000)
 Metaspace       used 13689K, capacity 13878K, committed 14208K, reserved 1062912K
  class space    used 1260K, capacity 1317K, committed 1408K, reserved 1048576K
Event: 106.767 GC heap after
Heap after GC invocations=41 (full 13):
 PSYoungGen      total 6989824K, used 3484105K [0x0000000580100000, 0x0000000800000000, 0x0000000800000000)
  eden space 3494912K, 0% used [0x0000000580100000,0x0000000580100000,0x0000000655600000)
  from space 3494912K, 99% used [0x000000072ab00000,0x00000007ff572790,0x0000000800000000)
  to   space 3494912K, 0% used [0x0000000655600000,0x0000000655600000,0x000000072ab00000)
 ParOldGen       total 17456640K, used 11572855K [0x0000000080200000, 0x00000004a9980000, 0x0000000580100000)
  object space 17456640K, 66% used [0x0000000080200000,0x000000034279dfc0,0x00000004a9980000)
 Metaspace       used 13689K, capacity 13878K, committed 14208K, reserved 1062912K
  class space    used 1260K, capacity 1317K, committed 1408K, reserved 1048576K
}
Event: 107.992 GC heap before
{Heap before GC invocations=42 (full 13):
 PSYoungGen      total 6989824K, used 6975964K [0x0000000580100000, 0x0000000800000000, 0x0000000800000000)
  eden space 3494912K, 99% used [0x0000000580100000,0x0000000655304930,0x0000000655600000)
  from space 3494912K, 99% used [0x000000072ab00000,0x00000007ff572790,0x0000000800000000)
  to   space 3494912K, 0% used [0x0000000655600000,0x0000000655600000,0x000000072ab00000)
 ParOldGen       total 17456640K, used 11572855K [0x0000000080200000, 0x00000004a9980000, 0x0000000580100000)
  object space 17456640K, 66% used [0x0000000080200000,0x000000034279dfc0,0x00000004a9980000)
 Metaspace       used 13689K, capacity 13878K, committed 14208K, reserved 1062912K
  class space    used 1260K, capacity 1317K, committed 1408K, reserved 1048576K
Event: 108.214 GC heap after
Heap after GC invocations=42 (full 13):
 PSYoungGen      total 6989824K, used 3484105K [0x0000000580100000, 0x0000000800000000, 0x0000000800000000)
  eden space 3494912K, 0% used [0x0000000580100000,0x0000000580100000,0x0000000655600000)
  from space 3494912K, 99% used [0x0000000655600000,0x000000072a072790,0x000000072ab00000)
  to   space 3494912K, 0% used [0x000000072ab00000,0x000000072ab00000,0x0000000800000000)
 ParOldGen       total 17456640K, used 13325945K [0x0000000080200000, 0x00000004a9980000, 0x0000000580100000)
  object space 17456640K, 76% used [0x0000000080200000,0x00000003ad79e670,0x00000004a9980000)
 Metaspace       used 13689K, capacity 13878K, committed 14208K, reserved 1062912K
  class space    used 1260K, capacity 1317K, committed 1408K, reserved 1048576K
}
Event: 108.855 GC heap before
{Heap before GC invocations=43 (full 13):
 PSYoungGen      total 6989824K, used 6979017K [0x0000000580100000, 0x0000000800000000, 0x0000000800000000)
  eden space 3494912K, 100% used [0x0000000580100000,0x0000000655600000,0x0000000655600000)
  from space 3494912K, 99% used [0x0000000655600000,0x000000072a072790,0x000000072ab00000)
  to   space 3494912K, 0% used [0x000000072ab00000,0x000000072ab00000,0x0000000800000000)
 ParOldGen       total 17456640K, used 13325945K [0x0000000080200000, 0x00000004a9980000, 0x0000000580100000)
  object space 17456640K, 76% used [0x0000000080200000,0x00000003ad79e670,0x00000004a9980000)
 Metaspace       used 13692K, capacity 13878K, committed 14208K, reserved 1062912K
  class space    used 1260K, capacity 1317K, committed 1408K, reserved 1048576K
Event: 109.025 GC heap after
Heap after GC invocations=43 (full 13):
 PSYoungGen      total 6989824K, used 3494789K [0x0000000580100000, 0x0000000800000000, 0x0000000800000000)
  eden space 3494912K, 0% used [0x0000000580100000,0x0000000580100000,0x0000000655600000)
  from space 3494912K, 99% used [0x000000072ab00000,0x00000007fffe1508,0x0000000800000000)
  to   space 3494912K, 0% used [0x0000000655600000,0x0000000655600000,0x000000072ab00000)
 ParOldGen       total 17456640K, used 13850242K [0x0000000080200000, 0x00000004a9980000, 0x0000000580100000)
  object space 17456640K, 79% used [0x0000000080200000,0x00000003cd7a0870,0x00000004a9980000)
 Metaspace       used 13692K, capacity 13878K, committed 14208K, reserved 1062912K
  class space    used 1260K, capacity 1317K, committed 1408K, reserved 1048576K
}
Event: 116.895 GC heap before
{Heap before GC invocations=44 (full 13):
 PSYoungGen      total 6989824K, used 6989701K [0x0000000580100000, 0x0000000800000000, 0x0000000800000000)
  eden space 3494912K, 100% used [0x0000000580100000,0x0000000655600000,0x0000000655600000)
  from space 3494912K, 99% used [0x000000072ab00000,0x00000007fffe1508,0x0000000800000000)
  to   space 3494912K, 0% used [0x0000000655600000,0x0000000655600000,0x000000072ab00000)
 ParOldGen       total 17456640K, used 13850242K [0x0000000080200000, 0x00000004a9980000, 0x0000000580100000)
  object space 17456640K, 79% used [0x0000000080200000,0x00000003cd7a0870,0x00000004a9980000)
 Metaspace       used 13708K, capacity 13878K, committed 14208K, reserved 1062912K
  class space    used 1260K, capacity 1317K, committed 1408K, reserved 1048576K
Event: 117.315 GC heap after
Heap after GC invocations=44 (full 13):
 PSYoungGen      total 6989824K, used 3492248K [0x0000000580100000, 0x0000000800000000, 0x0000000800000000)
  eden space 3494912K, 0% used [0x0000000580100000,0x0000000580100000,0x0000000655600000)
  from space 3494912K, 99% used [0x0000000655600000,0x000000072a866180,0x000000072ab00000)
  to   space 3494912K, 0% used [0x000000072ab00000,0x000000072ab00000,0x0000000800000000)
 ParOldGen       total 17456640K, used 16234125K [0x0000000080200000, 0x00000004a9980000, 0x0000000580100000)
  object space 17456640K, 92% used [0x0000000080200000,0x000000045efa3710,0x00000004a9980000)
 Metaspace       used 13708K, capacity 13878K, committed 14208K, reserved 1062912K
  class space    used 1260K, capacity 1317K, committed 1408K, reserved 1048576K
}
Event: 117.315 GC heap before
{Heap before GC invocations=45 (full 14):
 PSYoungGen      total 6989824K, used 3492248K [0x0000000580100000, 0x0000000800000000, 0x0000000800000000)
  eden space 3494912K, 0% used [0x0000000580100000,0x0000000580100000,0x0000000655600000)
  from space 3494912K, 99% used [0x0000000655600000,0x000000072a866180,0x000000072ab00000)
  to   space 3494912K, 0% used [0x000000072ab00000,0x000000072ab00000,0x0000000800000000)
 ParOldGen       total 17456640K, used 16234125K [0x0000000080200000, 0x00000004a9980000, 0x0000000580100000)
  object space 17456640K, 92% used [0x0000000080200000,0x000000045efa3710,0x00000004a9980000)
 Metaspace       used 13708K, capacity 13878K, committed 14208K, reserved 1062912K
  class space    used 1260K, capacity 1317K, committed 1408K, reserved 1048576K
Event: 118.480 GC heap after
Heap after GC invocations=45 (full 14):
 PSYoungGen      total 6989824K, used 0K [0x0000000580100000, 0x0000000800000000, 0x0000000800000000)
  eden space 3494912K, 0% used [0x0000000580100000,0x0000000580100000,0x0000000655600000)
  from space 3494912K, 0% used [0x0000000655600000,0x0000000655600000,0x000000072ab00000)
  to   space 3494912K, 0% used [0x000000072ab00000,0x000000072ab00000,0x0000000800000000)
 ParOldGen       total 14312448K, used 5963227K [0x0000000080200000, 0x00000003e9b00000, 0x0000000580100000)
  object space 14312448K, 41% used [0x0000000080200000,0x00000001ec176ea8,0x00000003e9b00000)
 Metaspace       used 13708K, capacity 13878K, committed 14208K, reserved 1062912K
  class space    used 1260K, capacity 1317K, committed 1408K, reserved 1048576K
}

