# JRE version: OpenJDK Runtime Environment (8.0_181-b13) (build 1.8.0_181-b13)
# Java VM: OpenJDK 64-Bit Server VM (25.181-b13 mixed mode linux-amd64 compressed oops)
Heap:
 PSYoungGen      total 6989824K, used 2097969K [0x0000000580100000, 0x0000000800000000, 0x0000000800000000)
  eden space 3494912K, 4% used [0x0000000580100000,0x000000058a8fba10,0x0000000655600000)
  from space 3494912K, 55% used [0x000000072ab00000,0x00000007a03d0d10,0x0000000800000000)
  to   space 3494912K, 0% used [0x0000000655600000,0x0000000655600000,0x000000072ab00000)
 ParOldGen       total 20970496K, used 13547367K [0x0000000080200000, 0x0000000580100000, 0x0000000580100000)
  object space 20970496K, 64% used [0x0000000080200000,0x00000003bafd9c10,0x0000000580100000)
 Metaspace       used 13783K, capacity 14012K, committed 14336K, reserved 1062912K
  class space    used 1180K, capacity 1254K, committed 1280K, reserved 1048576K
GC Heap History (250 events):
Event: 2715.049 GC heap before
{Heap before GC invocations=694 (full 88):
 PSYoungGen      total 6989824K, used 6110478K [0x0000000580100000, 0x0000000800000000, 0x0000000800000000)
  eden space 3494912K, 99% used [0x0000000580100000,0x00000006553f21e8,0x0000000655600000)
  from space 3494912K, 74% used [0x000000072ab00000,0x00000007ca751630,0x0000000800000000)
  to   space 3494912K, 0% used [0x0000000655600000,0x0000000655600000,0x000000072ab00000)
 ParOldGen       total 20970496K, used 15366667K [0x0000000080200000, 0x0000000580100000, 0x0000000580100000)
  object space 20970496K, 73% used [0x0000000080200000,0x000000042a082e60,0x0000000580100000)
 Metaspace       used 13743K, capacity 13884K, committed 14080K, reserved 1062912K
  class space    used 1180K, capacity 1254K, committed 1280K, reserved 1048576K
Event: 2715.198 GC heap after
Heap after GC invocations=694 (full 88):
 PSYoungGen      total 6989824K, used 1753121K [0x0000000580100000, 0x0000000800000000, 0x0000000800000000)
  eden space 3494912K, 0% used [0x0000000580100000,0x0000000580100000,0x0000000655600000)
  from space 3494912K, 50% used [0x0000000655600000,0x00000006c06086b0,0x000000072ab00000)
  to   space 3494912K, 0% used [0x000000072ab00000,0x000000072ab00000,0x0000000800000000)
 ParOldGen       total 20970496K, used 16837408K [0x0000000080200000, 0x0000000580100000, 0x0000000580100000)
  object space 20970496K, 80% used [0x0000000080200000,0x0000000483cc8030,0x0000000580100000)
 Metaspace       used 13743K, capacity 13884K, committed 14080K, reserved 1062912K
  class space    used 1180K, capacity 1254K, committed 1280K, reserved 1048576K
}
Event: 2728.473 GC heap before
{Heap before GC invocations=695 (full 88):
 PSYoungGen      total 6989824K, used 5248033K [0x0000000580100000, 0x0000000800000000, 0x0000000800000000)
  eden space 3494912K, 100% used [0x0000000580100000,0x0000000655600000,0x0000000655600000)
  from space 3494912K, 50% used [0x0000000655600000,0x00000006c06086b0,0x000000072ab00000)
  to   space 3494912K, 0% used [0x000000072ab00000,0x000000072ab00000,0x0000000800000000)
 ParOldGen       total 20970496K, used 16837408K [0x0000000080200000, 0x0000000580100000, 0x0000000580100000)
  object space 20970496K, 80% used [0x0000000080200000,0x0000000483cc8030,0x0000000580100000)
 Metaspace       used 13743K, capacity 13884K, committed 14080K, reserved 1062912K
  class space    used 1180K, capacity 1254K, committed 1280K, reserved 1048576K
Event: 2728.628 GC heap after
Heap after GC invocations=695 (full 88):
 PSYoungGen      total 6989824K, used 1860291K [0x0000000580100000, 0x0000000800000000, 0x0000000800000000)
  eden space 3494912K, 0% used [0x0000000580100000,0x0000000580100000,0x0000000655600000)
  from space 3494912K, 53% used [0x000000072ab00000,0x000000079c3b0c30,0x0000000800000000)
  to   space 3494912K, 0% used [0x0000000655600000,0x0000000655600000,0x000000072ab00000)
 ParOldGen       total 20970496K, used 18590497K [0x0000000080200000, 0x0000000580100000, 0x0000000580100000)
  object space 20970496K, 88% used [0x0000000080200000,0x00000004eecc86e0,0x0000000580100000)
 Metaspace       used 13743K, capacity 13884K, committed 14080K, reserved 1062912K
  class space    used 1180K, capacity 1254K, committed 1280K, reserved 1048576K
}
Event: 2729.705 GC heap before
{Heap before GC invocations=696 (full 88):
 PSYoungGen      total 6989824K, used 5350955K [0x0000000580100000, 0x0000000800000000, 0x0000000800000000)
  eden space 3494912K, 99% used [0x0000000580100000,0x00000006551da120,0x0000000655600000)
  from space 3494912K, 53% used [0x000000072ab00000,0x000000079c3b0c30,0x0000000800000000)
  to   space 3494912K, 0% used [0x0000000655600000,0x0000000655600000,0x000000072ab00000)
 ParOldGen       total 20970496K, used 18590497K [0x0000000080200000, 0x0000000580100000, 0x0000000580100000)
  object space 20970496K, 88% used [0x0000000080200000,0x00000004eecc86e0,0x0000000580100000)
 Metaspace       used 13743K, capacity 13884K, committed 14080K, reserved 1062912K
  class space    used 1180K, capacity 1254K, committed 1280K, reserved 1048576K
Event: 2729.947 GC heap after
Heap after GC invocations=696 (full 88):
 PSYoungGen      total 6989824K, used 3465379K [0x0000000580100000, 0x0000000800000000, 0x0000000800000000)
  eden space 3494912K, 0% used [0x0000000580100000,0x0000000580100000,0x0000000655600000)
  from space 3494912K, 99% used [0x0000000655600000,0x0000000728e28e80,0x000000072ab00000)
  to   space 3494912K, 0% used [0x000000072ab00000,0x000000072ab00000,0x0000000800000000)
 ParOldGen       total 20970496K, used 20450260K [0x0000000080200000, 0x0000000580100000, 0x0000000580100000)
  object space 20970496K, 97% used [0x0000000080200000,0x00000005604f5300,0x0000000580100000)
 Metaspace       used 13743K, capacity 13884K, committed 14080K, reserved 1062912K
  class space    used 1180K, capacity 1254K, committed 1280K, reserved 1048576K
}
Event: 2729.947 GC heap before
{Heap before GC invocations=697 (full 89):
 PSYoungGen      total 6989824K, used 3465379K [0x0000000580100000, 0x0000000800000000, 0x0000000800000000)
  eden space 3494912K, 0% used [0x0000000580100000,0x0000000580100000,0x0000000655600000)
  from space 3494912K, 99% used [0x0000000655600000,0x0000000728e28e80,0x000000072ab00000)
  to   space 3494912K, 0% used [0x000000072ab00000,0x000000072ab00000,0x0000000800000000)
 ParOldGen       total 20970496K, used 20450260K [0x0000000080200000, 0x0000000580100000, 0x0000000580100000)
  object space 20970496K, 97% used [0x0000000080200000,0x00000005604f5300,0x0000000580100000)
 Metaspace       used 13743K, capacity 13884K, committed 14080K, reserved 1062912K
  class space    used 1180K, capacity 1254K, committed 1280K, reserved 1048576K
Event: 2730.592 GC heap after
Heap after GC invocations=697 (full 89):
 PSYoungGen      total 6989824K, used 0K [0x0000000580100000, 0x0000000800000000, 0x0000000800000000)
  eden space 3494912K, 0% used [0x0000000580100000,0x0000000580100000,0x0000000655600000)
  from space 3494912K, 0% used [0x0000000655600000,0x0000000655600000,0x000000072ab00000)
  to   space 3494912K, 0% used [0x000000072ab00000,0x000000072ab00000,0x0000000800000000)
 ParOldGen       total 20970496K, used 4752709K [0x0000000080200000, 0x0000000580100000, 0x0000000580100000)
  object space 20970496K, 22% used [0x0000000080200000,0x00000001a2351498,0x0000000580100000)
 Metaspace       used 13743K, capacity 13884K, committed 14080K, reserved 1062912K
  class space    used 1180K, capacity 1254K, committed 1280K, reserved 1048576K
}
Event: 2731.676 GC heap before
{Heap before GC invocations=698 (full 89):
 PSYoungGen      total 6989824K, used 3491257K [0x0000000580100000, 0x0000000800000000, 0x0000000800000000)
  eden space 3494912K, 99% used [0x0000000580100000,0x000000065526e418,0x0000000655600000)
  from space 3494912K, 0% used [0x0000000655600000,0x0000000655600000,0x000000072ab00000)
  to   space 3494912K, 0% used [0x000000072ab00000,0x000000072ab00000,0x0000000800000000)
 ParOldGen       total 20970496K, used 4752709K [0x0000000080200000, 0x0000000580100000, 0x0000000580100000)
  object space 20970496K, 22% used [0x0000000080200000,0x00000001a2351498,0x0000000580100000)
 Metaspace       used 13743K, capacity 13884K, committed 14080K, reserved 1062912K
  class space    used 1180K, capacity 1254K, committed 1280K, reserved 1048576K
Event: 2731.758 GC heap after
Heap after GC invocations=698 (full 89):
 PSYoungGen      total 6989824K, used 1798468K [0x0000000580100000, 0x0000000800000000, 0x0000000800000000)
  eden space 3494912K, 0% used [0x0000000580100000,0x0000000580100000,0x0000000655600000)
  from space 3494912K, 51% used [0x000000072ab00000,0x0000000798751310,0x0000000800000000)
  to   space 3494912K, 0% used [0x0000000655600000,0x0000000655600000,0x000000072ab00000)
 ParOldGen       total 20970496K, used 4752709K [0x0000000080200000, 0x0000000580100000, 0x0000000580100000)
  object space 20970496K, 22% used [0x0000000080200000,0x00000001a2351498,0x0000000580100000)
 Metaspace       used 13743K, capacity 13884K, committed 14080K, reserved 1062912K
  class space    used 1180K, capacity 1254K, committed 1280K, reserved 1048576K
}
Event: 2741.379 GC heap before
{Heap before GC invocations=699 (full 89):
 PSYoungGen      total 6989824K, used 5289111K [0x0000000580100000, 0x0000000800000000, 0x0000000800000000)
  eden space 3494912K, 99% used [0x0000000580100000,0x00000006551d4c18,0x0000000655600000)
  from space 3494912K, 51% used [0x000000072ab00000,0x0000000798751310,0x0000000800000000)
  to   space 3494912K, 0% used [0x0000000655600000,0x0000000655600000,0x000000072ab00000)
 ParOldGen       total 20970496K, used 4752709K [0x0000000080200000, 0x0000000580100000, 0x0000000580100000)
  object space 20970496K, 22% used [0x0000000080200000,0x00000001a2351498,0x0000000580100000)
 Metaspace       used 13743K, capacity 13884K, committed 14080K, reserved 1062912K
  class space    used 1180K, capacity 1254K, committed 1280K, reserved 1048576K
Event: 2741.571 GC heap after
Heap after GC invocations=699 (full 89):
 PSYoungGen      total 6989824K, used 1559521K [0x0000000580100000, 0x0000000800000000, 0x0000000800000000)
  eden space 3494912K, 0% used [0x0000000580100000,0x0000000580100000,0x0000000655600000)
  from space 3494912K, 44% used [0x0000000655600000,0x00000006b48f8710,0x000000072ab00000)
  to   space 3494912K, 0% used [0x000000072ab00000,0x000000072ab00000,0x0000000800000000)
 ParOldGen       total 20970496K, used 6452817K [0x0000000080200000, 0x0000000580100000, 0x0000000580100000)
  object space 20970496K, 30% used [0x0000000080200000,0x0000000209f94748,0x0000000580100000)
 Metaspace       used 13743K, capacity 13884K, committed 14080K, reserved 1062912K
  class space    used 1180K, capacity 1254K, committed 1280K, reserved 1048576K
}
Event: 2746.808 GC heap before
{Heap before GC invocations=700 (full 89):
 PSYoungGen      total 6989824K, used 5050517K [0x0000000580100000, 0x0000000800000000, 0x0000000800000000)
  eden space 3494912K, 99% used [0x0000000580100000,0x000000065522ce08,0x0000000655600000)
  from space 3494912K, 44% used [0x0000000655600000,0x00000006b48f8710,0x000000072ab00000)
  to   space 3494912K, 0% used [0x000000072ab00000,0x000000072ab00000,0x0000000800000000)
 ParOldGen       total 20970496K, used 6452817K [0x0000000080200000, 0x0000000580100000, 0x0000000580100000)
  object space 20970496K, 30% used [0x0000000080200000,0x0000000209f94748,0x0000000580100000)
 Metaspace       used 13743K, capacity 13884K, committed 14080K, reserved 1062912K
  class space    used 1180K, capacity 1254K, committed 1280K, reserved 1048576K
Event: 2747.033 GC heap after
Heap after GC invocations=700 (full 89):
 PSYoungGen      total 6989824K, used 2982244K [0x0000000580100000, 0x0000000800000000, 0x0000000800000000)
  eden space 3494912K, 0% used [0x0000000580100000,0x0000000580100000,0x0000000655600000)
  from space 3494912K, 85% used [0x000000072ab00000,0x00000007e0b59180,0x0000000800000000)
  to   space 3494912K, 0% used [0x0000000655600000,0x0000000655600000,0x000000072ab00000)
 ParOldGen       total 20970496K, used 7976659K [0x0000000080200000, 0x0000000580100000, 0x0000000580100000)
  object space 20970496K, 38% used [0x0000000080200000,0x0000000266fb4d48,0x0000000580100000)
 Metaspace       used 13743K, capacity 13884K, committed 14080K, reserved 1062912K
  class space    used 1180K, capacity 1254K, committed 1280K, reserved 1048576K
}
Event: 2747.953 GC heap before
{Heap before GC invocations=701 (full 89):
 PSYoungGen      total 6989824K, used 6475070K [0x0000000580100000, 0x0000000800000000, 0x0000000800000000)
  eden space 3494912K, 99% used [0x0000000580100000,0x00000006553f66b0,0x0000000655600000)
  from space 3494912K, 85% used [0x000000072ab00000,0x00000007e0b59180,0x0000000800000000)
  to   space 3494912K, 0% used [0x0000000655600000,0x0000000655600000,0x000000072ab00000)
 ParOldGen       total 20970496K, used 7976659K [0x0000000080200000, 0x0000000580100000, 0x0000000580100000)
  object space 20970496K, 38% used [0x0000000080200000,0x0000000266fb4d48,0x0000000580100000)
 Metaspace       used 13743K, capacity 13884K, committed 14080K, reserved 1062912K
  class space    used 1180K, capacity 1254K, committed 1280K, reserved 1048576K
Event: 2748.180 GC heap after
Heap after GC invocations=701 (full 89):
 PSYoungGen      total 6989824K, used 2666821K [0x0000000580100000, 0x0000000800000000, 0x0000000800000000)
  eden space 3494912K, 0% used [0x0000000580100000,0x0000000580100000,0x0000000655600000)
  from space 3494912K, 76% used [0x0000000655600000,0x00000006f8251660,0x000000072ab00000)
  to   space 3494912K, 0% used [0x000000072ab00000,0x000000072ab00000,0x0000000800000000)
 ParOldGen       total 20970496K, used 10147614K [0x0000000080200000, 0x0000000580100000, 0x0000000580100000)
  object space 20970496K, 48% used [0x0000000080200000,0x00000002eb7c7bb8,0x0000000580100000)
 Metaspace       used 13743K, capacity 13884K, committed 14080K, reserved 1062912K
  class space    used 1180K, capacity 1254K, committed 1280K, reserved 1048576K
}
Event: 2749.413 GC heap before
{Heap before GC invocations=702 (full 89):
 PSYoungGen      total 6989824K, used 6159108K [0x0000000580100000, 0x0000000800000000, 0x0000000800000000)
  eden space 3494912K, 99% used [0x0000000580100000,0x000000065536f9c0,0x0000000655600000)
  from space 3494912K, 76% used [0x0000000655600000,0x00000006f8251660,0x000000072ab00000)
  to   space 3494912K, 0% used [0x000000072ab00000,0x000000072ab00000,0x0000000800000000)
 ParOldGen       total 20970496K, used 10147614K [0x0000000080200000, 0x0000000580100000, 0x0000000580100000)
  object space 20970496K, 48% used [0x0000000080200000,0x00000002eb7c7bb8,0x0000000580100000)
 Metaspace       used 13743K, capacity 13884K, committed 14080K, reserved 1062912K
  class space    used 1180K, capacity 1254K, committed 1280K, reserved 1048576K
Event: 2749.568 GC heap after
Heap after GC invocations=702 (full 89):
 PSYoungGen      total 6989824K, used 1753121K [0x0000000580100000, 0x0000000800000000, 0x0000000800000000)
  eden space 3494912K, 0% used [0x0000000580100000,0x0000000580100000,0x0000000655600000)
  from space 3494912K, 50% used [0x000000072ab00000,0x0000000795b086b0,0x0000000800000000)
  to   space 3494912K, 0% used [0x0000000655600000,0x0000000655600000,0x000000072ab00000)
 ParOldGen       total 20970496K, used 11634739K [0x0000000080200000, 0x0000000580100000, 0x0000000580100000)
  object space 20970496K, 55% used [0x0000000080200000,0x000000034640cd98,0x0000000580100000)
 Metaspace       used 13743K, capacity 13884K, committed 14080K, reserved 1062912K
  class space    used 1180K, capacity 1254K, committed 1280K, reserved 1048576K
}
Event: 2762.847 GC heap before
{Heap before GC invocations=703 (full 89):
 PSYoungGen      total 6989824K, used 5248033K [0x0000000580100000, 0x0000000800000000, 0x0000000800000000)
  eden space 3494912K, 100% used [0x0000000580100000,0x0000000655600000,0x0000000655600000)
  from space 3494912K, 50% used [0x000000072ab00000,0x0000000795b086b0,0x0000000800000000)
  to   space 3494912K, 0% used [0x0000000655600000,0x0000000655600000,0x000000072ab00000)
 ParOldGen       total 20970496K, used 11634739K [0x0000000080200000, 0x0000000580100000, 0x0000000580100000)
  object space 20970496K, 55% used [0x0000000080200000,0x000000034640cd98,0x0000000580100000)
 Metaspace       used 13743K, capacity 13884K, committed 14080K, reserved 1062912K
  class space    used 1180K, capacity 1254K, committed 1280K, reserved 1048576K
Event: 2763.191 GC heap after
Heap after GC invocations=703 (full 89):
 PSYoungGen      total 6989824K, used 1745506K [0x0000000580100000, 0x0000000800000000, 0x0000000800000000)
  eden space 3494912K, 0% used [0x0000000580100000,0x0000000580100000,0x0000000655600000)
  from space 3494912K, 49% used [0x0000000655600000,0x00000006bfe98b10,0x000000072ab00000)
  to   space 3494912K, 0% used [0x000000072ab00000,0x000000072ab00000,0x0000000800000000)
 ParOldGen       total 20970496K, used 13371445K [0x0000000080200000, 0x0000000580100000, 0x0000000580100000)
  object space 20970496K, 63% used [0x0000000080200000,0x00000003b040d438,0x0000000580100000)
 Metaspace       used 13743K, capacity 13884K, committed 14080K, reserved 1062912K
  class space    used 1180K, capacity 1254K, committed 1280K, reserved 1048576K
}
Event: 2764.702 GC heap before
{Heap before GC invocations=704 (full 89):
 PSYoungGen      total 6989824K, used 5226014K [0x0000000580100000, 0x0000000800000000, 0x0000000800000000)
  eden space 3494912K, 99% used [0x0000000580100000,0x00000006547ef060,0x0000000655600000)
  from space 3494912K, 49% used [0x0000000655600000,0x00000006bfe98b10,0x000000072ab00000)
  to   space 3494912K, 0% used [0x000000072ab00000,0x000000072ab00000,0x0000000800000000)
 ParOldGen       total 20970496K, used 13371445K [0x0000000080200000, 0x0000000580100000, 0x0000000580100000)
  object space 20970496K, 63% used [0x0000000080200000,0x00000003b040d438,0x0000000580100000)
 Metaspace       used 13743K, capacity 13884K, committed 14080K, reserved 1062912K
  class space    used 1180K, capacity 1254K, committed 1280K, reserved 1048576K
Event: 2764.968 GC heap after
Heap after GC invocations=704 (full 89):
 PSYoungGen      total 6989824K, used 3448931K [0x0000000580100000, 0x0000000800000000, 0x0000000800000000)
  eden space 3494912K, 0% used [0x0000000580100000,0x0000000580100000,0x0000000655600000)
  from space 3494912K, 98% used [0x000000072ab00000,0x00000007fd318f20,0x0000000800000000)
  to   space 3494912K, 0% used [0x0000000655600000,0x0000000655600000,0x000000072ab00000)
 ParOldGen       total 20970496K, used 15116479K [0x0000000080200000, 0x0000000580100000, 0x0000000580100000)
  object space 20970496K, 72% used [0x0000000080200000,0x000000041ac2ff38,0x0000000580100000)
 Metaspace       used 13743K, capacity 13884K, committed 14080K, reserved 1062912K
  class space    used 1180K, capacity 1254K, committed 1280K, reserved 1048576K
}
Event: 2765.903 GC heap before
{Heap before GC invocations=705 (full 89):
 PSYoungGen      total 6989824K, used 6941154K [0x0000000580100000, 0x0000000800000000, 0x0000000800000000)
  eden space 3494912K, 99% used [0x0000000580100000,0x000000065535f990,0x0000000655600000)
  from space 3494912K, 98% used [0x000000072ab00000,0x00000007fd318f20,0x0000000800000000)
  to   space 3494912K, 0% used [0x0000000655600000,0x0000000655600000,0x000000072ab00000)
 ParOldGen       total 20970496K, used 15116479K [0x0000000080200000, 0x0000000580100000, 0x0000000580100000)
  object space 20970496K, 72% used [0x0000000080200000,0x000000041ac2ff38,0x0000000580100000)
 Metaspace       used 13743K, capacity 13884K, committed 14080K, reserved 1062912K
  class space    used 1180K, capacity 1254K, committed 1280K, reserved 1048576K
Event: 2766.097 GC heap after
Heap after GC invocations=705 (full 89):
 PSYoungGen      total 6989824K, used 1896772K [0x0000000580100000, 0x0000000800000000, 0x0000000800000000)
  eden space 3494912K, 0% used [0x0000000580100000,0x0000000580100000,0x0000000655600000)
  from space 3494912K, 54% used [0x0000000655600000,0x00000006c9251370,0x000000072ab00000)
  to   space 3494912K, 0% used [0x000000072ab00000,0x000000072ab00000,0x0000000800000000)
 ParOldGen       total 20970496K, used 16976098K [0x0000000080200000, 0x0000000580100000, 0x0000000580100000)
  object space 20970496K, 80% used [0x0000000080200000,0x000000048c438848,0x0000000580100000)
 Metaspace       used 13743K, capacity 13884K, committed 14080K, reserved 1062912K
  class space    used 1180K, capacity 1254K, committed 1280K, reserved 1048576K
}
Event: 2774.246 GC heap before
{Heap before GC invocations=706 (full 89):
 PSYoungGen      total 6989824K, used 5391684K [0x0000000580100000, 0x0000000800000000, 0x0000000800000000)
  eden space 3494912K, 100% used [0x0000000580100000,0x0000000655600000,0x0000000655600000)
  from space 3494912K, 54% used [0x0000000655600000,0x00000006c9251370,0x000000072ab00000)
  to   space 3494912K, 0% used [0x000000072ab00000,0x000000072ab00000,0x0000000800000000)
 ParOldGen       total 20970496K, used 16976098K [0x0000000080200000, 0x0000000580100000, 0x0000000580100000)
  object space 20970496K, 80% used [0x0000000080200000,0x000000048c438848,0x0000000580100000)
 Metaspace       used 13743K, capacity 13884K, committed 14080K, reserved 1062912K
  class space    used 1180K, capacity 1254K, committed 1280K, reserved 1048576K
Event: 2774.477 GC heap after
Heap after GC invocations=706 (full 89):
 PSYoungGen      total 6989824K, used 1891588K [0x0000000580100000, 0x0000000800000000, 0x0000000800000000)
  eden space 3494912K, 0% used [0x0000000580100000,0x0000000580100000,0x0000000655600000)
  from space 3494912K, 54% used [0x000000072ab00000,0x000000079e2411b0,0x0000000800000000)
  to   space 3494912K, 0% used [0x0000000655600000,0x0000000655600000,0x000000072ab00000)
 ParOldGen       total 20970496K, used 18577902K [0x0000000080200000, 0x0000000580100000, 0x0000000580100000)
  object space 20970496K, 88% used [0x0000000080200000,0x00000004ee07ba98,0x0000000580100000)
 Metaspace       used 13743K, capacity 13884K, committed 14080K, reserved 1062912K
  class space    used 1180K, capacity 1254K, committed 1280K, reserved 1048576K
}
Event: 2780.880 GC heap before
{Heap before GC invocations=707 (full 89):
 PSYoungGen      total 6989824K, used 5377374K [0x0000000580100000, 0x0000000800000000, 0x0000000800000000)
  eden space 3494912K, 99% used [0x0000000580100000,0x0000000654d169c8,0x0000000655600000)
  from space 3494912K, 54% used [0x000000072ab00000,0x000000079e2411b0,0x0000000800000000)
  to   space 3494912K, 0% used [0x0000000655600000,0x0000000655600000,0x000000072ab00000)
 ParOldGen       total 20970496K, used 18577902K [0x0000000080200000, 0x0000000580100000, 0x0000000580100000)
  object space 20970496K, 88% used [0x0000000080200000,0x00000004ee07ba98,0x0000000580100000)
 Metaspace       used 13743K, capacity 13884K, committed 14080K, reserved 1062912K
  class space    used 1180K, capacity 1254K, committed 1280K, reserved 1048576K
Event: 2781.113 GC heap after
Heap after GC invocations=707 (full 89):
 PSYoungGen      total 6989824K, used 2867652K [0x0000000580100000, 0x0000000800000000, 0x0000000800000000)
  eden space 3494912K, 0% used [0x0000000580100000,0x0000000580100000,0x0000000655600000)
  from space 3494912K, 82% used [0x0000000655600000,0x0000000704671110,0x000000072ab00000)
  to   space 3494912K, 0% used [0x000000072ab00000,0x000000072ab00000,0x0000000800000000)
 ParOldGen       total 20970496K, used 20200056K [0x0000000080200000, 0x0000000580100000, 0x0000000580100000)
  object space 20970496K, 96% used [0x0000000080200000,0x000000055109e0f8,0x0000000580100000)
 Metaspace       used 13743K, capacity 13884K, committed 14080K, reserved 1062912K
  class space    used 1180K, capacity 1254K, committed 1280K, reserved 1048576K
}
Event: 2781.113 GC heap before
{Heap before GC invocations=708 (full 90):
 PSYoungGen      total 6989824K, used 2867652K [0x0000000580100000, 0x0000000800000000, 0x0000000800000000)
  eden space 3494912K, 0% used [0x0000000580100000,0x0000000580100000,0x0000000655600000)
  from space 3494912K, 82% used [0x0000000655600000,0x0000000704671110,0x000000072ab00000)
  to   space 3494912K, 0% used [0x000000072ab00000,0x000000072ab00000,0x0000000800000000)
 ParOldGen       total 20970496K, used 20200056K [0x0000000080200000, 0x0000000580100000, 0x0000000580100000)
  object space 20970496K, 96% used [0x0000000080200000,0x000000055109e0f8,0x0000000580100000)
 Metaspace       used 13743K, capacity 13884K, committed 14080K, reserved 1062912K
  class space    used 1180K, capacity 1254K, committed 1280K, reserved 1048576K
Event: 2781.618 GC heap after
Heap after GC invocations=708 (full 90):
 PSYoungGen      total 6989824K, used 0K [0x0000000580100000, 0x0000000800000000, 0x0000000800000000)
  eden space 3494912K, 0% used [0x0000000580100000,0x0000000580100000,0x0000000655600000)
  from space 3494912K, 0% used [0x0000000655600000,0x0000000655600000,0x000000072ab00000)
  to   space 3494912K, 0% used [0x000000072ab00000,0x000000072ab00000,0x0000000800000000)
 ParOldGen       total 20970496K, used 2906175K [0x0000000080200000, 0x0000000580100000, 0x0000000580100000)
  object space 20970496K, 13% used [0x0000000080200000,0x000000013180fcb8,0x0000000580100000)
 Metaspace       used 13743K, capacity 13884K, committed 14080K, reserved 1062912K
  class space    used 1180K, capacity 1254K, committed 1280K, reserved 1048576K
}
Event: 2782.344 GC heap before
{Heap before GC invocations=709 (full 90):
 PSYoungGen      total 6989824K, used 3493126K [0x0000000580100000, 0x0000000800000000, 0x0000000800000000)
  eden space 3494912K, 99% used [0x0000000580100000,0x0000000655441840,0x0000000655600000)
  from space 3494912K, 0% used [0x0000000655600000,0x0000000655600000,0x000000072ab00000)
  to   space 3494912K, 0% used [0x000000072ab00000,0x000000072ab00000,0x0000000800000000)
 ParOldGen       total 20970496K, used 2906175K [0x0000000080200000, 0x0000000580100000, 0x0000000580100000)
  object space 20970496K, 13% used [0x0000000080200000,0x000000013180fcb8,0x0000000580100000)
 Metaspace       used 13743K, capacity 13884K, committed 14080K, reserved 1062912K
  class space    used 1180K, capacity 1254K, committed 1280K, reserved 1048576K
Event: 2782.462 GC heap after
Heap after GC invocations=709 (full 90):
 PSYoungGen      total 6989824K, used 2732357K [0x0000000580100000, 0x0000000800000000, 0x0000000800000000)
  eden space 3494912K, 0% used [0x0000000580100000,0x0000000580100000,0x0000000655600000)
  from space 3494912K, 78% used [0x000000072ab00000,0x00000007d17516a0,0x0000000800000000)
  to   space 3494912K, 0% used [0x0000000655600000,0x0000000655600000,0x000000072ab00000)
 ParOldGen       total 20970496K, used 2906175K [0x0000000080200000, 0x0000000580100000, 0x0000000580100000)
  object space 20970496K, 13% used [0x0000000080200000,0x000000013180fcb8,0x0000000580100000)
 Metaspace       used 13743K, capacity 13884K, committed 14080K, reserved 1062912K
  class space    used 1180K, capacity 1254K, committed 1280K, reserved 1048576K
}
Event: 2783.518 GC heap before
{Heap before GC invocations=710 (full 90):
 PSYoungGen      total 6989824K, used 6224270K [0x0000000580100000, 0x0000000800000000, 0x0000000800000000)
  eden space 3494912K, 99% used [0x0000000580100000,0x00000006553123e8,0x0000000655600000)
  from space 3494912K, 78% used [0x000000072ab00000,0x00000007d17516a0,0x0000000800000000)
  to   space 3494912K, 0% used [0x0000000655600000,0x0000000655600000,0x000000072ab00000)
 ParOldGen       total 20970496K, used 2906175K [0x0000000080200000, 0x0000000580100000, 0x0000000580100000)
  object space 20970496K, 13% used [0x0000000080200000,0x000000013180fcb8,0x0000000580100000)
 Metaspace       used 13743K, capacity 13884K, committed 14080K, reserved 1062912K
  class space    used 1180K, capacity 1254K, committed 1280K, reserved 1048576K
Event: 2783.673 GC heap after
Heap after GC invocations=710 (full 90):
 PSYoungGen      total 6989824K, used 1753121K [0x0000000580100000, 0x0000000800000000, 0x0000000800000000)
  eden space 3494912K, 0% used [0x0000000580100000,0x0000000580100000,0x0000000655600000)
  from space 3494912K, 50% used [0x0000000655600000,0x00000006c06086b0,0x000000072ab00000)
  to   space 3494912K, 0% used [0x000000072ab00000,0x000000072ab00000,0x0000000800000000)
 ParOldGen       total 20970496K, used 4376915K [0x0000000080200000, 0x0000000580100000, 0x0000000580100000)
  object space 20970496K, 20% used [0x0000000080200000,0x000000018b454e88,0x0000000580100000)
 Metaspace       used 13743K, capacity 13884K, committed 14080K, reserved 1062912K
  class space    used 1180K, capacity 1254K, committed 1280K, reserved 1048576K
}
Event: 2797.422 GC heap before
{Heap before GC invocations=711 (full 90):
 PSYoungGen      total 6989824K, used 5248033K [0x0000000580100000, 0x0000000800000000, 0x0000000800000000)
  eden space 3494912K, 100% used [0x0000000580100000,0x0000000655600000,0x0000000655600000)
  from space 3494912K, 50% used [0x0000000655600000,0x00000006c06086b0,0x000000072ab00000)
  to   space 3494912K, 0% used [0x000000072ab00000,0x000000072ab00000,0x0000000800000000)
 ParOldGen       total 20970496K, used 4376915K [0x0000000080200000, 0x0000000580100000, 0x0000000580100000)
  object space 20970496K, 20% used [0x0000000080200000,0x000000018b454e88,0x0000000580100000)
 Metaspace       used 13745K, capacity 13884K, committed 14080K, reserved 1062912K
  class space    used 1180K, capacity 1254K, committed 1280K, reserved 1048576K
Event: 2797.789 GC heap after
Heap after GC invocations=711 (full 90):
 PSYoungGen      total 6989824K, used 1983363K [0x0000000580100000, 0x0000000800000000, 0x0000000800000000)
  eden space 3494912K, 0% used [0x0000000580100000,0x0000000580100000,0x0000000655600000)
  from space 3494912K, 56% used [0x000000072ab00000,0x00000007a3be0cb0,0x0000000800000000)
  to   space 3494912K, 0% used [0x0000000655600000,0x0000000655600000,0x000000072ab00000)
 ParOldGen       total 20970496K, used 6130005K [0x0000000080200000, 0x0000000580100000, 0x0000000580100000)
  object space 20970496K, 29% used [0x0000000080200000,0x00000001f6455538,0x0000000580100000)
 Metaspace       used 13745K, capacity 13884K, committed 14080K, reserved 1062912K
  class space    used 1180K, capacity 1254K, committed 1280K, reserved 1048576K
}
Event: 2799.098 GC heap before
{Heap before GC invocations=712 (full 90):
 PSYoungGen      total 6989824K, used 5468144K [0x0000000580100000, 0x0000000800000000, 0x0000000800000000)
  eden space 3494912K, 99% used [0x0000000580100000,0x0000000654c1b720,0x0000000655600000)
  from space 3494912K, 56% used [0x000000072ab00000,0x00000007a3be0cb0,0x0000000800000000)
  to   space 3494912K, 0% used [0x0000000655600000,0x0000000655600000,0x000000072ab00000)
 ParOldGen       total 20970496K, used 6130005K [0x0000000080200000, 0x0000000580100000, 0x0000000580100000)
  object space 20970496K, 29% used [0x0000000080200000,0x00000001f6455538,0x0000000580100000)
 Metaspace       used 13745K, capacity 13884K, committed 14080K, reserved 1062912K
  class space    used 1180K, capacity 1254K, committed 1280K, reserved 1048576K
Event: 2799.406 GC heap after
Heap after GC invocations=712 (full 90):
 PSYoungGen      total 6989824K, used 3457123K [0x0000000580100000, 0x0000000800000000, 0x0000000800000000)
  eden space 3494912K, 0% used [0x0000000580100000,0x0000000580100000,0x0000000655600000)
  from space 3494912K, 98% used [0x0000000655600000,0x0000000728618e70,0x000000072ab00000)
  to   space 3494912K, 0% used [0x000000072ab00000,0x000000072ab00000,0x0000000800000000)
 ParOldGen       total 20970496K, used 8112680K [0x0000000080200000, 0x0000000580100000, 0x0000000580100000)
  object space 20970496K, 38% used [0x0000000080200000,0x000000026f48a1d8,0x0000000580100000)
 Metaspace       used 13745K, capacity 13884K, committed 14080K, reserved 1062912K
  class space    used 1180K, capacity 1254K, committed 1280K, reserved 1048576K
}
Event: 2800.525 GC heap before
{Heap before GC invocations=713 (full 90):
 PSYoungGen      total 6989824K, used 6949304K [0x0000000580100000, 0x0000000800000000, 0x0000000800000000)
  eden space 3494912K, 99% used [0x0000000580100000,0x0000000655355550,0x0000000655600000)
  from space 3494912K, 98% used [0x0000000655600000,0x0000000728618e70,0x000000072ab00000)
  to   space 3494912K, 0% used [0x000000072ab00000,0x000000072ab00000,0x0000000800000000)
 ParOldGen       total 20970496K, used 8112680K [0x0000000080200000, 0x0000000580100000, 0x0000000580100000)
  object space 20970496K, 38% used [0x0000000080200000,0x000000026f48a1d8,0x0000000580100000)
 Metaspace       used 13745K, capacity 13884K, committed 14080K, reserved 1062912K
  class space    used 1180K, capacity 1254K, committed 1280K, reserved 1048576K
Event: 2800.713 GC heap after
Heap after GC invocations=713 (full 90):
 PSYoungGen      total 6989824K, used 1798468K [0x0000000580100000, 0x0000000800000000, 0x0000000800000000)
  eden space 3494912K, 0% used [0x0000000580100000,0x0000000580100000,0x0000000655600000)
  from space 3494912K, 51% used [0x000000072ab00000,0x0000000798751310,0x0000000800000000)
  to   space 3494912K, 0% used [0x0000000655600000,0x0000000655600000,0x000000072ab00000)
 ParOldGen       total 20970496K, used 9882178K [0x0000000080200000, 0x0000000580100000, 0x0000000580100000)
  object space 20970496K, 47% used [0x0000000080200000,0x00000002db4909d8,0x0000000580100000)
 Metaspace       used 13745K, capacity 13884K, committed 14080K, reserved 1062912K
  class space    used 1180K, capacity 1254K, committed 1280K, reserved 1048576K
}
Event: 2810.758 GC heap before
{Heap before GC invocations=714 (full 90):
 PSYoungGen      total 6989824K, used 5281466K [0x0000000580100000, 0x0000000800000000, 0x0000000800000000)
  eden space 3494912K, 99% used [0x0000000580100000,0x0000000654a5d548,0x0000000655600000)
  from space 3494912K, 51% used [0x000000072ab00000,0x0000000798751310,0x0000000800000000)
  to   space 3494912K, 0% used [0x0000000655600000,0x0000000655600000,0x000000072ab00000)
 ParOldGen       total 20970496K, used 9882178K [0x0000000080200000, 0x0000000580100000, 0x0000000580100000)
  object space 20970496K, 47% used [0x0000000080200000,0x00000002db4909d8,0x0000000580100000)
 Metaspace       used 13745K, capacity 13884K, committed 14080K, reserved 1062912K
  class space    used 1180K, capacity 1254K, committed 1280K, reserved 1048576K
Event: 2810.920 GC heap after
Heap after GC invocations=714 (full 90):
 PSYoungGen      total 6989824K, used 1579009K [0x0000000580100000, 0x0000000800000000, 0x0000000800000000)
  eden space 3494912K, 0% used [0x0000000580100000,0x0000000580100000,0x0000000655600000)
  from space 3494912K, 45% used [0x0000000655600000,0x00000006b5c00450,0x000000072ab00000)
  to   space 3494912K, 0% used [0x000000072ab00000,0x000000072ab00000,0x0000000800000000)
 ParOldGen       total 20970496K, used 11582287K [0x0000000080200000, 0x0000000580100000, 0x0000000580100000)
  object space 20970496K, 55% used [0x0000000080200000,0x00000003430d3c88,0x0000000580100000)
 Metaspace       used 13745K, capacity 13884K, committed 14080K, reserved 1062912K
  class space    used 1180K, capacity 1254K, committed 1280K, reserved 1048576K
}
Event: 2816.030 GC heap before
{Heap before GC invocations=715 (full 90):
 PSYoungGen      total 6989824K, used 5057843K [0x0000000580100000, 0x0000000800000000, 0x0000000800000000)
  eden space 3494912K, 99% used [0x0000000580100000,0x000000065464c7f0,0x0000000655600000)
  from space 3494912K, 45% used [0x0000000655600000,0x00000006b5c00450,0x000000072ab00000)
  to   space 3494912K, 0% used [0x000000072ab00000,0x000000072ab00000,0x0000000800000000)
 ParOldGen       total 20970496K, used 11582287K [0x0000000080200000, 0x0000000580100000, 0x0000000580100000)
  object space 20970496K, 55% used [0x0000000080200000,0x00000003430d3c88,0x0000000580100000)
 Metaspace       used 13745K, capacity 13884K, committed 14080K, reserved 1062912K
  class space    used 1180K, capacity 1254K, committed 1280K, reserved 1048576K
Event: 2816.365 GC heap after
Heap after GC invocations=715 (full 90):
 PSYoungGen      total 6989824K, used 3015044K [0x0000000580100000, 0x0000000800000000, 0x0000000800000000)
  eden space 3494912K, 0% used [0x0000000580100000,0x0000000580100000,0x0000000655600000)
  from space 3494912K, 86% used [0x000000072ab00000,0x00000007e2b611a0,0x0000000800000000)
  to   space 3494912K, 0% used [0x0000000655600000,0x0000000655600000,0x000000072ab00000)
 ParOldGen       total 20970496K, used 13106136K [0x0000000080200000, 0x0000000580100000, 0x0000000580100000)
  object space 20970496K, 62% used [0x0000000080200000,0x00000003a00f6288,0x0000000580100000)
 Metaspace       used 13745K, capacity 13884K, committed 14080K, reserved 1062912K
  class space    used 1180K, capacity 1254K, committed 1280K, reserved 1048576K
}
Event: 2817.532 GC heap before
{Heap before GC invocations=716 (full 90):
 PSYoungGen      total 6989824K, used 6509350K [0x0000000580100000, 0x0000000800000000, 0x0000000800000000)
  eden space 3494912K, 99% used [0x0000000580100000,0x0000000655568810,0x0000000655600000)
  from space 3494912K, 86% used [0x000000072ab00000,0x00000007e2b611a0,0x0000000800000000)
  to   space 3494912K, 0% used [0x0000000655600000,0x0000000655600000,0x000000072ab00000)
 ParOldGen       total 20970496K, used 13106136K [0x0000000080200000, 0x0000000580100000, 0x0000000580100000)
  object space 20970496K, 62% used [0x0000000080200000,0x00000003a00f6288,0x0000000580100000)
 Metaspace       used 13745K, capacity 13884K, committed 14080K, reserved 1062912K
  class space    used 1180K, capacity 1254K, committed 1280K, reserved 1048576K
Event: 2817.833 GC heap after
Heap after GC invocations=716 (full 90):
 PSYoungGen      total 6989824K, used 2650437K [0x0000000580100000, 0x0000000800000000, 0x0000000800000000)
  eden space 3494912K, 0% used [0x0000000580100000,0x0000000580100000,0x0000000655600000)
  from space 3494912K, 75% used [0x0000000655600000,0x00000006f7251650,0x000000072ab00000)
  to   space 3494912K, 0% used [0x000000072ab00000,0x000000072ab00000,0x0000000800000000)
 ParOldGen       total 20970496K, used 15301676K [0x0000000080200000, 0x0000000580100000, 0x0000000580100000)
  object space 20970496K, 72% used [0x0000000080200000,0x000000042610b118,0x0000000580100000)
 Metaspace       used 13745K, capacity 13884K, committed 14080K, reserved 1062912K
  class space    used 1180K, capacity 1254K, committed 1280K, reserved 1048576K
}
Event: 2818.946 GC heap before
{Heap before GC invocations=717 (full 90):
 PSYoungGen      total 6989824K, used 6143205K [0x0000000580100000, 0x0000000800000000, 0x0000000800000000)
  eden space 3494912K, 99% used [0x0000000580100000,0x00000006553e7e30,0x0000000655600000)
  from space 3494912K, 75% used [0x0000000655600000,0x00000006f7251650,0x000000072ab00000)
  to   space 3494912K, 0% used [0x000000072ab00000,0x000000072ab00000,0x0000000800000000)
 ParOldGen       total 20970496K, used 15301676K [0x0000000080200000, 0x0000000580100000, 0x0000000580100000)
  object space 20970496K, 72% used [0x0000000080200000,0x000000042610b118,0x0000000580100000)
 Metaspace       used 13745K, capacity 13884K, committed 14080K, reserved 1062912K
  class space    used 1180K, capacity 1254K, committed 1280K, reserved 1048576K
Event: 2819.160 GC heap after
Heap after GC invocations=717 (full 90):
 PSYoungGen      total 6989824K, used 1753121K [0x0000000580100000, 0x0000000800000000, 0x0000000800000000)
  eden space 3494912K, 0% used [0x0000000580100000,0x0000000580100000,0x0000000655600000)
  from space 3494912K, 50% used [0x000000072ab00000,0x0000000795b086b0,0x0000000800000000)
  to   space 3494912K, 0% used [0x0000000655600000,0x0000000655600000,0x000000072ab00000)
 ParOldGen       total 20970496K, used 16788792K [0x0000000080200000, 0x0000000580100000, 0x0000000580100000)
  object space 20970496K, 80% used [0x0000000080200000,0x0000000480d4e2f8,0x0000000580100000)
 Metaspace       used 13745K, capacity 13884K, committed 14080K, reserved 1062912K
  class space    used 1180K, capacity 1254K, committed 1280K, reserved 1048576K
}
Event: 2833.332 GC heap before
{Heap before GC invocations=718 (full 90):
 PSYoungGen      total 6989824K, used 5248033K [0x0000000580100000, 0x0000000800000000, 0x0000000800000000)
  eden space 3494912K, 100% used [0x0000000580100000,0x0000000655600000,0x0000000655600000)
  from space 3494912K, 50% used [0x000000072ab00000,0x0000000795b086b0,0x0000000800000000)
  to   space 3494912K, 0% used [0x0000000655600000,0x0000000655600000,0x000000072ab00000)
 ParOldGen       total 20970496K, used 16788792K [0x0000000080200000, 0x0000000580100000, 0x0000000580100000)
  object space 20970496K, 80% used [0x0000000080200000,0x0000000480d4e2f8,0x0000000580100000)
 Metaspace       used 13745K, capacity 13884K, committed 14080K, reserved 1062912K
  class space    used 1180K, capacity 1254K, committed 1280K, reserved 1048576K
Event: 2833.554 GC heap after
Heap after GC invocations=718 (full 90):
 PSYoungGen      total 6989824K, used 1811458K [0x0000000580100000, 0x0000000800000000, 0x0000000800000000)
  eden space 3494912K, 0% used [0x0000000580100000,0x0000000580100000,0x0000000655600000)
  from space 3494912K, 51% used [0x0000000655600000,0x00000006c3f00ba0,0x000000072ab00000)
  to   space 3494912K, 0% used [0x000000072ab00000,0x000000072ab00000,0x0000000800000000)
 ParOldGen       total 20970496K, used 18525498K [0x0000000080200000, 0x0000000580100000, 0x0000000580100000)
  object space 20970496K, 88% used [0x0000000080200000,0x00000004ead4e998,0x0000000580100000)
 Metaspace       used 13745K, capacity 13884K, committed 14080K, reserved 1062912K
  class space    used 1180K, capacity 1254K, committed 1280K, reserved 1048576K
}
Event: 2834.842 GC heap before
{Heap before GC invocations=719 (full 90):
 PSYoungGen      total 6989824K, used 5294645K [0x0000000580100000, 0x0000000800000000, 0x0000000800000000)
  eden space 3494912K, 99% used [0x0000000580100000,0x0000000654a8cc30,0x0000000655600000)
  from space 3494912K, 51% used [0x0000000655600000,0x00000006c3f00ba0,0x000000072ab00000)
  to   space 3494912K, 0% used [0x000000072ab00000,0x000000072ab00000,0x0000000800000000)
 ParOldGen       total 20970496K, used 18525498K [0x0000000080200000, 0x0000000580100000, 0x0000000580100000)
  object space 20970496K, 88% used [0x0000000080200000,0x00000004ead4e998,0x0000000580100000)
 Metaspace       used 13745K, capacity 13884K, committed 14080K, reserved 1062912K
  class space    used 1180K, capacity 1254K, committed 1280K, reserved 1048576K
Event: 2835.139 GC heap after
Heap after GC invocations=719 (full 90):
 PSYoungGen      total 6989824K, used 3448995K [0x0000000580100000, 0x0000000800000000, 0x0000000800000000)
  eden space 3494912K, 0% used [0x0000000580100000,0x0000000580100000,0x0000000655600000)
  from space 3494912K, 98% used [0x000000072ab00000,0x00000007fd328ed0,0x0000000800000000)
  to   space 3494912K, 0% used [0x0000000655600000,0x0000000655600000,0x000000072ab00000)
 ParOldGen       total 20970496K, used 20336093K [0x0000000080200000, 0x0000000580100000, 0x0000000580100000)
  object space 20970496K, 96% used [0x0000000080200000,0x0000000559577528,0x0000000580100000)
 Metaspace       used 13745K, capacity 13884K, committed 14080K, reserved 1062912K
  class space    used 1180K, capacity 1254K, committed 1280K, reserved 1048576K
}
Event: 2835.139 GC heap before
{Heap before GC invocations=720 (full 91):
 PSYoungGen      total 6989824K, used 3448995K [0x0000000580100000, 0x0000000800000000, 0x0000000800000000)
  eden space 3494912K, 0% used [0x0000000580100000,0x0000000580100000,0x0000000655600000)
  from space 3494912K, 98% used [0x000000072ab00000,0x00000007fd328ed0,0x0000000800000000)
  to   space 3494912K, 0% used [0x0000000655600000,0x0000000655600000,0x000000072ab00000)
 ParOldGen       total 20970496K, used 20336093K [0x0000000080200000, 0x0000000580100000, 0x0000000580100000)
  object space 20970496K, 96% used [0x0000000080200000,0x0000000559577528,0x0000000580100000)
 Metaspace       used 13745K, capacity 13884K, committed 14080K, reserved 1062912K
  class space    used 1180K, capacity 1254K, committed 1280K, reserved 1048576K
Event: 2835.775 GC heap after
Heap after GC invocations=720 (full 91):
 PSYoungGen      total 6989824K, used 0K [0x0000000580100000, 0x0000000800000000, 0x0000000800000000)
  eden space 3494912K, 0% used [0x0000000580100000,0x0000000580100000,0x0000000655600000)
  from space 3494912K, 0% used [0x000000072ab00000,0x000000072ab00000,0x0000000800000000)
  to   space 3494912K, 0% used [0x0000000655600000,0x0000000655600000,0x000000072ab00000)
 ParOldGen       total 20970496K, used 4638631K [0x0000000080200000, 0x0000000580100000, 0x0000000580100000)
  object space 20970496K, 22% used [0x0000000080200000,0x000000019b3e9e30,0x0000000580100000)
 Metaspace       used 13745K, capacity 13884K, committed 14080K, reserved 1062912K
  class space    used 1180K, capacity 1254K, committed 1280K, reserved 1048576K
}
Event: 2836.813 GC heap before
{Heap before GC invocations=721 (full 91):
 PSYoungGen      total 6989824K, used 3492655K [0x0000000580100000, 0x0000000800000000, 0x0000000800000000)
  eden space 3494912K, 99% used [0x0000000580100000,0x00000006553cbda0,0x0000000655600000)
  from space 3494912K, 0% used [0x000000072ab00000,0x000000072ab00000,0x0000000800000000)
  to   space 3494912K, 0% used [0x0000000655600000,0x0000000655600000,0x000000072ab00000)
 ParOldGen       total 20970496K, used 4638631K [0x0000000080200000, 0x0000000580100000, 0x0000000580100000)
  object space 20970496K, 22% used [0x0000000080200000,0x000000019b3e9e30,0x0000000580100000)
 Metaspace       used 13745K, capacity 13884K, committed 14080K, reserved 1062912K
  class space    used 1180K, capacity 1254K, committed 1280K, reserved 1048576K
Event: 2836.887 GC heap after
Heap after GC invocations=721 (full 91):
 PSYoungGen      total 6989824K, used 1847620K [0x0000000580100000, 0x0000000800000000, 0x0000000800000000)
  eden space 3494912K, 0% used [0x0000000580100000,0x0000000580100000,0x0000000655600000)
  from space 3494912K, 52% used [0x0000000655600000,0x00000006c6251340,0x000000072ab00000)
  to   space 3494912K, 0% used [0x000000072ab00000,0x000000072ab00000,0x0000000800000000)
 ParOldGen       total 20970496K, used 4638631K [0x0000000080200000, 0x0000000580100000, 0x0000000580100000)
  object space 20970496K, 22% used [0x0000000080200000,0x000000019b3e9e30,0x0000000580100000)
 Metaspace       used 13745K, capacity 13884K, committed 14080K, reserved 1062912K
  class space    used 1180K, capacity 1254K, committed 1280K, reserved 1048576K
}
Event: 2845.475 GC heap before
{Heap before GC invocations=722 (full 91):
 PSYoungGen      total 6989824K, used 5342532K [0x0000000580100000, 0x0000000800000000, 0x0000000800000000)
  eden space 3494912K, 100% used [0x0000000580100000,0x0000000655600000,0x0000000655600000)
  from space 3494912K, 52% used [0x0000000655600000,0x00000006c6251340,0x000000072ab00000)
  to   space 3494912K, 0% used [0x000000072ab00000,0x000000072ab00000,0x0000000800000000)
 ParOldGen       total 20970496K, used 4638631K [0x0000000080200000, 0x0000000580100000, 0x0000000580100000)
  object space 20970496K, 22% used [0x0000000080200000,0x000000019b3e9e30,0x0000000580100000)
 Metaspace       used 13745K, capacity 13884K, committed 14080K, reserved 1062912K
  class space    used 1180K, capacity 1254K, committed 1280K, reserved 1048576K
Event: 2845.742 GC heap after
Heap after GC invocations=722 (full 91):
 PSYoungGen      total 6989824K, used 1974286K [0x0000000580100000, 0x0000000800000000, 0x0000000800000000)
  eden space 3494912K, 0% used [0x0000000580100000,0x0000000580100000,0x0000000655600000)
  from space 3494912K, 56% used [0x000000072ab00000,0x00000007a3303a20,0x0000000800000000)
  to   space 3494912K, 0% used [0x0000000655600000,0x0000000655600000,0x000000072ab00000)
 ParOldGen       total 20970496K, used 6289588K [0x0000000080200000, 0x0000000580100000, 0x0000000580100000)
  object space 20970496K, 29% used [0x0000000080200000,0x000000020002d0b0,0x0000000580100000)
 Metaspace       used 13745K, capacity 13884K, committed 14080K, reserved 1062912K
  class space    used 1180K, capacity 1254K, committed 1280K, reserved 1048576K
}
Event: 2851.750 GC heap before
{Heap before GC invocations=723 (full 91):
 PSYoungGen      total 6989824K, used 5458519K [0x0000000580100000, 0x0000000800000000, 0x0000000800000000)
  eden space 3494912K, 99% used [0x0000000580100000,0x0000000654b923e8,0x0000000655600000)
  from space 3494912K, 56% used [0x000000072ab00000,0x00000007a3303a20,0x0000000800000000)
  to   space 3494912K, 0% used [0x0000000655600000,0x0000000655600000,0x000000072ab00000)
 ParOldGen       total 20970496K, used 6289588K [0x0000000080200000, 0x0000000580100000, 0x0000000580100000)
  object space 20970496K, 29% used [0x0000000080200000,0x000000020002d0b0,0x0000000580100000)
 Metaspace       used 13755K, capacity 13948K, committed 14080K, reserved 1062912K
  class space    used 1180K, capacity 1254K, committed 1280K, reserved 1048576K
Event: 2852.083 GC heap after
Heap after GC invocations=723 (full 91):
 PSYoungGen      total 6989824K, used 3227940K [0x0000000580100000, 0x0000000800000000, 0x0000000800000000)
  eden space 3494912K, 0% used [0x0000000580100000,0x0000000580100000,0x0000000655600000)
  from space 3494912K, 92% used [0x0000000655600000,0x000000071a649270,0x000000072ab00000)
  to   space 3494912K, 0% used [0x000000072ab00000,0x000000072ab00000,0x0000000800000000)
 ParOldGen       total 20970496K, used 7862597K [0x0000000080200000, 0x0000000580100000, 0x0000000580100000)
  object space 20970496K, 37% used [0x0000000080200000,0x00000002600516e0,0x0000000580100000)
 Metaspace       used 13755K, capacity 13948K, committed 14080K, reserved 1062912K
  class space    used 1180K, capacity 1254K, committed 1280K, reserved 1048576K
}
Event: 2852.910 GC heap before
{Heap before GC invocations=724 (full 91):
 PSYoungGen      total 6989824K, used 6720464K [0x0000000580100000, 0x0000000800000000, 0x0000000800000000)
  eden space 3494912K, 99% used [0x0000000580100000,0x00000006553aaec0,0x0000000655600000)
  from space 3494912K, 92% used [0x0000000655600000,0x000000071a649270,0x000000072ab00000)
  to   space 3494912K, 0% used [0x000000072ab00000,0x000000072ab00000,0x0000000800000000)
 ParOldGen       total 20970496K, used 7862597K [0x0000000080200000, 0x0000000580100000, 0x0000000580100000)
  object space 20970496K, 37% used [0x0000000080200000,0x00000002600516e0,0x0000000580100000)
 Metaspace       used 13755K, capacity 13948K, committed 14080K, reserved 1062912K
  class space    used 1180K, capacity 1254K, committed 1280K, reserved 1048576K
Event: 2853.229 GC heap after
Heap after GC invocations=724 (full 91):
 PSYoungGen      total 6989824K, used 2552133K [0x0000000580100000, 0x0000000800000000, 0x0000000800000000)
  eden space 3494912K, 0% used [0x0000000580100000,0x0000000580100000,0x0000000655600000)
  from space 3494912K, 73% used [0x000000072ab00000,0x00000007c67515f0,0x0000000800000000)
  to   space 3494912K, 0% used [0x0000000655600000,0x0000000655600000,0x000000072ab00000)
 ParOldGen       total 20970496K, used 10156473K [0x0000000080200000, 0x0000000580100000, 0x0000000580100000)
  object space 20970496K, 48% used [0x0000000080200000,0x00000002ec06e5c0,0x0000000580100000)
 Metaspace       used 13755K, capacity 13948K, committed 14080K, reserved 1062912K
  class space    used 1180K, capacity 1254K, committed 1280K, reserved 1048576K
}
Event: 2854.303 GC heap before
{Heap before GC invocations=725 (full 91):
 PSYoungGen      total 6989824K, used 6044321K [0x0000000580100000, 0x0000000800000000, 0x0000000800000000)
  eden space 3494912K, 99% used [0x0000000580100000,0x0000000655357130,0x0000000655600000)
  from space 3494912K, 73% used [0x000000072ab00000,0x00000007c67515f0,0x0000000800000000)
  to   space 3494912K, 0% used [0x0000000655600000,0x0000000655600000,0x000000072ab00000)
 ParOldGen       total 20970496K, used 10156473K [0x0000000080200000, 0x0000000580100000, 0x0000000580100000)
  object space 20970496K, 48% used [0x0000000080200000,0x00000002ec06e5c0,0x0000000580100000)
 Metaspace       used 13755K, capacity 13948K, committed 14080K, reserved 1062912K
  class space    used 1180K, capacity 1254K, committed 1280K, reserved 1048576K
Event: 2854.541 GC heap after
Heap after GC invocations=725 (full 91):
 PSYoungGen      total 6989824K, used 1753121K [0x0000000580100000, 0x0000000800000000, 0x0000000800000000)
  eden space 3494912K, 0% used [0x0000000580100000,0x0000000580100000,0x0000000655600000)
  from space 3494912K, 50% used [0x0000000655600000,0x00000006c06086b0,0x000000072ab00000)
  to   space 3494912K, 0% used [0x000000072ab00000,0x000000072ab00000,0x0000000800000000)
 ParOldGen       total 20970496K, used 11627213K [0x0000000080200000, 0x0000000580100000, 0x0000000580100000)
  object space 20970496K, 55% used [0x0000000080200000,0x0000000345cb3790,0x0000000580100000)
 Metaspace       used 13755K, capacity 13948K, committed 14080K, reserved 1062912K
  class space    used 1180K, capacity 1254K, committed 1280K, reserved 1048576K
}
Event: 2868.603 GC heap before
{Heap before GC invocations=726 (full 91):
 PSYoungGen      total 6989824K, used 5246141K [0x0000000580100000, 0x0000000800000000, 0x0000000800000000)
  eden space 3494912K, 99% used [0x0000000580100000,0x0000000655427130,0x0000000655600000)
  from space 3494912K, 50% used [0x0000000655600000,0x00000006c06086b0,0x000000072ab00000)
  to   space 3494912K, 0% used [0x000000072ab00000,0x000000072ab00000,0x0000000800000000)
 ParOldGen       total 20970496K, used 11627213K [0x0000000080200000, 0x0000000580100000, 0x0000000580100000)
  object space 20970496K, 55% used [0x0000000080200000,0x0000000345cb3790,0x0000000580100000)
 Metaspace       used 13755K, capacity 13948K, committed 14080K, reserved 1062912K
  class space    used 1180K, capacity 1254K, committed 1280K, reserved 1048576K
Event: 2868.852 GC heap after
Heap after GC invocations=726 (full 91):
 PSYoungGen      total 6989824K, used 2162979K [0x0000000580100000, 0x0000000800000000, 0x0000000800000000)
  eden space 3494912K, 0% used [0x0000000580100000,0x0000000580100000,0x0000000655600000)
  from space 3494912K, 61% used [0x000000072ab00000,0x00000007aeb48e90,0x0000000800000000)
  to   space 3494912K, 0% used [0x0000000655600000,0x0000000655600000,0x000000072ab00000)
 ParOldGen       total 20970496K, used 13380303K [0x0000000080200000, 0x0000000580100000, 0x0000000580100000)
  object space 20970496K, 63% used [0x0000000080200000,0x00000003b0cb3e40,0x0000000580100000)
 Metaspace       used 13755K, capacity 13948K, committed 14080K, reserved 1062912K
  class space    used 1180K, capacity 1254K, committed 1280K, reserved 1048576K
}
Event: 2869.953 GC heap before
{Heap before GC invocations=727 (full 91):
 PSYoungGen      total 6989824K, used 5656509K [0x0000000580100000, 0x0000000800000000, 0x0000000800000000)
  eden space 3494912K, 99% used [0x0000000580100000,0x00000006554a6580,0x0000000655600000)
  from space 3494912K, 61% used [0x000000072ab00000,0x00000007aeb48e90,0x0000000800000000)
  to   space 3494912K, 0% used [0x0000000655600000,0x0000000655600000,0x000000072ab00000)
 ParOldGen       total 20970496K, used 13380303K [0x0000000080200000, 0x0000000580100000, 0x0000000580100000)
  object space 20970496K, 63% used [0x0000000080200000,0x00000003b0cb3e40,0x0000000580100000)
 Metaspace       used 13755K, capacity 13948K, committed 14080K, reserved 1062912K
  class space    used 1180K, capacity 1254K, committed 1280K, reserved 1048576K
Event: 2870.235 GC heap after
Heap after GC invocations=727 (full 91):
 PSYoungGen      total 6989824K, used 3223878K [0x0000000580100000, 0x0000000800000000, 0x0000000800000000)
  eden space 3494912K, 0% used [0x0000000580100000,0x0000000580100000,0x0000000655600000)
  from space 3494912K, 92% used [0x0000000655600000,0x000000071a251880,0x000000072ab00000)
  to   space 3494912K, 0% used [0x000000072ab00000,0x000000072ab00000,0x0000000800000000)
 ParOldGen       total 20970496K, used 15510363K [0x0000000080200000, 0x0000000580100000, 0x0000000580100000)
  object space 20970496K, 73% used [0x0000000080200000,0x0000000432cd6cb0,0x0000000580100000)
 Metaspace       used 13755K, capacity 13948K, committed 14080K, reserved 1062912K
  class space    used 1180K, capacity 1254K, committed 1280K, reserved 1048576K
}
Event: 2871.242 GC heap before
{Heap before GC invocations=728 (full 91):
 PSYoungGen      total 6989824K, used 6716393K [0x0000000580100000, 0x0000000800000000, 0x0000000800000000)
  eden space 3494912K, 99% used [0x0000000580100000,0x00000006553a8c98,0x0000000655600000)
  from space 3494912K, 92% used [0x0000000655600000,0x000000071a251880,0x000000072ab00000)
  to   space 3494912K, 0% used [0x000000072ab00000,0x000000072ab00000,0x0000000800000000)
 ParOldGen       total 20970496K, used 15510363K [0x0000000080200000, 0x0000000580100000, 0x0000000580100000)
  object space 20970496K, 73% used [0x0000000080200000,0x0000000432cd6cb0,0x0000000580100000)
 Metaspace       used 13755K, capacity 13948K, committed 14080K, reserved 1062912K
  class space    used 1180K, capacity 1254K, committed 1280K, reserved 1048576K
Event: 2871.452 GC heap after
Heap after GC invocations=728 (full 91):
 PSYoungGen      total 6989824K, used 1753121K [0x0000000580100000, 0x0000000800000000, 0x0000000800000000)
  eden space 3494912K, 0% used [0x0000000580100000,0x0000000580100000,0x0000000655600000)
  from space 3494912K, 50% used [0x000000072ab00000,0x0000000795b086b0,0x0000000800000000)
  to   space 3494912K, 0% used [0x0000000655600000,0x0000000655600000,0x000000072ab00000)
 ParOldGen       total 20970496K, used 16997487K [0x0000000080200000, 0x0000000580100000, 0x0000000580100000)
  object space 20970496K, 81% used [0x0000000080200000,0x000000048d91be90,0x0000000580100000)
 Metaspace       used 13755K, capacity 13948K, committed 14080K, reserved 1062912K
  class space    used 1180K, capacity 1254K, committed 1280K, reserved 1048576K
}
Event: 2883.342 GC heap before
{Heap before GC invocations=729 (full 91):
 PSYoungGen      total 6989824K, used 5248033K [0x0000000580100000, 0x0000000800000000, 0x0000000800000000)
  eden space 3494912K, 100% used [0x0000000580100000,0x0000000655600000,0x0000000655600000)
  from space 3494912K, 50% used [0x000000072ab00000,0x0000000795b086b0,0x0000000800000000)
  to   space 3494912K, 0% used [0x0000000655600000,0x0000000655600000,0x000000072ab00000)
 ParOldGen       total 20970496K, used 16997487K [0x0000000080200000, 0x0000000580100000, 0x0000000580100000)
  object space 20970496K, 81% used [0x0000000080200000,0x000000048d91be90,0x0000000580100000)
 Metaspace       used 13755K, capacity 13948K, committed 14080K, reserved 1062912K
  class space    used 1180K, capacity 1254K, committed 1280K, reserved 1048576K
Event: 2883.589 GC heap after
Heap after GC invocations=729 (full 91):
 PSYoungGen      total 6989824K, used 1385601K [0x0000000580100000, 0x0000000800000000, 0x0000000800000000)
  eden space 3494912K, 0% used [0x0000000580100000,0x0000000580100000,0x0000000655600000)
  from space 3494912K, 39% used [0x0000000655600000,0x00000006a9f205c0,0x000000072ab00000)
  to   space 3494912K, 0% used [0x000000072ab00000,0x000000072ab00000,0x0000000800000000)
 ParOldGen       total 20970496K, used 18734201K [0x0000000080200000, 0x0000000580100000, 0x0000000580100000)
  object space 20970496K, 89% used [0x0000000080200000,0x00000004f791e530,0x0000000580100000)
 Metaspace       used 13755K, capacity 13948K, committed 14080K, reserved 1062912K
  class space    used 1180K, capacity 1254K, committed 1280K, reserved 1048576K
}
Event: 2883.589 GC heap before
{Heap before GC invocations=730 (full 92):
 PSYoungGen      total 6989824K, used 1385601K [0x0000000580100000, 0x0000000800000000, 0x0000000800000000)
  eden space 3494912K, 0% used [0x0000000580100000,0x0000000580100000,0x0000000655600000)
  from space 3494912K, 39% used [0x0000000655600000,0x00000006a9f205c0,0x000000072ab00000)
  to   space 3494912K, 0% used [0x000000072ab00000,0x000000072ab00000,0x0000000800000000)
 ParOldGen       total 20970496K, used 18734201K [0x0000000080200000, 0x0000000580100000, 0x0000000580100000)
  object space 20970496K, 89% used [0x0000000080200000,0x00000004f791e530,0x0000000580100000)
 Metaspace       used 13755K, capacity 13948K, committed 14080K, reserved 1062912K
  class space    used 1180K, capacity 1254K, committed 1280K, reserved 1048576K
Event: 2883.987 GC heap after
Heap after GC invocations=730 (full 92):
 PSYoungGen      total 6989824K, used 0K [0x0000000580100000, 0x0000000800000000, 0x0000000800000000)
  eden space 3494912K, 0% used [0x0000000580100000,0x0000000580100000,0x0000000655600000)
  from space 3494912K, 0% used [0x0000000655600000,0x0000000655600000,0x000000072ab00000)
  to   space 3494912K, 0% used [0x000000072ab00000,0x000000072ab00000,0x0000000800000000)
 ParOldGen       total 20970496K, used 1681875K [0x0000000080200000, 0x0000000580100000, 0x0000000580100000)
  object space 20970496K, 8% used [0x0000000080200000,0x00000000e6c74fd8,0x0000000580100000)
 Metaspace       used 13755K, capacity 13948K, committed 14080K, reserved 1062912K
  class space    used 1180K, capacity 1254K, committed 1280K, reserved 1048576K
}
Event: 2886.815 GC heap before
{Heap before GC invocations=731 (full 92):
 PSYoungGen      total 6989824K, used 3492654K [0x0000000580100000, 0x0000000800000000, 0x0000000800000000)
  eden space 3494912K, 99% used [0x0000000580100000,0x00000006553cba88,0x0000000655600000)
  from space 3494912K, 0% used [0x0000000655600000,0x0000000655600000,0x000000072ab00000)
  to   space 3494912K, 0% used [0x000000072ab00000,0x000000072ab00000,0x0000000800000000)
 ParOldGen       total 20970496K, used 1681875K [0x0000000080200000, 0x0000000580100000, 0x0000000580100000)
  object space 20970496K, 8% used [0x0000000080200000,0x00000000e6c74fd8,0x0000000580100000)
 Metaspace       used 13755K, capacity 13948K, committed 14080K, reserved 1062912K
  class space    used 1180K, capacity 1254K, committed 1280K, reserved 1048576K
Event: 2887.046 GC heap after
Heap after GC invocations=731 (full 92):
 PSYoungGen      total 6989824K, used 3424324K [0x0000000580100000, 0x0000000800000000, 0x0000000800000000)
  eden space 3494912K, 0% used [0x0000000580100000,0x0000000580100000,0x0000000655600000)
  from space 3494912K, 97% used [0x000000072ab00000,0x00000007fbb11300,0x0000000800000000)
  to   space 3494912K, 0% used [0x0000000655600000,0x0000000655600000,0x000000072ab00000)
 ParOldGen       total 20970496K, used 1681875K [0x0000000080200000, 0x0000000580100000, 0x0000000580100000)
  object space 20970496K, 8% used [0x0000000080200000,0x00000000e6c74fd8,0x0000000580100000)
 Metaspace       used 13755K, capacity 13948K, committed 14080K, reserved 1062912K
  class space    used 1180K, capacity 1254K, committed 1280K, reserved 1048576K
}
Event: 2887.932 GC heap before
{Heap before GC invocations=732 (full 92):
 PSYoungGen      total 6989824K, used 6918167K [0x0000000580100000, 0x0000000800000000, 0x0000000800000000)
  eden space 3494912K, 99% used [0x0000000580100000,0x00000006554f4960,0x0000000655600000)
  from space 3494912K, 97% used [0x000000072ab00000,0x00000007fbb11300,0x0000000800000000)
  to   space 3494912K, 0% used [0x0000000655600000,0x0000000655600000,0x000000072ab00000)
 ParOldGen       total 20970496K, used 1681875K [0x0000000080200000, 0x0000000580100000, 0x0000000580100000)
  object space 20970496K, 8% used [0x0000000080200000,0x00000000e6c74fd8,0x0000000580100000)
 Metaspace       used 13755K, capacity 13948K, committed 14080K, reserved 1062912K
  class space    used 1180K, capacity 1254K, committed 1280K, reserved 1048576K
Event: 2888.221 GC heap after
Heap after GC invocations=732 (full 92):
 PSYoungGen      total 6989824K, used 2421061K [0x0000000580100000, 0x0000000800000000, 0x0000000800000000)
  eden space 3494912K, 0% used [0x0000000580100000,0x0000000580100000,0x0000000655600000)
  from space 3494912K, 69% used [0x0000000655600000,0x00000006e9251570,0x000000072ab00000)
  to   space 3494912K, 0% used [0x000000072ab00000,0x000000072ab00000,0x0000000800000000)
 ParOldGen       total 20970496K, used 4057599K [0x0000000080200000, 0x0000000580100000, 0x0000000580100000)
  object space 20970496K, 19% used [0x0000000080200000,0x0000000177c7fee8,0x0000000580100000)
 Metaspace       used 13755K, capacity 13948K, committed 14080K, reserved 1062912K
  class space    used 1180K, capacity 1254K, committed 1280K, reserved 1048576K
}
Event: 2889.302 GC heap before
{Heap before GC invocations=733 (full 92):
 PSYoungGen      total 6989824K, used 5913678K [0x0000000580100000, 0x0000000800000000, 0x0000000800000000)
  eden space 3494912K, 99% used [0x0000000580100000,0x00000006553c2378,0x0000000655600000)
  from space 3494912K, 69% used [0x0000000655600000,0x00000006e9251570,0x000000072ab00000)
  to   space 3494912K, 0% used [0x000000072ab00000,0x000000072ab00000,0x0000000800000000)
 ParOldGen       total 20970496K, used 4057599K [0x0000000080200000, 0x0000000580100000, 0x0000000580100000)
  object space 20970496K, 19% used [0x0000000080200000,0x0000000177c7fee8,0x0000000580100000)
 Metaspace       used 13755K, capacity 13948K, committed 14080K, reserved 1062912K
  class space    used 1180K, capacity 1254K, committed 1280K, reserved 1048576K
Event: 2889.463 GC heap after
Heap after GC invocations=733 (full 92):
 PSYoungGen      total 6989824K, used 1753121K [0x0000000580100000, 0x0000000800000000, 0x0000000800000000)
  eden space 3494912K, 0% used [0x0000000580100000,0x0000000580100000,0x0000000655600000)
  from space 3494912K, 50% used [0x000000072ab00000,0x0000000795b086b0,0x0000000800000000)
  to   space 3494912K, 0% used [0x0000000655600000,0x0000000655600000,0x000000072ab00000)
 ParOldGen       total 20970496K, used 5544724K [0x0000000080200000, 0x0000000580100000, 0x0000000580100000)
  object space 20970496K, 26% used [0x0000000080200000,0x00000001d28c50c8,0x0000000580100000)
 Metaspace       used 13755K, capacity 13948K, committed 14080K, reserved 1062912K
  class space    used 1180K, capacity 1254K, committed 1280K, reserved 1048576K
}
Event: 2903.547 GC heap before
{Heap before GC invocations=734 (full 92):
 PSYoungGen      total 6989824K, used 5248033K [0x0000000580100000, 0x0000000800000000, 0x0000000800000000)
  eden space 3494912K, 100% used [0x0000000580100000,0x0000000655600000,0x0000000655600000)
  from space 3494912K, 50% used [0x000000072ab00000,0x0000000795b086b0,0x0000000800000000)
  to   space 3494912K, 0% used [0x0000000655600000,0x0000000655600000,0x000000072ab00000)
 ParOldGen       total 20970496K, used 5544724K [0x0000000080200000, 0x0000000580100000, 0x0000000580100000)
  object space 20970496K, 26% used [0x0000000080200000,0x00000001d28c50c8,0x0000000580100000)
 Metaspace       used 13755K, capacity 13948K, committed 14080K, reserved 1062912K
  class space    used 1180K, capacity 1254K, committed 1280K, reserved 1048576K
Event: 2903.912 GC heap after
Heap after GC invocations=734 (full 92):
 PSYoungGen      total 6989824K, used 2032259K [0x0000000580100000, 0x0000000800000000, 0x0000000800000000)
  eden space 3494912K, 0% used [0x0000000580100000,0x0000000580100000,0x0000000655600000)
  from space 3494912K, 58% used [0x0000000655600000,0x00000006d16a0e10,0x000000072ab00000)
  to   space 3494912K, 0% used [0x000000072ab00000,0x000000072ab00000,0x0000000800000000)
 ParOldGen       total 20970496K, used 7281429K [0x0000000080200000, 0x0000000580100000, 0x0000000580100000)
  object space 20970496K, 34% used [0x0000000080200000,0x000000023c8c5768,0x0000000580100000)
 Metaspace       used 13755K, capacity 13948K, committed 14080K, reserved 1062912K
  class space    used 1180K, capacity 1254K, committed 1280K, reserved 1048576K
}
Event: 2904.686 GC heap before
{Heap before GC invocations=735 (full 92):
 PSYoungGen      total 6989824K, used 5516530K [0x0000000580100000, 0x0000000800000000, 0x0000000800000000)
  eden space 3494912K, 99% used [0x0000000580100000,0x0000000654b9bab8,0x0000000655600000)
  from space 3494912K, 58% used [0x0000000655600000,0x00000006d16a0e10,0x000000072ab00000)
  to   space 3494912K, 0% used [0x000000072ab00000,0x000000072ab00000,0x0000000800000000)
 ParOldGen       total 20970496K, used 7281429K [0x0000000080200000, 0x0000000580100000, 0x0000000580100000)
  object space 20970496K, 34% used [0x0000000080200000,0x000000023c8c5768,0x0000000580100000)
 Metaspace       used 13755K, capacity 13948K, committed 14080K, reserved 1062912K
  class space    used 1180K, capacity 1254K, committed 1280K, reserved 1048576K
Event: 2904.973 GC heap after
Heap after GC invocations=735 (full 92):
 PSYoungGen      total 6989824K, used 3223878K [0x0000000580100000, 0x0000000800000000, 0x0000000800000000)
  eden space 3494912K, 0% used [0x0000000580100000,0x0000000580100000,0x0000000655600000)
  from space 3494912K, 92% used [0x000000072ab00000,0x00000007ef751880,0x0000000800000000)
  to   space 3494912K, 0% used [0x0000000655600000,0x0000000655600000,0x000000072ab00000)
 ParOldGen       total 20970496K, used 9305097K [0x0000000080200000, 0x0000000580100000, 0x0000000580100000)
  object space 20970496K, 44% used [0x0000000080200000,0x00000002b8102578,0x0000000580100000)
 Metaspace       used 13755K, capacity 13948K, committed 14080K, reserved 1062912K
  class space    used 1180K, capacity 1254K, committed 1280K, reserved 1048576K
}
Event: 2906.046 GC heap before
{Heap before GC invocations=736 (full 92):
 PSYoungGen      total 6989824K, used 6714962K [0x0000000580100000, 0x0000000800000000, 0x0000000800000000)
  eden space 3494912K, 99% used [0x0000000580100000,0x0000000655243128,0x0000000655600000)
  from space 3494912K, 92% used [0x000000072ab00000,0x00000007ef751880,0x0000000800000000)
  to   space 3494912K, 0% used [0x0000000655600000,0x0000000655600000,0x000000072ab00000)
 ParOldGen       total 20970496K, used 9305097K [0x0000000080200000, 0x0000000580100000, 0x0000000580100000)
  object space 20970496K, 44% used [0x0000000080200000,0x00000002b8102578,0x0000000580100000)
 Metaspace       used 13755K, capacity 13948K, committed 14080K, reserved 1062912K
  class space    used 1180K, capacity 1254K, committed 1280K, reserved 1048576K
Event: 2906.201 GC heap after
Heap after GC invocations=736 (full 92):
 PSYoungGen      total 6989824K, used 1753121K [0x0000000580100000, 0x0000000800000000, 0x0000000800000000)
  eden space 3494912K, 0% used [0x0000000580100000,0x0000000580100000,0x0000000655600000)
  from space 3494912K, 50% used [0x0000000655600000,0x00000006c06086b0,0x000000072ab00000)
  to   space 3494912K, 0% used [0x000000072ab00000,0x000000072ab00000,0x0000000800000000)
 ParOldGen       total 20970496K, used 10792221K [0x0000000080200000, 0x0000000580100000, 0x0000000580100000)
  object space 20970496K, 51% used [0x0000000080200000,0x0000000312d47758,0x0000000580100000)
 Metaspace       used 13755K, capacity 13948K, committed 14080K, reserved 1062912K
  class space    used 1180K, capacity 1254K, committed 1280K, reserved 1048576K
}
Event: 2917.362 GC heap before
{Heap before GC invocations=737 (full 92):
 PSYoungGen      total 6989824K, used 5248033K [0x0000000580100000, 0x0000000800000000, 0x0000000800000000)
  eden space 3494912K, 100% used [0x0000000580100000,0x0000000655600000,0x0000000655600000)
  from space 3494912K, 50% used [0x0000000655600000,0x00000006c06086b0,0x000000072ab00000)
  to   space 3494912K, 0% used [0x000000072ab00000,0x000000072ab00000,0x0000000800000000)
 ParOldGen       total 20970496K, used 10792221K [0x0000000080200000, 0x0000000580100000, 0x0000000580100000)
  object space 20970496K, 51% used [0x0000000080200000,0x0000000312d47758,0x0000000580100000)
 Metaspace       used 13755K, capacity 13948K, committed 14080K, reserved 1062912K
  class space    used 1180K, capacity 1254K, committed 1280K, reserved 1048576K
Event: 2917.650 GC heap after
Heap after GC invocations=737 (full 92):
 PSYoungGen      total 6989824K, used 1456032K [0x0000000580100000, 0x0000000800000000, 0x0000000800000000)
  eden space 3494912K, 0% used [0x0000000580100000,0x0000000580100000,0x0000000655600000)
  from space 3494912K, 41% used [0x000000072ab00000,0x00000007838e8198,0x0000000800000000)
  to   space 3494912K, 0% used [0x0000000655600000,0x0000000655600000,0x000000072ab00000)
 ParOldGen       total 20970496K, used 12528935K [0x0000000080200000, 0x0000000580100000, 0x0000000580100000)
  object space 20970496K, 59% used [0x0000000080200000,0x000000037cd49df8,0x0000000580100000)
 Metaspace       used 13755K, capacity 13948K, committed 14080K, reserved 1062912K
  class space    used 1180K, capacity 1254K, committed 1280K, reserved 1048576K
}
Event: 2921.776 GC heap before
{Heap before GC invocations=738 (full 92):
 PSYoungGen      total 6989824K, used 4940290K [0x0000000580100000, 0x0000000800000000, 0x0000000800000000)
  eden space 3494912K, 99% used [0x0000000580100000,0x0000000654b98878,0x0000000655600000)
  from space 3494912K, 41% used [0x000000072ab00000,0x00000007838e8198,0x0000000800000000)
  to   space 3494912K, 0% used [0x0000000655600000,0x0000000655600000,0x000000072ab00000)
 ParOldGen       total 20970496K, used 12528935K [0x0000000080200000, 0x0000000580100000, 0x0000000580100000)
  object space 20970496K, 59% used [0x0000000080200000,0x000000037cd49df8,0x0000000580100000)
 Metaspace       used 13755K, capacity 13948K, committed 14080K, reserved 1062912K
  class space    used 1180K, capacity 1254K, committed 1280K, reserved 1048576K
Event: 2922.117 GC heap after
Heap after GC invocations=738 (full 92):
 PSYoungGen      total 6989824K, used 3342628K [0x0000000580100000, 0x0000000800000000, 0x0000000800000000)
  eden space 3494912K, 0% used [0x0000000580100000,0x0000000580100000,0x0000000655600000)
  from space 3494912K, 95% used [0x0000000655600000,0x00000007216492e0,0x000000072ab00000)
  to   space 3494912K, 0% used [0x000000072ab00000,0x000000072ab00000,0x0000000800000000)
 ParOldGen       total 20970496K, used 13872584K [0x0000000080200000, 0x0000000580100000, 0x0000000580100000)
  object space 20970496K, 66% used [0x0000000080200000,0x00000003ced72348,0x0000000580100000)
 Metaspace       used 13755K, capacity 13948K, committed 14080K, reserved 1062912K
  class space    used 1180K, capacity 1254K, committed 1280K, reserved 1048576K
}
Event: 2922.984 GC heap before
{Heap before GC invocations=739 (full 92):
 PSYoungGen      total 6989824K, used 6835504K [0x0000000580100000, 0x0000000800000000, 0x0000000800000000)
  eden space 3494912K, 99% used [0x0000000580100000,0x0000000655402e80,0x0000000655600000)
  from space 3494912K, 95% used [0x0000000655600000,0x00000007216492e0,0x000000072ab00000)
  to   space 3494912K, 0% used [0x000000072ab00000,0x000000072ab00000,0x0000000800000000)
 ParOldGen       total 20970496K, used 13872584K [0x0000000080200000, 0x0000000580100000, 0x0000000580100000)
  object space 20970496K, 66% used [0x0000000080200000,0x00000003ced72348,0x0000000580100000)
 Metaspace       used 13755K, capacity 13948K, committed 14080K, reserved 1062912K
  class space    used 1180K, capacity 1254K, committed 1280K, reserved 1048576K
Event: 2923.359 GC heap after
Heap after GC invocations=739 (full 92):
 PSYoungGen      total 6989824K, used 2486597K [0x0000000580100000, 0x0000000800000000, 0x0000000800000000)
  eden space 3494912K, 0% used [0x0000000580100000,0x0000000580100000,0x0000000655600000)
  from space 3494912K, 71% used [0x000000072ab00000,0x00000007c27515b0,0x0000000800000000)
  to   space 3494912K, 0% used [0x0000000655600000,0x0000000655600000,0x000000072ab00000)
 ParOldGen       total 20970496K, used 16231940K [0x0000000080200000, 0x0000000580100000, 0x0000000580100000)
  object space 20970496K, 77% used [0x0000000080200000,0x000000045ed81278,0x0000000580100000)
 Metaspace       used 13755K, capacity 13948K, committed 14080K, reserved 1062912K
  class space    used 1180K, capacity 1254K, committed 1280K, reserved 1048576K
}
Event: 2924.433 GC heap before
{Heap before GC invocations=740 (full 92):
 PSYoungGen      total 6989824K, used 5978900K [0x0000000580100000, 0x0000000800000000, 0x0000000800000000)
  eden space 3494912K, 99% used [0x0000000580100000,0x0000000655373ab0,0x0000000655600000)
  from space 3494912K, 71% used [0x000000072ab00000,0x00000007c27515b0,0x0000000800000000)
  to   space 3494912K, 0% used [0x0000000655600000,0x0000000655600000,0x000000072ab00000)
 ParOldGen       total 20970496K, used 16231940K [0x0000000080200000, 0x0000000580100000, 0x0000000580100000)
  object space 20970496K, 77% used [0x0000000080200000,0x000000045ed81278,0x0000000580100000)
 Metaspace       used 13755K, capacity 13948K, committed 14080K, reserved 1062912K
  class space    used 1180K, capacity 1254K, committed 1280K, reserved 1048576K
Event: 2924.589 GC heap after
Heap after GC invocations=740 (full 92):
 PSYoungGen      total 6989824K, used 1753121K [0x0000000580100000, 0x0000000800000000, 0x0000000800000000)
  eden space 3494912K, 0% used [0x0000000580100000,0x0000000580100000,0x0000000655600000)
  from space 3494912K, 50% used [0x0000000655600000,0x00000006c06086b0,0x000000072ab00000)
  to   space 3494912K, 0% used [0x000000072ab00000,0x000000072ab00000,0x0000000800000000)
 ParOldGen       total 20970496K, used 17719065K [0x0000000080200000, 0x0000000580100000, 0x0000000580100000)
  object space 20970496K, 84% used [0x0000000080200000,0x00000004b99c6458,0x0000000580100000)
 Metaspace       used 13755K, capacity 13948K, committed 14080K, reserved 1062912K
  class space    used 1180K, capacity 1254K, committed 1280K, reserved 1048576K
}
Event: 2938.815 GC heap before
{Heap before GC invocations=741 (full 92):
 PSYoungGen      total 6989824K, used 5248033K [0x0000000580100000, 0x0000000800000000, 0x0000000800000000)
  eden space 3494912K, 100% used [0x0000000580100000,0x0000000655600000,0x0000000655600000)
  from space 3494912K, 50% used [0x0000000655600000,0x00000006c06086b0,0x000000072ab00000)
  to   space 3494912K, 0% used [0x000000072ab00000,0x000000072ab00000,0x0000000800000000)
 ParOldGen       total 20970496K, used 17719065K [0x0000000080200000, 0x0000000580100000, 0x0000000580100000)
  object space 20970496K, 84% used [0x0000000080200000,0x00000004b99c6458,0x0000000580100000)
 Metaspace       used 13755K, capacity 13948K, committed 14080K, reserved 1062912K
  class space    used 1180K, capacity 1254K, committed 1280K, reserved 1048576K
Event: 2939.037 GC heap after
Heap after GC invocations=741 (full 92):
 PSYoungGen      total 6989824K, used 1917443K [0x0000000580100000, 0x0000000800000000, 0x0000000800000000)
  eden space 3494912K, 0% used [0x0000000580100000,0x0000000580100000,0x0000000655600000)
  from space 3494912K, 54% used [0x000000072ab00000,0x000000079fb80d10,0x0000000800000000)
  to   space 3494912K, 0% used [0x0000000655600000,0x0000000655600000,0x000000072ab00000)
 ParOldGen       total 20970496K, used 19455770K [0x0000000080200000, 0x0000000580100000, 0x0000000580100000)
  object space 20970496K, 92% used [0x0000000080200000,0x00000005239c6af8,0x0000000580100000)
 Metaspace       used 13755K, capacity 13948K, committed 14080K, reserved 1062912K
  class space    used 1180K, capacity 1254K, committed 1280K, reserved 1048576K
}
Event: 2939.037 GC heap before
{Heap before GC invocations=742 (full 93):
 PSYoungGen      total 6989824K, used 1917443K [0x0000000580100000, 0x0000000800000000, 0x0000000800000000)
  eden space 3494912K, 0% used [0x0000000580100000,0x0000000580100000,0x0000000655600000)
  from space 3494912K, 54% used [0x000000072ab00000,0x000000079fb80d10,0x0000000800000000)
  to   space 3494912K, 0% used [0x0000000655600000,0x0000000655600000,0x000000072ab00000)
 ParOldGen       total 20970496K, used 19455770K [0x0000000080200000, 0x0000000580100000, 0x0000000580100000)
  object space 20970496K, 92% used [0x0000000080200000,0x00000005239c6af8,0x0000000580100000)
 Metaspace       used 13755K, capacity 13948K, committed 14080K, reserved 1062912K
  class space    used 1180K, capacity 1254K, committed 1280K, reserved 1048576K
Event: 2939.648 GC heap after
Heap after GC invocations=742 (full 93):
 PSYoungGen      total 6989824K, used 0K [0x0000000580100000, 0x0000000800000000, 0x0000000800000000)
  eden space 3494912K, 0% used [0x0000000580100000,0x0000000580100000,0x0000000655600000)
  from space 3494912K, 0% used [0x000000072ab00000,0x000000072ab00000,0x0000000800000000)
  to   space 3494912K, 0% used [0x0000000655600000,0x0000000655600000,0x000000072ab00000)
 ParOldGen       total 20970496K, used 3066920K [0x0000000080200000, 0x0000000580100000, 0x0000000580100000)
  object space 20970496K, 14% used [0x0000000080200000,0x000000013b50a220,0x0000000580100000)
 Metaspace       used 13755K, capacity 13948K, committed 14080K, reserved 1062912K
  class space    used 1180K, capacity 1254K, committed 1280K, reserved 1048576K
}
Event: 2940.574 GC heap before
{Heap before GC invocations=743 (full 93):
 PSYoungGen      total 6989824K, used 3489848K [0x0000000580100000, 0x0000000800000000, 0x0000000800000000)
  eden space 3494912K, 99% used [0x0000000580100000,0x000000065510e0c0,0x0000000655600000)
  from space 3494912K, 0% used [0x000000072ab00000,0x000000072ab00000,0x0000000800000000)
  to   space 3494912K, 0% used [0x0000000655600000,0x0000000655600000,0x000000072ab00000)
 ParOldGen       total 20970496K, used 3066920K [0x0000000080200000, 0x0000000580100000, 0x0000000580100000)
  object space 20970496K, 14% used [0x0000000080200000,0x000000013b50a220,0x0000000580100000)
 Metaspace       used 13755K, capacity 13948K, committed 14080K, reserved 1062912K
  class space    used 1180K, capacity 1254K, committed 1280K, reserved 1048576K
Event: 2940.715 GC heap after
Heap after GC invocations=743 (full 93):
 PSYoungGen      total 6989824K, used 3404134K [0x0000000580100000, 0x0000000800000000, 0x0000000800000000)
  eden space 3494912K, 0% used [0x0000000580100000,0x0000000580100000,0x0000000655600000)
  from space 3494912K, 97% used [0x0000000655600000,0x00000007252599d0,0x000000072ab00000)
  to   space 3494912K, 0% used [0x000000072ab00000,0x000000072ab00000,0x0000000800000000)
 ParOldGen       total 20970496K, used 3066920K [0x0000000080200000, 0x0000000580100000, 0x0000000580100000)
  object space 20970496K, 14% used [0x0000000080200000,0x000000013b50a220,0x0000000580100000)
 Metaspace       used 13755K, capacity 13948K, committed 14080K, reserved 1062912K
  class space    used 1180K, capacity 1254K, committed 1280K, reserved 1048576K
}
Event: 2942.117 GC heap before
{Heap before GC invocations=744 (full 93):
 PSYoungGen      total 6989824K, used 6898181K [0x0000000580100000, 0x0000000800000000, 0x0000000800000000)
  eden space 3494912K, 99% used [0x0000000580100000,0x0000000655527d80,0x0000000655600000)
  from space 3494912K, 97% used [0x0000000655600000,0x00000007252599d0,0x000000072ab00000)
  to   space 3494912K, 0% used [0x000000072ab00000,0x000000072ab00000,0x0000000800000000)
 ParOldGen       total 20970496K, used 3066920K [0x0000000080200000, 0x0000000580100000, 0x0000000580100000)
  object space 20970496K, 14% used [0x0000000080200000,0x000000013b50a220,0x0000000580100000)
 Metaspace       used 13755K, capacity 13948K, committed 14080K, reserved 1062912K
  class space    used 1180K, capacity 1254K, committed 1280K, reserved 1048576K
Event: 2942.314 GC heap after
Heap after GC invocations=744 (full 93):
 PSYoungGen      total 6989824K, used 1753121K [0x0000000580100000, 0x0000000800000000, 0x0000000800000000)
  eden space 3494912K, 0% used [0x0000000580100000,0x0000000580100000,0x0000000655600000)
  from space 3494912K, 50% used [0x000000072ab00000,0x0000000795b086b0,0x0000000800000000)
  to   space 3494912K, 0% used [0x0000000655600000,0x0000000655600000,0x000000072ab00000)
 ParOldGen       total 20970496K, used 4701509K [0x0000000080200000, 0x0000000580100000, 0x0000000580100000)
  object space 20970496K, 22% used [0x0000000080200000,0x000000019f151530,0x0000000580100000)
 Metaspace       used 13755K, capacity 13948K, committed 14080K, reserved 1062912K
  class space    used 1180K, capacity 1254K, committed 1280K, reserved 1048576K
}
Event: 2952.802 GC heap before
{Heap before GC invocations=745 (full 93):
 PSYoungGen      total 6989824K, used 5248033K [0x0000000580100000, 0x0000000800000000, 0x0000000800000000)
  eden space 3494912K, 100% used [0x0000000580100000,0x0000000655600000,0x0000000655600000)
  from space 3494912K, 50% used [0x000000072ab00000,0x0000000795b086b0,0x0000000800000000)
  to   space 3494912K, 0% used [0x0000000655600000,0x0000000655600000,0x000000072ab00000)
 ParOldGen       total 20970496K, used 4701509K [0x0000000080200000, 0x0000000580100000, 0x0000000580100000)
  object space 20970496K, 22% used [0x0000000080200000,0x000000019f151530,0x0000000580100000)
 Metaspace       used 13755K, capacity 13948K, committed 14080K, reserved 1062912K
  class space    used 1180K, capacity 1254K, committed 1280K, reserved 1048576K
Event: 2953.072 GC heap after
Heap after GC invocations=745 (full 93):
 PSYoungGen      total 6989824K, used 1538464K [0x0000000580100000, 0x0000000800000000, 0x0000000800000000)
  eden space 3494912K, 0% used [0x0000000580100000,0x0000000580100000,0x0000000655600000)
  from space 3494912K, 44% used [0x0000000655600000,0x00000006b34681e8,0x000000072ab00000)
  to   space 3494912K, 0% used [0x000000072ab00000,0x000000072ab00000,0x0000000800000000)
 ParOldGen       total 20970496K, used 6454598K [0x0000000080200000, 0x0000000580100000, 0x0000000580100000)
  object space 20970496K, 30% used [0x0000000080200000,0x000000020a151be0,0x0000000580100000)
 Metaspace       used 13755K, capacity 13948K, committed 14080K, reserved 1062912K
  class space    used 1180K, capacity 1254K, committed 1280K, reserved 1048576K
}
Event: 2957.223 GC heap before
{Heap before GC invocations=746 (full 93):
 PSYoungGen      total 6989824K, used 5026147K [0x0000000580100000, 0x0000000800000000, 0x0000000800000000)
  eden space 3494912K, 99% used [0x0000000580100000,0x0000000654ef0b78,0x0000000655600000)
  from space 3494912K, 44% used [0x0000000655600000,0x00000006b34681e8,0x000000072ab00000)
  to   space 3494912K, 0% used [0x000000072ab00000,0x000000072ab00000,0x0000000800000000)
 ParOldGen       total 20970496K, used 6454598K [0x0000000080200000, 0x0000000580100000, 0x0000000580100000)
  object space 20970496K, 30% used [0x0000000080200000,0x000000020a151be0,0x0000000580100000)
 Metaspace       used 13755K, capacity 13948K, committed 14080K, reserved 1062912K
  class space    used 1180K, capacity 1254K, committed 1280K, reserved 1048576K
Event: 2957.501 GC heap after
Heap after GC invocations=746 (full 93):
 PSYoungGen      total 6989824K, used 3162404K [0x0000000580100000, 0x0000000800000000, 0x0000000800000000)
  eden space 3494912K, 0% used [0x0000000580100000,0x0000000580100000,0x0000000655600000)
  from space 3494912K, 90% used [0x000000072ab00000,0x00000007ebb49230,0x0000000800000000)
  to   space 3494912K, 0% used [0x0000000655600000,0x0000000655600000,0x000000072ab00000)
 ParOldGen       total 20970496K, used 7880152K [0x0000000080200000, 0x0000000580100000, 0x0000000580100000)
  object space 20970496K, 37% used [0x0000000080200000,0x0000000261176180,0x0000000580100000)
 Metaspace       used 13755K, capacity 13948K, committed 14080K, reserved 1062912K
  class space    used 1180K, capacity 1254K, committed 1280K, reserved 1048576K
}
Event: 2958.229 GC heap before
{Heap before GC invocations=747 (full 93):
 PSYoungGen      total 6989824K, used 6655090K [0x0000000580100000, 0x0000000800000000, 0x0000000800000000)
  eden space 3494912K, 99% used [0x0000000580100000,0x00000006553d3910,0x0000000655600000)
  from space 3494912K, 90% used [0x000000072ab00000,0x00000007ebb49230,0x0000000800000000)
  to   space 3494912K, 0% used [0x0000000655600000,0x0000000655600000,0x000000072ab00000)
 ParOldGen       total 20970496K, used 7880152K [0x0000000080200000, 0x0000000580100000, 0x0000000580100000)
  object space 20970496K, 37% used [0x0000000080200000,0x0000000261176180,0x0000000580100000)
 Metaspace       used 13755K, capacity 13948K, committed 14080K, reserved 1062912K
  class space    used 1180K, capacity 1254K, committed 1280K, reserved 1048576K
Event: 2958.480 GC heap after
Heap after GC invocations=747 (full 93):
 PSYoungGen      total 6989824K, used 2584901K [0x0000000580100000, 0x0000000800000000, 0x0000000800000000)
  eden space 3494912K, 0% used [0x0000000580100000,0x0000000580100000,0x0000000655600000)
  from space 3494912K, 73% used [0x0000000655600000,0x00000006f3251610,0x000000072ab00000)
  to   space 3494912K, 0% used [0x000000072ab00000,0x000000072ab00000,0x0000000800000000)
 ParOldGen       total 20970496K, used 10141204K [0x0000000080200000, 0x0000000580100000, 0x0000000580100000)
  object space 20970496K, 48% used [0x0000000080200000,0x00000002eb185040,0x0000000580100000)
 Metaspace       used 13755K, capacity 13948K, committed 14080K, reserved 1062912K
  class space    used 1180K, capacity 1254K, committed 1280K, reserved 1048576K
}
Event: 2959.452 GC heap before
{Heap before GC invocations=748 (full 93):
 PSYoungGen      total 6989824K, used 6077142K [0x0000000580100000, 0x0000000800000000, 0x0000000800000000)
  eden space 3494912K, 99% used [0x0000000580100000,0x0000000655364488,0x0000000655600000)
  from space 3494912K, 73% used [0x0000000655600000,0x00000006f3251610,0x000000072ab00000)
  to   space 3494912K, 0% used [0x000000072ab00000,0x000000072ab00000,0x0000000800000000)
 ParOldGen       total 20970496K, used 10141204K [0x0000000080200000, 0x0000000580100000, 0x0000000580100000)
  object space 20970496K, 48% used [0x0000000080200000,0x00000002eb185040,0x0000000580100000)
 Metaspace       used 13755K, capacity 13948K, committed 14080K, reserved 1062912K
  class space    used 1180K, capacity 1254K, committed 1280K, reserved 1048576K
Event: 2959.627 GC heap after
Heap after GC invocations=748 (full 93):
 PSYoungGen      total 6989824K, used 1753121K [0x0000000580100000, 0x0000000800000000, 0x0000000800000000)
  eden space 3494912K, 0% used [0x0000000580100000,0x0000000580100000,0x0000000655600000)
  from space 3494912K, 50% used [0x000000072ab00000,0x0000000795b086b0,0x0000000800000000)
  to   space 3494912K, 0% used [0x0000000655600000,0x0000000655600000,0x000000072ab00000)
 ParOldGen       total 20970496K, used 11611944K [0x0000000080200000, 0x0000000580100000, 0x0000000580100000)
  object space 20970496K, 55% used [0x0000000080200000,0x0000000344dca210,0x0000000580100000)
 Metaspace       used 13755K, capacity 13948K, committed 14080K, reserved 1062912K
  class space    used 1180K, capacity 1254K, committed 1280K, reserved 1048576K
}
Event: 2973.033 GC heap before
{Heap before GC invocations=749 (full 93):
 PSYoungGen      total 6989824K, used 5248033K [0x0000000580100000, 0x0000000800000000, 0x0000000800000000)
  eden space 3494912K, 100% used [0x0000000580100000,0x0000000655600000,0x0000000655600000)
  from space 3494912K, 50% used [0x000000072ab00000,0x0000000795b086b0,0x0000000800000000)
  to   space 3494912K, 0% used [0x0000000655600000,0x0000000655600000,0x000000072ab00000)
 ParOldGen       total 20970496K, used 11611944K [0x0000000080200000, 0x0000000580100000, 0x0000000580100000)
  object space 20970496K, 55% used [0x0000000080200000,0x0000000344dca210,0x0000000580100000)
 Metaspace       used 13755K, capacity 13948K, committed 14080K, reserved 1062912K
  class space    used 1180K, capacity 1254K, committed 1280K, reserved 1048576K
Event: 2973.322 GC heap after
Heap after GC invocations=749 (full 93):
 PSYoungGen      total 6989824K, used 1819427K [0x0000000580100000, 0x0000000800000000, 0x0000000800000000)
  eden space 3494912K, 0% used [0x0000000580100000,0x0000000580100000,0x0000000655600000)
  from space 3494912K, 52% used [0x0000000655600000,0x00000006c46c8c00,0x000000072ab00000)
  to   space 3494912K, 0% used [0x000000072ab00000,0x000000072ab00000,0x0000000800000000)
 ParOldGen       total 20970496K, used 13365034K [0x0000000080200000, 0x0000000580100000, 0x0000000580100000)
  object space 20970496K, 63% used [0x0000000080200000,0x00000003afdca8c0,0x0000000580100000)
 Metaspace       used 13755K, capacity 13948K, committed 14080K, reserved 1062912K
  class space    used 1180K, capacity 1254K, committed 1280K, reserved 1048576K
}
Event: 2974.681 GC heap before
{Heap before GC invocations=750 (full 93):
 PSYoungGen      total 6989824K, used 5300358K [0x0000000580100000, 0x0000000800000000, 0x0000000800000000)
  eden space 3494912K, 99% used [0x0000000580100000,0x0000000654858f60,0x0000000655600000)
  from space 3494912K, 52% used [0x0000000655600000,0x00000006c46c8c00,0x000000072ab00000)
  to   space 3494912K, 0% used [0x000000072ab00000,0x000000072ab00000,0x0000000800000000)
 ParOldGen       total 20970496K, used 13365034K [0x0000000080200000, 0x0000000580100000, 0x0000000580100000)
  object space 20970496K, 63% used [0x0000000080200000,0x00000003afdca8c0,0x0000000580100000)
 Metaspace       used 13755K, capacity 13948K, committed 14080K, reserved 1062912K
  class space    used 1180K, capacity 1254K, committed 1280K, reserved 1048576K
Event: 2974.993 GC heap after
Heap after GC invocations=750 (full 93):
 PSYoungGen      total 6989824K, used 3457123K [0x0000000580100000, 0x0000000800000000, 0x0000000800000000)
  eden space 3494912K, 0% used [0x0000000580100000,0x0000000580100000,0x0000000655600000)
  from space 3494912K, 98% used [0x000000072ab00000,0x00000007fdb18e80,0x0000000800000000)
  to   space 3494912K, 0% used [0x0000000655600000,0x0000000655600000,0x000000072ab00000)
 ParOldGen       total 20970496K, used 15183861K [0x0000000080200000, 0x0000000580100000, 0x0000000580100000)
  object space 20970496K, 72% used [0x0000000080200000,0x000000041edfd4b0,0x0000000580100000)
 Metaspace       used 13755K, capacity 13948K, committed 14080K, reserved 1062912K
  class space    used 1180K, capacity 1254K, committed 1280K, reserved 1048576K
}
Event: 2976.062 GC heap before
{Heap before GC invocations=751 (full 93):
 PSYoungGen      total 6989824K, used 6949274K [0x0000000580100000, 0x0000000800000000, 0x0000000800000000)
  eden space 3494912K, 99% used [0x0000000580100000,0x000000065534dc70,0x0000000655600000)
  from space 3494912K, 98% used [0x000000072ab00000,0x00000007fdb18e80,0x0000000800000000)
  to   space 3494912K, 0% used [0x0000000655600000,0x0000000655600000,0x000000072ab00000)
 ParOldGen       total 20970496K, used 15183861K [0x0000000080200000, 0x0000000580100000, 0x0000000580100000)
  object space 20970496K, 72% used [0x0000000080200000,0x000000041edfd4b0,0x0000000580100000)
 Metaspace       used 13755K, capacity 13948K, committed 14080K, reserved 1062912K
  class space    used 1180K, capacity 1254K, committed 1280K, reserved 1048576K
Event: 2976.265 GC heap after
Heap after GC invocations=751 (full 93):
 PSYoungGen      total 6989824K, used 1798468K [0x0000000580100000, 0x0000000800000000, 0x0000000800000000)
  eden space 3494912K, 0% used [0x0000000580100000,0x0000000580100000,0x0000000655600000)
  from space 3494912K, 51% used [0x0000000655600000,0x00000006c3251310,0x000000072ab00000)
  to   space 3494912K, 0% used [0x000000072ab00000,0x000000072ab00000,0x0000000800000000)
 ParOldGen       total 20970496K, used 16953359K [0x0000000080200000, 0x0000000580100000, 0x0000000580100000)
  object space 20970496K, 80% used [0x0000000080200000,0x000000048ae03cc0,0x0000000580100000)
 Metaspace       used 13755K, capacity 13948K, committed 14080K, reserved 1062912K
  class space    used 1180K, capacity 1254K, committed 1280K, reserved 1048576K
}
Event: 2985.786 GC heap before
{Heap before GC invocations=752 (full 93):
 PSYoungGen      total 6989824K, used 5292859K [0x0000000580100000, 0x0000000800000000, 0x0000000800000000)
  eden space 3494912K, 99% used [0x0000000580100000,0x000000065557da38,0x0000000655600000)
  from space 3494912K, 51% used [0x0000000655600000,0x00000006c3251310,0x000000072ab00000)
  to   space 3494912K, 0% used [0x000000072ab00000,0x000000072ab00000,0x0000000800000000)
 ParOldGen       total 20970496K, used 16953359K [0x0000000080200000, 0x0000000580100000, 0x0000000580100000)
  object space 20970496K, 80% used [0x0000000080200000,0x000000048ae03cc0,0x0000000580100000)
 Metaspace       used 13755K, capacity 13948K, committed 14080K, reserved 1062912K
  class space    used 1180K, capacity 1254K, committed 1280K, reserved 1048576K
Event: 2986.013 GC heap after
Heap after GC invocations=752 (full 93):
 PSYoungGen      total 6989824K, used 1559521K [0x0000000580100000, 0x0000000800000000, 0x0000000800000000)
  eden space 3494912K, 0% used [0x0000000580100000,0x0000000580100000,0x0000000655600000)
  from space 3494912K, 44% used [0x000000072ab00000,0x0000000789df8710,0x0000000800000000)
  to   space 3494912K, 0% used [0x0000000655600000,0x0000000655600000,0x000000072ab00000)
 ParOldGen       total 20970496K, used 18653467K [0x0000000080200000, 0x0000000580100000, 0x0000000580100000)
  object space 20970496K, 88% used [0x0000000080200000,0x00000004f2a46f70,0x0000000580100000)
 Metaspace       used 13755K, capacity 13948K, committed 14080K, reserved 1062912K
  class space    used 1180K, capacity 1254K, committed 1280K, reserved 1048576K
}
Event: 2991.558 GC heap before
{Heap before GC invocations=753 (full 93):
 PSYoungGen      total 6989824K, used 5054433K [0x0000000580100000, 0x0000000800000000, 0x0000000800000000)
  eden space 3494912K, 100% used [0x0000000580100000,0x0000000655600000,0x0000000655600000)
  from space 3494912K, 44% used [0x000000072ab00000,0x0000000789df8710,0x0000000800000000)
  to   space 3494912K, 0% used [0x0000000655600000,0x0000000655600000,0x000000072ab00000)
 ParOldGen       total 20970496K, used 18653467K [0x0000000080200000, 0x0000000580100000, 0x0000000580100000)
  object space 20970496K, 88% used [0x0000000080200000,0x00000004f2a46f70,0x0000000580100000)
 Metaspace       used 13755K, capacity 13948K, committed 14080K, reserved 1062912K
  class space    used 1180K, capacity 1254K, committed 1280K, reserved 1048576K
Event: 2991.787 GC heap after
Heap after GC invocations=753 (full 93):
 PSYoungGen      total 6989824K, used 2965860K [0x0000000580100000, 0x0000000800000000, 0x0000000800000000)
  eden space 3494912K, 0% used [0x0000000580100000,0x0000000580100000,0x0000000655600000)
  from space 3494912K, 84% used [0x0000000655600000,0x000000070a659170,0x000000072ab00000)
  to   space 3494912K, 0% used [0x000000072ab00000,0x000000072ab00000,0x0000000800000000)
 ParOldGen       total 20970496K, used 20177357K [0x0000000080200000, 0x0000000580100000, 0x0000000580100000)
  object space 20970496K, 96% used [0x0000000080200000,0x000000054fa73570,0x0000000580100000)
 Metaspace       used 13755K, capacity 13948K, committed 14080K, reserved 1062912K
  class space    used 1180K, capacity 1254K, committed 1280K, reserved 1048576K
}
Event: 2991.787 GC heap before
{Heap before GC invocations=754 (full 94):
 PSYoungGen      total 6989824K, used 2965860K [0x0000000580100000, 0x0000000800000000, 0x0000000800000000)
  eden space 3494912K, 0% used [0x0000000580100000,0x0000000580100000,0x0000000655600000)
  from space 3494912K, 84% used [0x0000000655600000,0x000000070a659170,0x000000072ab00000)
  to   space 3494912K, 0% used [0x000000072ab00000,0x000000072ab00000,0x0000000800000000)
 ParOldGen       total 20970496K, used 20177357K [0x0000000080200000, 0x0000000580100000, 0x0000000580100000)
  object space 20970496K, 96% used [0x0000000080200000,0x000000054fa73570,0x0000000580100000)
 Metaspace       used 13755K, capacity 13948K, committed 14080K, reserved 1062912K
  class space    used 1180K, capacity 1254K, committed 1280K, reserved 1048576K
Event: 2992.303 GC heap after
Heap after GC invocations=754 (full 94):
 PSYoungGen      total 6989824K, used 0K [0x0000000580100000, 0x0000000800000000, 0x0000000800000000)
  eden space 3494912K, 0% used [0x0000000580100000,0x0000000580100000,0x0000000655600000)
  from space 3494912K, 0% used [0x0000000655600000,0x0000000655600000,0x000000072ab00000)
  to   space 3494912K, 0% used [0x000000072ab00000,0x000000072ab00000,0x0000000800000000)
 ParOldGen       total 20970496K, used 2985090K [0x0000000080200000, 0x0000000580100000, 0x0000000580100000)
  object space 20970496K, 14% used [0x0000000080200000,0x0000000136520808,0x0000000580100000)
 Metaspace       used 13755K, capacity 13948K, committed 14080K, reserved 1062912K
  class space    used 1180K, capacity 1254K, committed 1280K, reserved 1048576K
}
Event: 2993.123 GC heap before
{Heap before GC invocations=755 (full 94):
 PSYoungGen      total 6989824K, used 3492941K [0x0000000580100000, 0x0000000800000000, 0x0000000800000000)
  eden space 3494912K, 99% used [0x0000000580100000,0x00000006554136e0,0x0000000655600000)
  from space 3494912K, 0% used [0x0000000655600000,0x0000000655600000,0x000000072ab00000)
  to   space 3494912K, 0% used [0x000000072ab00000,0x000000072ab00000,0x0000000800000000)
 ParOldGen       total 20970496K, used 2985090K [0x0000000080200000, 0x0000000580100000, 0x0000000580100000)
  object space 20970496K, 14% used [0x0000000080200000,0x0000000136520808,0x0000000580100000)
 Metaspace       used 13755K, capacity 13948K, committed 14080K, reserved 1062912K
  class space    used 1180K, capacity 1254K, committed 1280K, reserved 1048576K
Event: 2993.236 GC heap after
Heap after GC invocations=755 (full 94):
 PSYoungGen      total 6989824K, used 2683205K [0x0000000580100000, 0x0000000800000000, 0x0000000800000000)
  eden space 3494912K, 0% used [0x0000000580100000,0x0000000580100000,0x0000000655600000)
  from space 3494912K, 76% used [0x000000072ab00000,0x00000007ce751670,0x0000000800000000)
  to   space 3494912K, 0% used [0x0000000655600000,0x0000000655600000,0x000000072ab00000)
 ParOldGen       total 20970496K, used 2985090K [0x0000000080200000, 0x0000000580100000, 0x0000000580100000)
  object space 20970496K, 14% used [0x0000000080200000,0x0000000136520808,0x0000000580100000)
 Metaspace       used 13755K, capacity 13948K, committed 14080K, reserved 1062912K
  class space    used 1180K, capacity 1254K, committed 1280K, reserved 1048576K
}
Event: 2994.389 GC heap before
{Heap before GC invocations=756 (full 94):
 PSYoungGen      total 6989824K, used 6175059K [0x0000000580100000, 0x0000000800000000, 0x0000000800000000)
  eden space 3494912K, 99% used [0x0000000580100000,0x0000000655303788,0x0000000655600000)
  from space 3494912K, 76% used [0x000000072ab00000,0x00000007ce751670,0x0000000800000000)
  to   space 3494912K, 0% used [0x0000000655600000,0x0000000655600000,0x000000072ab00000)
 ParOldGen       total 20970496K, used 2985090K [0x0000000080200000, 0x0000000580100000, 0x0000000580100000)
  object space 20970496K, 14% used [0x0000000080200000,0x0000000136520808,0x0000000580100000)
 Metaspace       used 13755K, capacity 13948K, committed 14080K, reserved 1062912K
  class space    used 1180K, capacity 1254K, committed 1280K, reserved 1048576K
Event: 2994.541 GC heap after
Heap after GC invocations=756 (full 94):
 PSYoungGen      total 6989824K, used 1753121K [0x0000000580100000, 0x0000000800000000, 0x0000000800000000)
  eden space 3494912K, 0% used [0x0000000580100000,0x0000000580100000,0x0000000655600000)
  from space 3494912K, 50% used [0x0000000655600000,0x00000006c06086b0,0x000000072ab00000)
  to   space 3494912K, 0% used [0x000000072ab00000,0x000000072ab00000,0x0000000800000000)
 ParOldGen       total 20970496K, used 4455830K [0x0000000080200000, 0x0000000580100000, 0x0000000580100000)
  object space 20970496K, 21% used [0x0000000080200000,0x00000001901659d8,0x0000000580100000)
 Metaspace       used 13755K, capacity 13948K, committed 14080K, reserved 1062912K
  class space    used 1180K, capacity 1254K, committed 1280K, reserved 1048576K
}
Event: 3008.647 GC heap before
{Heap before GC invocations=757 (full 94):
 PSYoungGen      total 6989824K, used 5248033K [0x0000000580100000, 0x0000000800000000, 0x0000000800000000)
  eden space 3494912K, 100% used [0x0000000580100000,0x0000000655600000,0x0000000655600000)
  from space 3494912K, 50% used [0x0000000655600000,0x00000006c06086b0,0x000000072ab00000)
  to   space 3494912K, 0% used [0x000000072ab00000,0x000000072ab00000,0x0000000800000000)
 ParOldGen       total 20970496K, used 4455830K [0x0000000080200000, 0x0000000580100000, 0x0000000580100000)
  object space 20970496K, 21% used [0x0000000080200000,0x00000001901659d8,0x0000000580100000)
 Metaspace       used 13755K, capacity 13948K, committed 14080K, reserved 1062912K
  class space    used 1180K, capacity 1254K, committed 1280K, reserved 1048576K
Event: 3009.023 GC heap after
Heap after GC invocations=757 (full 94):
 PSYoungGen      total 6989824K, used 1721154K [0x0000000580100000, 0x0000000800000000, 0x0000000800000000)
  eden space 3494912K, 0% used [0x0000000580100000,0x0000000580100000,0x0000000655600000)
  from space 3494912K, 49% used [0x000000072ab00000,0x0000000793bd0ae0,0x0000000800000000)
  to   space 3494912K, 0% used [0x0000000655600000,0x0000000655600000,0x000000072ab00000)
 ParOldGen       total 20970496K, used 6208920K [0x0000000080200000, 0x0000000580100000, 0x0000000580100000)
  object space 20970496K, 29% used [0x0000000080200000,0x00000001fb166088,0x0000000580100000)
 Metaspace       used 13755K, capacity 13948K, committed 14080K, reserved 1062912K
  class space    used 1180K, capacity 1254K, committed 1280K, reserved 1048576K
}
Event: 3010.762 GC heap before
{Heap before GC invocations=758 (full 94):
 PSYoungGen      total 6989824K, used 5210209K [0x0000000580100000, 0x0000000800000000, 0x0000000800000000)
  eden space 3494912K, 99% used [0x0000000580100000,0x0000000655047ae0,0x0000000655600000)
  from space 3494912K, 49% used [0x000000072ab00000,0x0000000793bd0ae0,0x0000000800000000)
  to   space 3494912K, 0% used [0x0000000655600000,0x0000000655600000,0x000000072ab00000)
 ParOldGen       total 20970496K, used 6208920K [0x0000000080200000, 0x0000000580100000, 0x0000000580100000)
  object space 20970496K, 29% used [0x0000000080200000,0x00000001fb166088,0x0000000580100000)
 Metaspace       used 13755K, capacity 13948K, committed 14080K, reserved 1062912K
  class space    used 1180K, capacity 1254K, committed 1280K, reserved 1048576K
Event: 3011.070 GC heap after
Heap after GC invocations=758 (full 94):
 PSYoungGen      total 6989824K, used 3440803K [0x0000000580100000, 0x0000000800000000, 0x0000000800000000)
  eden space 3494912K, 0% used [0x0000000580100000,0x0000000580100000,0x0000000655600000)
  from space 3494912K, 98% used [0x0000000655600000,0x0000000727628f30,0x000000072ab00000)
  to   space 3494912K, 0% used [0x000000072ab00000,0x000000072ab00000,0x0000000800000000)
 ParOldGen       total 20970496K, used 7929450K [0x0000000080200000, 0x0000000580100000, 0x0000000580100000)
  object space 20970496K, 37% used [0x0000000080200000,0x000000026419ab58,0x0000000580100000)
 Metaspace       used 13755K, capacity 13948K, committed 14080K, reserved 1062912K
  class space    used 1180K, capacity 1254K, committed 1280K, reserved 1048576K
}
Event: 3012.188 GC heap before
{Heap before GC invocations=759 (full 94):
 PSYoungGen      total 6989824K, used 6934328K [0x0000000580100000, 0x0000000800000000, 0x0000000800000000)
  eden space 3494912K, 99% used [0x0000000580100000,0x00000006554a5310,0x0000000655600000)
  from space 3494912K, 98% used [0x0000000655600000,0x0000000727628f30,0x000000072ab00000)
  to   space 3494912K, 0% used [0x000000072ab00000,0x000000072ab00000,0x0000000800000000)
 ParOldGen       total 20970496K, used 7929450K [0x0000000080200000, 0x0000000580100000, 0x0000000580100000)
  object space 20970496K, 37% used [0x0000000080200000,0x000000026419ab58,0x0000000580100000)
 Metaspace       used 13755K, capacity 13948K, committed 14080K, reserved 1062912K
  class space    used 1180K, capacity 1254K, committed 1280K, reserved 1048576K
Event: 3012.362 GC heap after
Heap after GC invocations=759 (full 94):
 PSYoungGen      total 6989824K, used 1913156K [0x0000000580100000, 0x0000000800000000, 0x0000000800000000)
  eden space 3494912K, 0% used [0x0000000580100000,0x0000000580100000,0x0000000655600000)
  from space 3494912K, 54% used [0x000000072ab00000,0x000000079f751380,0x0000000800000000)
  to   space 3494912K, 0% used [0x0000000655600000,0x0000000655600000,0x000000072ab00000)
 ParOldGen       total 20970496K, used 9797253K [0x0000000080200000, 0x0000000580100000, 0x0000000580100000)
  object space 20970496K, 46% used [0x0000000080200000,0x00000002d61a1488,0x0000000580100000)
 Metaspace       used 13755K, capacity 13948K, committed 14080K, reserved 1062912K
  class space    used 1180K, capacity 1254K, committed 1280K, reserved 1048576K
}
Event: 3020.761 GC heap before
{Heap before GC invocations=760 (full 94):
 PSYoungGen      total 6989824K, used 5408068K [0x0000000580100000, 0x0000000800000000, 0x0000000800000000)
  eden space 3494912K, 100% used [0x0000000580100000,0x0000000655600000,0x0000000655600000)
  from space 3494912K, 54% used [0x000000072ab00000,0x000000079f751380,0x0000000800000000)
  to   space 3494912K, 0% used [0x0000000655600000,0x0000000655600000,0x000000072ab00000)
 ParOldGen       total 20970496K, used 9797253K [0x0000000080200000, 0x0000000580100000, 0x0000000580100000)
  object space 20970496K, 46% used [0x0000000080200000,0x00000002d61a1488,0x0000000580100000)
 Metaspace       used 13755K, capacity 13948K, committed 14080K, reserved 1062912K
  class space    used 1180K, capacity 1254K, committed 1280K, reserved 1048576K
Event: 3020.926 GC heap after
Heap after GC invocations=760 (full 94):
 PSYoungGen      total 6989824K, used 1950431K [0x0000000580100000, 0x0000000800000000, 0x0000000800000000)
  eden space 3494912K, 0% used [0x0000000580100000,0x0000000580100000,0x0000000655600000)
  from space 3494912K, 55% used [0x0000000655600000,0x00000006cc6b7c00,0x000000072ab00000)
  to   space 3494912K, 0% used [0x000000072ab00000,0x000000072ab00000,0x0000000800000000)
 ParOldGen       total 20970496K, used 11382673K [0x0000000080200000, 0x0000000580100000, 0x0000000580100000)
  object space 20970496K, 54% used [0x0000000080200000,0x0000000336de46c8,0x0000000580100000)
 Metaspace       used 13755K, capacity 13948K, committed 14080K, reserved 1062912K
  class space    used 1180K, capacity 1254K, committed 1280K, reserved 1048576K
}
Event: 3028.477 GC heap before
{Heap before GC invocations=761 (full 94):
 PSYoungGen      total 6989824K, used 5438634K [0x0000000580100000, 0x0000000800000000, 0x0000000800000000)
  eden space 3494912K, 99% used [0x0000000580100000,0x0000000654f72d08,0x0000000655600000)
  from space 3494912K, 55% used [0x0000000655600000,0x00000006cc6b7c00,0x000000072ab00000)
  to   space 3494912K, 0% used [0x000000072ab00000,0x000000072ab00000,0x0000000800000000)
 ParOldGen       total 20970496K, used 11382673K [0x0000000080200000, 0x0000000580100000, 0x0000000580100000)
  object space 20970496K, 54% used [0x0000000080200000,0x0000000336de46c8,0x0000000580100000)
 Metaspace       used 13755K, capacity 13948K, committed 14080K, reserved 1062912K
  class space    used 1180K, capacity 1254K, committed 1280K, reserved 1048576K
Event: 3028.852 GC heap after
Heap after GC invocations=761 (full 94):
 PSYoungGen      total 6989824K, used 2851172K [0x0000000580100000, 0x0000000800000000, 0x0000000800000000)
  eden space 3494912K, 0% used [0x0000000580100000,0x0000000580100000,0x0000000655600000)
  from space 3494912K, 81% used [0x000000072ab00000,0x00000007d8b59100,0x0000000800000000)
  to   space 3494912K, 0% used [0x0000000655600000,0x0000000655600000,0x000000072ab00000)
 ParOldGen       total 20970496K, used 13021227K [0x0000000080200000, 0x0000000580100000, 0x0000000580100000)
  object space 20970496K, 62% used [0x0000000080200000,0x000000039ae0ad38,0x0000000580100000)
 Metaspace       used 13755K, capacity 13948K, committed 14080K, reserved 1062912K
  class space    used 1180K, capacity 1254K, committed 1280K, reserved 1048576K
}
Event: 3029.742 GC heap before
{Heap before GC invocations=762 (full 94):
 PSYoungGen      total 6989824K, used 6344349K [0x0000000580100000, 0x0000000800000000, 0x0000000800000000)
  eden space 3494912K, 99% used [0x0000000580100000,0x000000065544e520,0x0000000655600000)
  from space 3494912K, 81% used [0x000000072ab00000,0x00000007d8b59100,0x0000000800000000)
  to   space 3494912K, 0% used [0x0000000655600000,0x0000000655600000,0x000000072ab00000)
 ParOldGen       total 20970496K, used 13021227K [0x0000000080200000, 0x0000000580100000, 0x0000000580100000)
  object space 20970496K, 62% used [0x0000000080200000,0x000000039ae0ad38,0x0000000580100000)
 Metaspace       used 13755K, capacity 13948K, committed 14080K, reserved 1062912K
  class space    used 1180K, capacity 1254K, committed 1280K, reserved 1048576K
Event: 3030.079 GC heap after
Heap after GC invocations=762 (full 94):
 PSYoungGen      total 6989824K, used 2732357K [0x0000000580100000, 0x0000000800000000, 0x0000000800000000)
  eden space 3494912K, 0% used [0x0000000580100000,0x0000000580100000,0x0000000655600000)
  from space 3494912K, 78% used [0x0000000655600000,0x00000006fc2516a0,0x000000072ab00000)
  to   space 3494912K, 0% used [0x000000072ab00000,0x000000072ab00000,0x0000000800000000)
 ParOldGen       total 20970496K, used 15126630K [0x0000000080200000, 0x0000000580100000, 0x0000000580100000)
  object space 20970496K, 72% used [0x0000000080200000,0x000000041b619b68,0x0000000580100000)
 Metaspace       used 13755K, capacity 13948K, committed 14080K, reserved 1062912K
  class space    used 1180K, capacity 1254K, committed 1280K, reserved 1048576K
}
Event: 3031.196 GC heap before
{Heap before GC invocations=763 (full 94):
 PSYoungGen      total 6989824K, used 6224758K [0x0000000580100000, 0x0000000800000000, 0x0000000800000000)
  eden space 3494912K, 99% used [0x0000000580100000,0x000000065538c2e0,0x0000000655600000)
  from space 3494912K, 78% used [0x0000000655600000,0x00000006fc2516a0,0x000000072ab00000)
  to   space 3494912K, 0% used [0x000000072ab00000,0x000000072ab00000,0x0000000800000000)
 ParOldGen       total 20970496K, used 15126630K [0x0000000080200000, 0x0000000580100000, 0x0000000580100000)
  object space 20970496K, 72% used [0x0000000080200000,0x000000041b619b68,0x0000000580100000)
 Metaspace       used 13755K, capacity 13948K, committed 14080K, reserved 1062912K
  class space    used 1180K, capacity 1254K, committed 1280K, reserved 1048576K
Event: 3031.422 GC heap after
Heap after GC invocations=763 (full 94):
 PSYoungGen      total 6989824K, used 1753121K [0x0000000580100000, 0x0000000800000000, 0x0000000800000000)
  eden space 3494912K, 0% used [0x0000000580100000,0x0000000580100000,0x0000000655600000)
  from space 3494912K, 50% used [0x000000072ab00000,0x0000000795b086b0,0x0000000800000000)
  to   space 3494912K, 0% used [0x0000000655600000,0x0000000655600000,0x000000072ab00000)
 ParOldGen       total 20970496K, used 16613755K [0x0000000080200000, 0x0000000580100000, 0x0000000580100000)
  object space 20970496K, 79% used [0x0000000080200000,0x000000047625ed48,0x0000000580100000)
 Metaspace       used 13755K, capacity 13948K, committed 14080K, reserved 1062912K
  class space    used 1180K, capacity 1254K, committed 1280K, reserved 1048576K
}
Event: 3045.285 GC heap before
{Heap before GC invocations=764 (full 94):
 PSYoungGen      total 6989824K, used 5248033K [0x0000000580100000, 0x0000000800000000, 0x0000000800000000)
  eden space 3494912K, 100% used [0x0000000580100000,0x0000000655600000,0x0000000655600000)
  from space 3494912K, 50% used [0x000000072ab00000,0x0000000795b086b0,0x0000000800000000)
  to   space 3494912K, 0% used [0x0000000655600000,0x0000000655600000,0x000000072ab00000)
 ParOldGen       total 20970496K, used 16613755K [0x0000000080200000, 0x0000000580100000, 0x0000000580100000)
  object space 20970496K, 79% used [0x0000000080200000,0x000000047625ed48,0x0000000580100000)
 Metaspace       used 13755K, capacity 13948K, committed 14080K, reserved 1062912K
  class space    used 1180K, capacity 1254K, committed 1280K, reserved 1048576K
Event: 3045.474 GC heap after
Heap after GC invocations=764 (full 94):
 PSYoungGen      total 6989824K, used 1975107K [0x0000000580100000, 0x0000000800000000, 0x0000000800000000)
  eden space 3494912K, 0% used [0x0000000580100000,0x0000000580100000,0x0000000655600000)
  from space 3494912K, 56% used [0x0000000655600000,0x00000006cded0c90,0x000000072ab00000)
  to   space 3494912K, 0% used [0x000000072ab00000,0x000000072ab00000,0x0000000800000000)
 ParOldGen       total 20970496K, used 18350460K [0x0000000080200000, 0x0000000580100000, 0x0000000580100000)
  object space 20970496K, 87% used [0x0000000080200000,0x00000004e025f3e8,0x0000000580100000)
 Metaspace       used 13755K, capacity 13948K, committed 14080K, reserved 1062912K
  class space    used 1180K, capacity 1254K, committed 1280K, reserved 1048576K
}
Event: 3046.971 GC heap before
{Heap before GC invocations=765 (full 94):
 PSYoungGen      total 6989824K, used 5468389K [0x0000000580100000, 0x0000000800000000, 0x0000000800000000)
  eden space 3494912K, 99% used [0x0000000580100000,0x0000000655468b60,0x0000000655600000)
  from space 3494912K, 56% used [0x0000000655600000,0x00000006cded0c90,0x000000072ab00000)
  to   space 3494912K, 0% used [0x000000072ab00000,0x000000072ab00000,0x0000000800000000)
 ParOldGen       total 20970496K, used 18350460K [0x0000000080200000, 0x0000000580100000, 0x0000000580100000)
  object space 20970496K, 87% used [0x0000000080200000,0x00000004e025f3e8,0x0000000580100000)
 Metaspace       used 13755K, capacity 13948K, committed 14080K, reserved 1062912K
  class space    used 1180K, capacity 1254K, committed 1280K, reserved 1048576K
Event: 3047.255 GC heap after
Heap after GC invocations=765 (full 94):
 PSYoungGen      total 6989824K, used 3465347K [0x0000000580100000, 0x0000000800000000, 0x0000000800000000)
  eden space 3494912K, 0% used [0x0000000580100000,0x0000000580100000,0x0000000655600000)
  from space 3494912K, 99% used [0x000000072ab00000,0x00000007fe320e90,0x0000000800000000)
  to   space 3494912K, 0% used [0x0000000655600000,0x0000000655600000,0x000000072ab00000)
 ParOldGen       total 20970496K, used 20324864K [0x0000000080200000, 0x0000000580100000, 0x0000000580100000)
  object space 20970496K, 96% used [0x0000000080200000,0x0000000558a80068,0x0000000580100000)
 Metaspace       used 13755K, capacity 13948K, committed 14080K, reserved 1062912K
  class space    used 1180K, capacity 1254K, committed 1280K, reserved 1048576K
}
Event: 3047.255 GC heap before
{Heap before GC invocations=766 (full 95):
 PSYoungGen      total 6989824K, used 3465347K [0x0000000580100000, 0x0000000800000000, 0x0000000800000000)
  eden space 3494912K, 0% used [0x0000000580100000,0x0000000580100000,0x0000000655600000)
  from space 3494912K, 99% used [0x000000072ab00000,0x00000007fe320e90,0x0000000800000000)
  to   space 3494912K, 0% used [0x0000000655600000,0x0000000655600000,0x000000072ab00000)
 ParOldGen       total 20970496K, used 20324864K [0x0000000080200000, 0x0000000580100000, 0x0000000580100000)
  object space 20970496K, 96% used [0x0000000080200000,0x0000000558a80068,0x0000000580100000)
 Metaspace       used 13755K, capacity 13948K, committed 14080K, reserved 1062912K
  class space    used 1180K, capacity 1254K, committed 1280K, reserved 1048576K
Event: 3047.856 GC heap after
Heap after GC invocations=766 (full 95):
 PSYoungGen      total 6989824K, used 0K [0x0000000580100000, 0x0000000800000000, 0x0000000800000000)
  eden space 3494912K, 0% used [0x0000000580100000,0x0000000580100000,0x0000000655600000)
  from space 3494912K, 0% used [0x000000072ab00000,0x000000072ab00000,0x0000000800000000)
  to   space 3494912K, 0% used [0x0000000655600000,0x0000000655600000,0x000000072ab00000)
 ParOldGen       total 20970496K, used 4738686K [0x0000000080200000, 0x0000000580100000, 0x0000000580100000)
  object space 20970496K, 22% used [0x0000000080200000,0x00000001a159fae0,0x0000000580100000)
 Metaspace       used 13755K, capacity 13948K, committed 14080K, reserved 1062912K
  class space    used 1180K, capacity 1254K, committed 1280K, reserved 1048576K
}
Event: 3049.025 GC heap before
{Heap before GC invocations=767 (full 95):
 PSYoungGen      total 6989824K, used 3478678K [0x0000000580100000, 0x0000000800000000, 0x0000000800000000)
  eden space 3494912K, 99% used [0x0000000580100000,0x0000000654625ac0,0x0000000655600000)
  from space 3494912K, 0% used [0x000000072ab00000,0x000000072ab00000,0x0000000800000000)
  to   space 3494912K, 0% used [0x0000000655600000,0x0000000655600000,0x000000072ab00000)
 ParOldGen       total 20970496K, used 4738686K [0x0000000080200000, 0x0000000580100000, 0x0000000580100000)
  object space 20970496K, 22% used [0x0000000080200000,0x00000001a159fae0,0x0000000580100000)
 Metaspace       used 13755K, capacity 13948K, committed 14080K, reserved 1062912K
  class space    used 1180K, capacity 1254K, committed 1280K, reserved 1048576K
Event: 3049.167 GC heap after
Heap after GC invocations=767 (full 95):
 PSYoungGen      total 6989824K, used 1798468K [0x0000000580100000, 0x0000000800000000, 0x0000000800000000)
  eden space 3494912K, 0% used [0x0000000580100000,0x0000000580100000,0x0000000655600000)
  from space 3494912K, 51% used [0x0000000655600000,0x00000006c3251310,0x000000072ab00000)
  to   space 3494912K, 0% used [0x000000072ab00000,0x000000072ab00000,0x0000000800000000)
 ParOldGen       total 20970496K, used 4738686K [0x0000000080200000, 0x0000000580100000, 0x0000000580100000)
  object space 20970496K, 22% used [0x0000000080200000,0x00000001a159fae0,0x0000000580100000)
 Metaspace       used 13755K, capacity 13948K, committed 14080K, reserved 1062912K
  class space    used 1180K, capacity 1254K, committed 1280K, reserved 1048576K
}
Event: 3058.876 GC heap before
{Heap before GC invocations=768 (full 95):
 PSYoungGen      total 6989824K, used 5277944K [0x0000000580100000, 0x0000000800000000, 0x0000000800000000)
  eden space 3494912K, 99% used [0x0000000580100000,0x00000006546ecee8,0x0000000655600000)
  from space 3494912K, 51% used [0x0000000655600000,0x00000006c3251310,0x000000072ab00000)
  to   space 3494912K, 0% used [0x000000072ab00000,0x000000072ab00000,0x0000000800000000)
 ParOldGen       total 20970496K, used 4738686K [0x0000000080200000, 0x0000000580100000, 0x0000000580100000)
  object space 20970496K, 22% used [0x0000000080200000,0x00000001a159fae0,0x0000000580100000)
 Metaspace       used 13755K, capacity 13948K, committed 14080K, reserved 1062912K
  class space    used 1180K, capacity 1254K, committed 1280K, reserved 1048576K
Event: 3059.114 GC heap after
Heap after GC invocations=768 (full 95):
 PSYoungGen      total 6989824K, used 1599599K [0x0000000580100000, 0x0000000800000000, 0x0000000800000000)
  eden space 3494912K, 0% used [0x0000000580100000,0x0000000580100000,0x0000000655600000)
  from space 3494912K, 45% used [0x000000072ab00000,0x000000078c51bd40,0x0000000800000000)
  to   space 3494912K, 0% used [0x0000000655600000,0x0000000655600000,0x000000072ab00000)
 ParOldGen       total 20970496K, used 6422411K [0x0000000080200000, 0x0000000580100000, 0x0000000580100000)
  object space 20970496K, 30% used [0x0000000080200000,0x00000002081e2d80,0x0000000580100000)
 Metaspace       used 13755K, capacity 13948K, committed 14080K, reserved 1062912K
  class space    used 1180K, capacity 1254K, committed 1280K, reserved 1048576K
}
Event: 3064.593 GC heap before
{Heap before GC invocations=769 (full 95):
 PSYoungGen      total 6989824K, used 5088664K [0x0000000580100000, 0x0000000800000000, 0x0000000800000000)
  eden space 3494912K, 99% used [0x0000000580100000,0x000000065504a460,0x0000000655600000)
  from space 3494912K, 45% used [0x000000072ab00000,0x000000078c51bd40,0x0000000800000000)
  to   space 3494912K, 0% used [0x0000000655600000,0x0000000655600000,0x000000072ab00000)
 ParOldGen       total 20970496K, used 6422411K [0x0000000080200000, 0x0000000580100000, 0x0000000580100000)
  object space 20970496K, 30% used [0x0000000080200000,0x00000002081e2d80,0x0000000580100000)
 Metaspace       used 13755K, capacity 13948K, committed 14080K, reserved 1062912K
  class space    used 1180K, capacity 1254K, committed 1280K, reserved 1048576K
Event: 3064.863 GC heap after
Heap after GC invocations=769 (full 95):
 PSYoungGen      total 6989824K, used 2998724K [0x0000000580100000, 0x0000000800000000, 0x0000000800000000)
  eden space 3494912K, 0% used [0x0000000580100000,0x0000000580100000,0x0000000655600000)
  from space 3494912K, 85% used [0x0000000655600000,0x000000070c671190,0x000000072ab00000)
  to   space 3494912K, 0% used [0x000000072ab00000,0x000000072ab00000,0x0000000800000000)
 ParOldGen       total 20970496K, used 7962676K [0x0000000080200000, 0x0000000580100000, 0x0000000580100000)
  object space 20970496K, 37% used [0x0000000080200000,0x000000026620d390,0x0000000580100000)
 Metaspace       used 13755K, capacity 13948K, committed 14080K, reserved 1062912K
  class space    used 1180K, capacity 1254K, committed 1280K, reserved 1048576K
}
Event: 3065.680 GC heap before
{Heap before GC invocations=770 (full 95):
 PSYoungGen      total 6989824K, used 6492590K [0x0000000580100000, 0x0000000800000000, 0x0000000800000000)
  eden space 3494912K, 99% used [0x0000000580100000,0x00000006554fa9c0,0x0000000655600000)
  from space 3494912K, 85% used [0x0000000655600000,0x000000070c671190,0x000000072ab00000)
  to   space 3494912K, 0% used [0x000000072ab00000,0x000000072ab00000,0x0000000800000000)
 ParOldGen       total 20970496K, used 7962676K [0x0000000080200000, 0x0000000580100000, 0x0000000580100000)
  object space 20970496K, 37% used [0x0000000080200000,0x000000026620d390,0x0000000580100000)
 Metaspace       used 13755K, capacity 13948K, committed 14080K, reserved 1062912K
  class space    used 1180K, capacity 1254K, committed 1280K, reserved 1048576K
Event: 3065.933 GC heap after
Heap after GC invocations=770 (full 95):
 PSYoungGen      total 6989824K, used 2666821K [0x0000000580100000, 0x0000000800000000, 0x0000000800000000)
  eden space 3494912K, 0% used [0x0000000580100000,0x0000000580100000,0x0000000655600000)
  from space 3494912K, 76% used [0x000000072ab00000,0x00000007cd751660,0x0000000800000000)
  to   space 3494912K, 0% used [0x0000000655600000,0x0000000655600000,0x000000072ab00000)
 ParOldGen       total 20970496K, used 10141792K [0x0000000080200000, 0x0000000580100000, 0x0000000580100000)
  object space 20970496K, 48% used [0x0000000080200000,0x00000002eb218200,0x0000000580100000)
 Metaspace       used 13755K, capacity 13948K, committed 14080K, reserved 1062912K
  class space    used 1180K, capacity 1254K, committed 1280K, reserved 1048576K
}
Event: 3067.000 GC heap before
{Heap before GC invocations=771 (full 95):
 PSYoungGen      total 6989824K, used 6159446K [0x0000000580100000, 0x0000000800000000, 0x0000000800000000)
  eden space 3494912K, 99% used [0x0000000580100000,0x00000006553c42c0,0x0000000655600000)
  from space 3494912K, 76% used [0x000000072ab00000,0x00000007cd751660,0x0000000800000000)
  to   space 3494912K, 0% used [0x0000000655600000,0x0000000655600000,0x000000072ab00000)
 ParOldGen       total 20970496K, used 10141792K [0x0000000080200000, 0x0000000580100000, 0x0000000580100000)
  object space 20970496K, 48% used [0x0000000080200000,0x00000002eb218200,0x0000000580100000)
 Metaspace       used 13755K, capacity 13948K, committed 14080K, reserved 1062912K
  class space    used 1180K, capacity 1254K, committed 1280K, reserved 1048576K
Event: 3067.154 GC heap after
Heap after GC invocations=771 (full 95):
 PSYoungGen      total 6989824K, used 1753121K [0x0000000580100000, 0x0000000800000000, 0x0000000800000000)
  eden space 3494912K, 0% used [0x0000000580100000,0x0000000580100000,0x0000000655600000)
  from space 3494912K, 50% used [0x0000000655600000,0x00000006c06086b0,0x000000072ab00000)
  to   space 3494912K, 0% used [0x000000072ab00000,0x000000072ab00000,0x0000000800000000)
 ParOldGen       total 20970496K, used 11612532K [0x0000000080200000, 0x0000000580100000, 0x0000000580100000)
  object space 20970496K, 55% used [0x0000000080200000,0x0000000344e5d3d0,0x0000000580100000)
 Metaspace       used 13755K, capacity 13948K, committed 14080K, reserved 1062912K
  class space    used 1180K, capacity 1254K, committed 1280K, reserved 1048576K
}
Event: 3080.826 GC heap before
{Heap before GC invocations=772 (full 95):
 PSYoungGen      total 6989824K, used 5248033K [0x0000000580100000, 0x0000000800000000, 0x0000000800000000)
  eden space 3494912K, 100% used [0x0000000580100000,0x0000000655600000,0x0000000655600000)
  from space 3494912K, 50% used [0x0000000655600000,0x00000006c06086b0,0x000000072ab00000)
  to   space 3494912K, 0% used [0x000000072ab00000,0x000000072ab00000,0x0000000800000000)
 ParOldGen       total 20970496K, used 11612532K [0x0000000080200000, 0x0000000580100000, 0x0000000580100000)
  object space 20970496K, 55% used [0x0000000080200000,0x0000000344e5d3d0,0x0000000580100000)
 Metaspace       used 13758K, capacity 13948K, committed 14080K, reserved 1062912K
  class space    used 1180K, capacity 1254K, committed 1280K, reserved 1048576K
Event: 3081.241 GC heap after
Heap after GC invocations=772 (full 95):
 PSYoungGen      total 6989824K, used 1803170K [0x0000000580100000, 0x0000000800000000, 0x0000000800000000)
  eden space 3494912K, 0% used [0x0000000580100000,0x0000000580100000,0x0000000655600000)
  from space 3494912K, 51% used [0x000000072ab00000,0x0000000798be8b90,0x0000000800000000)
  to   space 3494912K, 0% used [0x0000000655600000,0x0000000655600000,0x000000072ab00000)
 ParOldGen       total 20970496K, used 13365622K [0x0000000080200000, 0x0000000580100000, 0x0000000580100000)
  object space 20970496K, 63% used [0x0000000080200000,0x00000003afe5da80,0x0000000580100000)
 Metaspace       used 13758K, capacity 13948K, committed 14080K, reserved 1062912K
  class space    used 1180K, capacity 1254K, committed 1280K, reserved 1048576K
}
Event: 3082.711 GC heap before
{Heap before GC invocations=773 (full 95):
 PSYoungGen      total 6989824K, used 5285405K [0x0000000580100000, 0x0000000800000000, 0x0000000800000000)
  eden space 3494912K, 99% used [0x0000000580100000,0x000000065499ea98,0x0000000655600000)
  from space 3494912K, 51% used [0x000000072ab00000,0x0000000798be8b90,0x0000000800000000)
  to   space 3494912K, 0% used [0x0000000655600000,0x0000000655600000,0x000000072ab00000)
 ParOldGen       total 20970496K, used 13365622K [0x0000000080200000, 0x0000000580100000, 0x0000000580100000)
  object space 20970496K, 63% used [0x0000000080200000,0x00000003afe5da80,0x0000000580100000)
 Metaspace       used 13758K, capacity 13948K, committed 14080K, reserved 1062912K
  class space    used 1180K, capacity 1254K, committed 1280K, reserved 1048576K
Event: 3083.020 GC heap after
Heap after GC invocations=773 (full 95):
 PSYoungGen      total 6989824K, used 3440803K [0x0000000580100000, 0x0000000800000000, 0x0000000800000000)
  eden space 3494912K, 0% used [0x0000000580100000,0x0000000580100000,0x0000000655600000)
  from space 3494912K, 98% used [0x0000000655600000,0x0000000727628ed0,0x000000072ab00000)
  to   space 3494912K, 0% used [0x000000072ab00000,0x000000072ab00000,0x0000000800000000)
 ParOldGen       total 20970496K, used 15168041K [0x0000000080200000, 0x0000000580100000, 0x0000000580100000)
  object space 20970496K, 72% used [0x0000000080200000,0x000000041de8a600,0x0000000580100000)
 Metaspace       used 13758K, capacity 13948K, committed 14080K, reserved 1062912K
  class space    used 1180K, capacity 1254K, committed 1280K, reserved 1048576K
}
Event: 3084.198 GC heap before
{Heap before GC invocations=774 (full 95):
 PSYoungGen      total 6989824K, used 6933648K [0x0000000580100000, 0x0000000800000000, 0x0000000800000000)
  eden space 3494912K, 99% used [0x0000000580100000,0x00000006553fb360,0x0000000655600000)
  from space 3494912K, 98% used [0x0000000655600000,0x0000000727628ed0,0x000000072ab00000)
  to   space 3494912K, 0% used [0x000000072ab00000,0x000000072ab00000,0x0000000800000000)
 ParOldGen       total 20970496K, used 15168041K [0x0000000080200000, 0x0000000580100000, 0x0000000580100000)
  object space 20970496K, 72% used [0x0000000080200000,0x000000041de8a600,0x0000000580100000)
 Metaspace       used 13758K, capacity 13948K, committed 14080K, reserved 1062912K
  class space    used 1180K, capacity 1254K, committed 1280K, reserved 1048576K
Event: 3084.383 GC heap after
Heap after GC invocations=774 (full 95):
 PSYoungGen      total 6989824K, used 1864004K [0x0000000580100000, 0x0000000800000000, 0x0000000800000000)
  eden space 3494912K, 0% used [0x0000000580100000,0x0000000580100000,0x0000000655600000)
  from space 3494912K, 53% used [0x000000072ab00000,0x000000079c751350,0x0000000800000000)
  to   space 3494912K, 0% used [0x0000000655600000,0x0000000655600000,0x000000072ab00000)
 ParOldGen       total 20970496K, used 16986691K [0x0000000080200000, 0x0000000580100000, 0x0000000580100000)
  object space 20970496K, 81% used [0x0000000080200000,0x000000048ce90ea0,0x0000000580100000)
 Metaspace       used 13758K, capacity 13948K, committed 14080K, reserved 1062912K
  class space    used 1180K, capacity 1254K, committed 1280K, reserved 1048576K
}
Event: 3092.657 GC heap before
{Heap before GC invocations=775 (full 95):
 PSYoungGen      total 6989824K, used 5358916K [0x0000000580100000, 0x0000000800000000, 0x0000000800000000)
  eden space 3494912K, 100% used [0x0000000580100000,0x0000000655600000,0x0000000655600000)
  from space 3494912K, 53% used [0x000000072ab00000,0x000000079c751350,0x0000000800000000)
  to   space 3494912K, 0% used [0x0000000655600000,0x0000000655600000,0x000000072ab00000)
 ParOldGen       total 20970496K, used 16986691K [0x0000000080200000, 0x0000000580100000, 0x0000000580100000)
  object space 20970496K, 81% used [0x0000000080200000,0x000000048ce90ea0,0x0000000580100000)
 Metaspace       used 13758K, capacity 13948K, committed 14080K, reserved 1062912K
  class space    used 1180K, capacity 1254K, committed 1280K, reserved 1048576K
Event: 3092.844 GC heap after
Heap after GC invocations=775 (full 95):
 PSYoungGen      total 6989824K, used 2029683K [0x0000000580100000, 0x0000000800000000, 0x0000000800000000)
  eden space 3494912K, 0% used [0x0000000580100000,0x0000000580100000,0x0000000655600000)
  from space 3494912K, 58% used [0x0000000655600000,0x00000006d141cc70,0x000000072ab00000)
  to   space 3494912K, 0% used [0x000000072ab00000,0x000000072ab00000,0x0000000800000000)
 ParOldGen       total 20970496K, used 18621264K [0x0000000080200000, 0x0000000580100000, 0x0000000580100000)
  object space 20970496K, 88% used [0x0000000080200000,0x00000004f0ad4110,0x0000000580100000)
 Metaspace       used 13758K, capacity 13948K, committed 14080K, reserved 1062912K
  class space    used 1180K, capacity 1254K, committed 1280K, reserved 1048576K
}
Event: 3100.036 GC heap before
{Heap before GC invocations=776 (full 95):
 PSYoungGen      total 6989824K, used 5517288K [0x0000000580100000, 0x0000000800000000, 0x0000000800000000)
  eden space 3494912K, 99% used [0x0000000580100000,0x0000000654edd458,0x0000000655600000)
  from space 3494912K, 58% used [0x0000000655600000,0x00000006d141cc70,0x000000072ab00000)
  to   space 3494912K, 0% used [0x000000072ab00000,0x000000072ab00000,0x0000000800000000)
 ParOldGen       total 20970496K, used 18621264K [0x0000000080200000, 0x0000000580100000, 0x0000000580100000)
  object space 20970496K, 88% used [0x0000000080200000,0x00000004f0ad4110,0x0000000580100000)
 Metaspace       used 13758K, capacity 13948K, committed 14080K, reserved 1062912K
  class space    used 1180K, capacity 1254K, committed 1280K, reserved 1048576K
Event: 3100.493 GC heap after
Heap after GC invocations=776 (full 95):
 PSYoungGen      total 6989824K, used 2883908K [0x0000000580100000, 0x0000000800000000, 0x0000000800000000)
  eden space 3494912K, 0% used [0x0000000580100000,0x0000000580100000,0x0000000655600000)
  from space 3494912K, 82% used [0x000000072ab00000,0x00000007dab51120,0x0000000800000000)
  to   space 3494912K, 0% used [0x0000000655600000,0x0000000655600000,0x000000072ab00000)
 ParOldGen       total 20970496K, used 20210689K [0x0000000080200000, 0x0000000580100000, 0x0000000580100000)
  object space 20970496K, 96% used [0x0000000080200000,0x0000000551b00750,0x0000000580100000)
 Metaspace       used 13758K, capacity 13948K, committed 14080K, reserved 1062912K
  class space    used 1180K, capacity 1254K, committed 1280K, reserved 1048576K
}
Event: 3100.493 GC heap before
{Heap before GC invocations=777 (full 96):
 PSYoungGen      total 6989824K, used 2883908K [0x0000000580100000, 0x0000000800000000, 0x0000000800000000)
  eden space 3494912K, 0% used [0x0000000580100000,0x0000000580100000,0x0000000655600000)
  from space 3494912K, 82% used [0x000000072ab00000,0x00000007dab51120,0x0000000800000000)
  to   space 3494912K, 0% used [0x0000000655600000,0x0000000655600000,0x000000072ab00000)
 ParOldGen       total 20970496K, used 20210689K [0x0000000080200000, 0x0000000580100000, 0x0000000580100000)
  object space 20970496K, 96% used [0x0000000080200000,0x0000000551b00750,0x0000000580100000)
 Metaspace       used 13758K, capacity 13948K, committed 14080K, reserved 1062912K
  class space    used 1180K, capacity 1254K, committed 1280K, reserved 1048576K
Event: 3100.999 GC heap after
Heap after GC invocations=777 (full 96):
 PSYoungGen      total 6989824K, used 0K [0x0000000580100000, 0x0000000800000000, 0x0000000800000000)
  eden space 3494912K, 0% used [0x0000000580100000,0x0000000580100000,0x0000000655600000)
  from space 3494912K, 0% used [0x000000072ab00000,0x000000072ab00000,0x0000000800000000)
  to   space 3494912K, 0% used [0x0000000655600000,0x0000000655600000,0x000000072ab00000)
 ParOldGen       total 20970496K, used 2925086K [0x0000000080200000, 0x0000000580100000, 0x0000000580100000)
  object space 20970496K, 13% used [0x0000000080200000,0x0000000132a87a60,0x0000000580100000)
 Metaspace       used 13758K, capacity 13948K, committed 14080K, reserved 1062912K
  class space    used 1180K, capacity 1254K, committed 1280K, reserved 1048576K
}
Event: 3101.858 GC heap before
{Heap before GC invocations=778 (full 96):
 PSYoungGen      total 6989824K, used 3493077K [0x0000000580100000, 0x0000000800000000, 0x0000000800000000)
  eden space 3494912K, 99% used [0x0000000580100000,0x00000006554354f0,0x0000000655600000)
  from space 3494912K, 0% used [0x000000072ab00000,0x000000072ab00000,0x0000000800000000)
  to   space 3494912K, 0% used [0x0000000655600000,0x0000000655600000,0x000000072ab00000)
 ParOldGen       total 20970496K, used 2925086K [0x0000000080200000, 0x0000000580100000, 0x0000000580100000)
  object space 20970496K, 13% used [0x0000000080200000,0x0000000132a87a60,0x0000000580100000)
 Metaspace       used 13758K, capacity 13948K, committed 14080K, reserved 1062912K
  class space    used 1180K, capacity 1254K, committed 1280K, reserved 1048576K
Event: 3101.996 GC heap after
Heap after GC invocations=778 (full 96):
 PSYoungGen      total 6989824K, used 2715973K [0x0000000580100000, 0x0000000800000000, 0x0000000800000000)
  eden space 3494912K, 0% used [0x0000000580100000,0x0000000580100000,0x0000000655600000)
  from space 3494912K, 77% used [0x0000000655600000,0x00000006fb251690,0x000000072ab00000)
  to   space 3494912K, 0% used [0x000000072ab00000,0x000000072ab00000,0x0000000800000000)
 ParOldGen       total 20970496K, used 2925086K [0x0000000080200000, 0x0000000580100000, 0x0000000580100000)
  object space 20970496K, 13% used [0x0000000080200000,0x0000000132a87a60,0x0000000580100000)
 Metaspace       used 13758K, capacity 13948K, committed 14080K, reserved 1062912K
  class space    used 1180K, capacity 1254K, committed 1280K, reserved 1048576K
}
Event: 3103.259 GC heap before
{Heap before GC invocations=779 (full 96):
 PSYoungGen      total 6989824K, used 6207871K [0x0000000580100000, 0x0000000800000000, 0x0000000800000000)
  eden space 3494912K, 99% used [0x0000000580100000,0x000000065530e5c8,0x0000000655600000)
  from space 3494912K, 77% used [0x0000000655600000,0x00000006fb251690,0x000000072ab00000)
  to   space 3494912K, 0% used [0x000000072ab00000,0x000000072ab00000,0x0000000800000000)
 ParOldGen       total 20970496K, used 2925086K [0x0000000080200000, 0x0000000580100000, 0x0000000580100000)
  object space 20970496K, 13% used [0x0000000080200000,0x0000000132a87a60,0x0000000580100000)
 Metaspace       used 13758K, capacity 13948K, committed 14080K, reserved 1062912K
  class space    used 1180K, capacity 1254K, committed 1280K, reserved 1048576K
Event: 3103.416 GC heap after
Heap after GC invocations=779 (full 96):
 PSYoungGen      total 6989824K, used 1753121K [0x0000000580100000, 0x0000000800000000, 0x0000000800000000)
  eden space 3494912K, 0% used [0x0000000580100000,0x0000000580100000,0x0000000655600000)
  from space 3494912K, 50% used [0x000000072ab00000,0x0000000795b086b0,0x0000000800000000)
  to   space 3494912K, 0% used [0x0000000655600000,0x0000000655600000,0x000000072ab00000)
 ParOldGen       total 20970496K, used 4412211K [0x0000000080200000, 0x0000000580100000, 0x0000000580100000)
  object space 20970496K, 21% used [0x0000000080200000,0x000000018d6ccc40,0x0000000580100000)
 Metaspace       used 13758K, capacity 13948K, committed 14080K, reserved 1062912K
  class space    used 1180K, capacity 1254K, committed 1280K, reserved 1048576K
}
Event: 3116.812 GC heap before
{Heap before GC invocations=780 (full 96):
 PSYoungGen      total 6989824K, used 5248033K [0x0000000580100000, 0x0000000800000000, 0x0000000800000000)
  eden space 3494912K, 100% used [0x0000000580100000,0x0000000655600000,0x0000000655600000)
  from space 3494912K, 50% used [0x000000072ab00000,0x0000000795b086b0,0x0000000800000000)
  to   space 3494912K, 0% used [0x0000000655600000,0x0000000655600000,0x000000072ab00000)
 ParOldGen       total 20970496K, used 4412211K [0x0000000080200000, 0x0000000580100000, 0x0000000580100000)
  object space 20970496K, 21% used [0x0000000080200000,0x000000018d6ccc40,0x0000000580100000)
 Metaspace       used 13758K, capacity 13948K, committed 14080K, reserved 1062912K
  class space    used 1180K, capacity 1254K, committed 1280K, reserved 1048576K
Event: 3116.985 GC heap after
Heap after GC invocations=780 (full 96):
 PSYoungGen      total 6989824K, used 2024259K [0x0000000580100000, 0x0000000800000000, 0x0000000800000000)
  eden space 3494912K, 0% used [0x0000000580100000,0x0000000580100000,0x0000000655600000)
  from space 3494912K, 57% used [0x0000000655600000,0x00000006d0ed0d00,0x000000072ab00000)
  to   space 3494912K, 0% used [0x000000072ab00000,0x000000072ab00000,0x0000000800000000)
 ParOldGen       total 20970496K, used 6148924K [0x0000000080200000, 0x0000000580100000, 0x0000000580100000)
  object space 20970496K, 29% used [0x0000000080200000,0x00000001f76cf2e0,0x0000000580100000)
 Metaspace       used 13758K, capacity 13948K, committed 14080K, reserved 1062912K
  class space    used 1180K, capacity 1254K, committed 1280K, reserved 1048576K
}
Event: 3118.022 GC heap before
{Heap before GC invocations=781 (full 96):
 PSYoungGen      total 6989824K, used 5517514K [0x0000000580100000, 0x0000000800000000, 0x0000000800000000)
  eden space 3494912K, 99% used [0x0000000580100000,0x0000000655461ce0,0x0000000655600000)
  from space 3494912K, 57% used [0x0000000655600000,0x00000006d0ed0d00,0x000000072ab00000)
  to   space 3494912K, 0% used [0x000000072ab00000,0x000000072ab00000,0x0000000800000000)
 ParOldGen       total 20970496K, used 6148924K [0x0000000080200000, 0x0000000580100000, 0x0000000580100000)
  object space 20970496K, 29% used [0x0000000080200000,0x00000001f76cf2e0,0x0000000580100000)
 Metaspace       used 13758K, capacity 13948K, committed 14080K, reserved 1062912K
  class space    used 1180K, capacity 1254K, committed 1280K, reserved 1048576K
Event: 3118.292 GC heap after
Heap after GC invocations=781 (full 96):
 PSYoungGen      total 6989824K, used 3465379K [0x0000000580100000, 0x0000000800000000, 0x0000000800000000)
  eden space 3494912K, 0% used [0x0000000580100000,0x0000000580100000,0x0000000655600000)
  from space 3494912K, 99% used [0x000000072ab00000,0x00000007fe328e50,0x0000000800000000)
  to   space 3494912K, 0% used [0x0000000655600000,0x0000000655600000,0x000000072ab00000)
 ParOldGen       total 20970496K, used 8180775K [0x0000000080200000, 0x0000000580100000, 0x0000000580100000)
  object space 20970496K, 39% used [0x0000000080200000,0x0000000273709fe0,0x0000000580100000)
 Metaspace       used 13758K, capacity 13948K, committed 14080K, reserved 1062912K
  class space    used 1180K, capacity 1254K, committed 1280K, reserved 1048576K
}
Event: 3119.597 GC heap before
{Heap before GC invocations=782 (full 96):
 PSYoungGen      total 6989824K, used 6957710K [0x0000000580100000, 0x0000000800000000, 0x0000000800000000)
  eden space 3494912K, 99% used [0x0000000580100000,0x000000065537ab80,0x0000000655600000)
  from space 3494912K, 99% used [0x000000072ab00000,0x00000007fe328e50,0x0000000800000000)
  to   space 3494912K, 0% used [0x0000000655600000,0x0000000655600000,0x000000072ab00000)
 ParOldGen       total 20970496K, used 8180775K [0x0000000080200000, 0x0000000580100000, 0x0000000580100000)
  object space 20970496K, 39% used [0x0000000080200000,0x0000000273709fe0,0x0000000580100000)
 Metaspace       used 13758K, capacity 13948K, committed 14080K, reserved 1062912K
  class space    used 1180K, capacity 1254K, committed 1280K, reserved 1048576K
Event: 3119.784 GC heap after
Heap after GC invocations=782 (full 96):
 PSYoungGen      total 6989824K, used 1765700K [0x0000000580100000, 0x0000000800000000, 0x0000000800000000)
  eden space 3494912K, 0% used [0x0000000580100000,0x0000000580100000,0x0000000655600000)
  from space 3494912K, 50% used [0x0000000655600000,0x00000006c12512f0,0x000000072ab00000)
  to   space 3494912K, 0% used [0x000000072ab00000,0x000000072ab00000,0x0000000800000000)
 ParOldGen       total 20970496K, used 9925697K [0x0000000080200000, 0x0000000580100000, 0x0000000580100000)
  object space 20970496K, 47% used [0x0000000080200000,0x00000002ddf107a0,0x0000000580100000)
 Metaspace       used 13758K, capacity 13948K, committed 14080K, reserved 1062912K
  class space    used 1180K, capacity 1254K, committed 1280K, reserved 1048576K
}
Event: 3130.681 GC heap before
{Heap before GC invocations=783 (full 96):
 PSYoungGen      total 6989824K, used 5260612K [0x0000000580100000, 0x0000000800000000, 0x0000000800000000)
  eden space 3494912K, 100% used [0x0000000580100000,0x0000000655600000,0x0000000655600000)
  from space 3494912K, 50% used [0x0000000655600000,0x00000006c12512f0,0x000000072ab00000)
  to   space 3494912K, 0% used [0x000000072ab00000,0x000000072ab00000,0x0000000800000000)
 ParOldGen       total 20970496K, used 9925697K [0x0000000080200000, 0x0000000580100000, 0x0000000580100000)
  object space 20970496K, 47% used [0x0000000080200000,0x00000002ddf107a0,0x0000000580100000)
 Metaspace       used 13758K, capacity 13948K, committed 14080K, reserved 1062912K
  class space    used 1180K, capacity 1254K, committed 1280K, reserved 1048576K
Event: 3131.006 GC heap after
Heap after GC invocations=783 (full 96):
 PSYoungGen      total 6989824K, used 1557912K [0x0000000580100000, 0x0000000800000000, 0x0000000800000000)
  eden space 3494912K, 0% used [0x0000000580100000,0x0000000580100000,0x0000000655600000)
  from space 3494912K, 44% used [0x000000072ab00000,0x0000000789c66120,0x0000000800000000)
  to   space 3494912K, 0% used [0x0000000655600000,0x0000000655600000,0x000000072ab00000)
 ParOldGen       total 20970496K, used 11658574K [0x0000000080200000, 0x0000000580100000, 0x0000000580100000)
  object space 20970496K, 55% used [0x0000000080200000,0x0000000347b53a70,0x0000000580100000)
 Metaspace       used 13758K, capacity 13948K, committed 14080K, reserved 1062912K
  class space    used 1180K, capacity 1254K, committed 1280K, reserved 1048576K
}
Event: 3136.107 GC heap before
{Heap before GC invocations=784 (full 96):
 PSYoungGen      total 6989824K, used 5051249K [0x0000000580100000, 0x0000000800000000, 0x0000000800000000)
  eden space 3494912K, 99% used [0x0000000580100000,0x00000006554763e8,0x0000000655600000)
  from space 3494912K, 44% used [0x000000072ab00000,0x0000000789c66120,0x0000000800000000)
  to   space 3494912K, 0% used [0x0000000655600000,0x0000000655600000,0x000000072ab00000)
 ParOldGen       total 20970496K, used 11658574K [0x0000000080200000, 0x0000000580100000, 0x0000000580100000)
  object space 20970496K, 55% used [0x0000000080200000,0x0000000347b53a70,0x0000000580100000)
 Metaspace       used 13758K, capacity 13948K, committed 14080K, reserved 1062912K
  class space    used 1180K, capacity 1254K, committed 1280K, reserved 1048576K
Event: 3136.355 GC heap after
Heap after GC invocations=784 (full 96):
 PSYoungGen      total 6989824K, used 3129572K [0x0000000580100000, 0x0000000800000000, 0x0000000800000000)
  eden space 3494912K, 0% used [0x0000000580100000,0x0000000580100000,0x0000000655600000)
  from space 3494912K, 89% used [0x0000000655600000,0x0000000714639210,0x000000072ab00000)
  to   space 3494912K, 0% used [0x000000072ab00000,0x000000072ab00000,0x0000000800000000)
 ParOldGen       total 20970496K, used 13149656K [0x0000000080200000, 0x0000000580100000, 0x0000000580100000)
  object space 20970496K, 62% used [0x0000000080200000,0x00000003a2b76050,0x0000000580100000)
 Metaspace       used 13758K, capacity 13948K, committed 14080K, reserved 1062912K
  class space    used 1180K, capacity 1254K, committed 1280K, reserved 1048576K
}
Event: 3137.135 GC heap before
{Heap before GC invocations=785 (full 96):
 PSYoungGen      total 6989824K, used 6624098K [0x0000000580100000, 0x0000000800000000, 0x0000000800000000)
  eden space 3494912K, 99% used [0x0000000580100000,0x000000065559f6e0,0x0000000655600000)
  from space 3494912K, 89% used [0x0000000655600000,0x0000000714639210,0x000000072ab00000)
  to   space 3494912K, 0% used [0x000000072ab00000,0x000000072ab00000,0x0000000800000000)
 ParOldGen       total 20970496K, used 13149656K [0x0000000080200000, 0x0000000580100000, 0x0000000580100000)
  object space 20970496K, 62% used [0x0000000080200000,0x00000003a2b76050,0x0000000580100000)
 Metaspace       used 13758K, capacity 13948K, committed 14080K, reserved 1062912K
  class space    used 1180K, capacity 1254K, committed 1280K, reserved 1048576K
Event: 3137.397 GC heap after
Heap after GC invocations=785 (full 96):
 PSYoungGen      total 6989824K, used 2601285K [0x0000000580100000, 0x0000000800000000, 0x0000000800000000)
  eden space 3494912K, 0% used [0x0000000580100000,0x0000000580100000,0x0000000655600000)
  from space 3494912K, 74% used [0x000000072ab00000,0x00000007c9751620,0x0000000800000000)
  to   space 3494912K, 0% used [0x0000000655600000,0x0000000655600000,0x000000072ab00000)
 ParOldGen       total 20970496K, used 15394323K [0x0000000080200000, 0x0000000580100000, 0x0000000580100000)
  object space 20970496K, 73% used [0x0000000080200000,0x000000042bb84f00,0x0000000580100000)
 Metaspace       used 13758K, capacity 13948K, committed 14080K, reserved 1062912K
  class space    used 1180K, capacity 1254K, committed 1280K, reserved 1048576K
}
Event: 3138.480 GC heap before
{Heap before GC invocations=786 (full 96):
 PSYoungGen      total 6989824K, used 6094124K [0x0000000580100000, 0x0000000800000000, 0x0000000800000000)
  eden space 3494912K, 99% used [0x0000000580100000,0x00000006553f9bd8,0x0000000655600000)
  from space 3494912K, 74% used [0x000000072ab00000,0x00000007c9751620,0x0000000800000000)
  to   space 3494912K, 0% used [0x0000000655600000,0x0000000655600000,0x000000072ab00000)
 ParOldGen       total 20970496K, used 15394323K [0x0000000080200000, 0x0000000580100000, 0x0000000580100000)
  object space 20970496K, 73% used [0x0000000080200000,0x000000042bb84f00,0x0000000580100000)
 Metaspace       used 13758K, capacity 13948K, committed 14080K, reserved 1062912K
  class space    used 1180K, capacity 1254K, committed 1280K, reserved 1048576K
Event: 3138.644 GC heap after
Heap after GC invocations=786 (full 96):
 PSYoungGen      total 6989824K, used 1753121K [0x0000000580100000, 0x0000000800000000, 0x0000000800000000)
  eden space 3494912K, 0% used [0x0000000580100000,0x0000000580100000,0x0000000655600000)
  from space 3494912K, 50% used [0x0000000655600000,0x00000006c06086b0,0x000000072ab00000)
  to   space 3494912K, 0% used [0x000000072ab00000,0x000000072ab00000,0x0000000800000000)
 ParOldGen       total 20970496K, used 16865064K [0x0000000080200000, 0x0000000580100000, 0x0000000580100000)
  object space 20970496K, 80% used [0x0000000080200000,0x00000004857ca0d0,0x0000000580100000)
 Metaspace       used 13758K, capacity 13948K, committed 14080K, reserved 1062912K
  class space    used 1180K, capacity 1254K, committed 1280K, reserved 1048576K
}
Event: 3152.543 GC heap before
{Heap before GC invocations=787 (full 96):
 PSYoungGen      total 6989824K, used 5239930K [0x0000000580100000, 0x0000000800000000, 0x0000000800000000)
  eden space 3494912K, 99% used [0x0000000580100000,0x0000000654e16438,0x0000000655600000)
  from space 3494912K, 50% used [0x0000000655600000,0x00000006c06086b0,0x000000072ab00000)
  to   space 3494912K, 0% used [0x000000072ab00000,0x000000072ab00000,0x0000000800000000)
 ParOldGen       total 20970496K, used 16865064K [0x0000000080200000, 0x0000000580100000, 0x0000000580100000)
  object space 20970496K, 80% used [0x0000000080200000,0x00000004857ca0d0,0x0000000580100000)
 Metaspace       used 13758K, capacity 13948K, committed 14080K, reserved 1062912K
  class space    used 1180K, capacity 1254K, committed 1280K, reserved 1048576K
Event: 3152.964 GC heap after
Heap after GC invocations=787 (full 96):
 PSYoungGen      total 6989824K, used 1860707K [0x0000000580100000, 0x0000000800000000, 0x0000000800000000)
  eden space 3494912K, 0% used [0x0000000580100000,0x0000000580100000,0x0000000655600000)
  from space 3494912K, 53% used [0x000000072ab00000,0x000000079c418c40,0x0000000800000000)
  to   space 3494912K, 0% used [0x0000000655600000,0x0000000655600000,0x000000072ab00000)
 ParOldGen       total 20970496K, used 18618153K [0x0000000080200000, 0x0000000580100000, 0x0000000580100000)
  object space 20970496K, 88% used [0x0000000080200000,0x00000004f07ca780,0x0000000580100000)
 Metaspace       used 13758K, capacity 13948K, committed 14080K, reserved 1062912K
  class space    used 1180K, capacity 1254K, committed 1280K, reserved 1048576K
}
Event: 3154.297 GC heap before
{Heap before GC invocations=788 (full 96):
 PSYoungGen      total 6989824K, used 5351770K [0x0000000580100000, 0x0000000800000000, 0x0000000800000000)
  eden space 3494912K, 99% used [0x0000000580100000,0x000000065523de70,0x0000000655600000)
  from space 3494912K, 53% used [0x000000072ab00000,0x000000079c418c40,0x0000000800000000)
  to   space 3494912K, 0% used [0x0000000655600000,0x0000000655600000,0x000000072ab00000)
 ParOldGen       total 20970496K, used 18618153K [0x0000000080200000, 0x0000000580100000, 0x0000000580100000)
  object space 20970496K, 88% used [0x0000000080200000,0x00000004f07ca780,0x0000000580100000)
 Metaspace       used 13758K, capacity 13948K, committed 14080K, reserved 1062912K
  class space    used 1180K, capacity 1254K, committed 1280K, reserved 1048576K
Event: 3154.602 GC heap after
Heap after GC invocations=788 (full 96):
 PSYoungGen      total 6989824K, used 3465315K [0x0000000580100000, 0x0000000800000000, 0x0000000800000000)
  eden space 3494912K, 0% used [0x0000000580100000,0x0000000580100000,0x0000000655600000)
  from space 3494912K, 99% used [0x0000000655600000,0x0000000728e18e70,0x000000072ab00000)
  to   space 3494912K, 0% used [0x000000072ab00000,0x000000072ab00000,0x0000000800000000)
 ParOldGen       total 20970496K, used 20477868K [0x0000000080200000, 0x0000000580100000, 0x0000000580100000)
  object space 20970496K, 97% used [0x0000000080200000,0x0000000561feb3b0,0x0000000580100000)
 Metaspace       used 13758K, capacity 13948K, committed 14080K, reserved 1062912K
  class space    used 1180K, capacity 1254K, committed 1280K, reserved 1048576K
}
Event: 3154.602 GC heap before
{Heap before GC invocations=789 (full 97):
 PSYoungGen      total 6989824K, used 3465315K [0x0000000580100000, 0x0000000800000000, 0x0000000800000000)
  eden space 3494912K, 0% used [0x0000000580100000,0x0000000580100000,0x0000000655600000)
  from space 3494912K, 99% used [0x0000000655600000,0x0000000728e18e70,0x000000072ab00000)
  to   space 3494912K, 0% used [0x000000072ab00000,0x000000072ab00000,0x0000000800000000)
 ParOldGen       total 20970496K, used 20477868K [0x0000000080200000, 0x0000000580100000, 0x0000000580100000)
  object space 20970496K, 97% used [0x0000000080200000,0x0000000561feb3b0,0x0000000580100000)
 Metaspace       used 13758K, capacity 13948K, committed 14080K, reserved 1062912K
  class space    used 1180K, capacity 1254K, committed 1280K, reserved 1048576K
Event: 3155.264 GC heap after
Heap after GC invocations=789 (full 97):
 PSYoungGen      total 6989824K, used 0K [0x0000000580100000, 0x0000000800000000, 0x0000000800000000)
  eden space 3494912K, 0% used [0x0000000580100000,0x0000000580100000,0x0000000655600000)
  from space 3494912K, 0% used [0x0000000655600000,0x0000000655600000,0x000000072ab00000)
  to   space 3494912K, 0% used [0x000000072ab00000,0x000000072ab00000,0x0000000800000000)
 ParOldGen       total 20970496K, used 4772198K [0x0000000080200000, 0x0000000580100000, 0x0000000580100000)
  object space 20970496K, 22% used [0x0000000080200000,0x00000001a3659960,0x0000000580100000)
 Metaspace       used 13758K, capacity 13948K, committed 14080K, reserved 1062912K
  class space    used 1180K, capacity 1254K, committed 1280K, reserved 1048576K
}
Event: 3156.322 GC heap before
{Heap before GC invocations=790 (full 97):
 PSYoungGen      total 6989824K, used 3491207K [0x0000000580100000, 0x0000000800000000, 0x0000000800000000)
  eden space 3494912K, 99% used [0x0000000580100000,0x0000000655261d60,0x0000000655600000)
  from space 3494912K, 0% used [0x0000000655600000,0x0000000655600000,0x000000072ab00000)
  to   space 3494912K, 0% used [0x000000072ab00000,0x000000072ab00000,0x0000000800000000)
 ParOldGen       total 20970496K, used 4772198K [0x0000000080200000, 0x0000000580100000, 0x0000000580100000)
  object space 20970496K, 22% used [0x0000000080200000,0x00000001a3659960,0x0000000580100000)
 Metaspace       used 13758K, capacity 13948K, committed 14080K, reserved 1062912K
  class space    used 1180K, capacity 1254K, committed 1280K, reserved 1048576K
Event: 3156.406 GC heap after
Heap after GC invocations=790 (full 97):
 PSYoungGen      total 6989824K, used 1782084K [0x0000000580100000, 0x0000000800000000, 0x0000000800000000)
  eden space 3494912K, 0% used [0x0000000580100000,0x0000000580100000,0x0000000655600000)
  from space 3494912K, 50% used [0x000000072ab00000,0x0000000797751300,0x0000000800000000)
  to   space 3494912K, 0% used [0x0000000655600000,0x0000000655600000,0x000000072ab00000)
 ParOldGen       total 20970496K, used 4772198K [0x0000000080200000, 0x0000000580100000, 0x0000000580100000)
  object space 20970496K, 22% used [0x0000000080200000,0x00000001a3659960,0x0000000580100000)
 Metaspace       used 13758K, capacity 13948K, committed 14080K, reserved 1062912K
  class space    used 1180K, capacity 1254K, committed 1280K, reserved 1048576K
}
Event: 3165.815 GC heap before
{Heap before GC invocations=791 (full 97):
 PSYoungGen      total 6989824K, used 5270471K [0x0000000580100000, 0x0000000800000000, 0x0000000800000000)
  eden space 3494912K, 99% used [0x0000000580100000,0x0000000654fa0a68,0x0000000655600000)
  from space 3494912K, 50% used [0x000000072ab00000,0x0000000797751300,0x0000000800000000)
  to   space 3494912K, 0% used [0x0000000655600000,0x0000000655600000,0x000000072ab00000)
 ParOldGen       total 20970496K, used 4772198K [0x0000000080200000, 0x0000000580100000, 0x0000000580100000)
  object space 20970496K, 22% used [0x0000000080200000,0x00000001a3659960,0x0000000580100000)
 Metaspace       used 13758K, capacity 13948K, committed 14080K, reserved 1062912K
  class space    used 1180K, capacity 1254K, committed 1280K, reserved 1048576K
Event: 3165.985 GC heap after
Heap after GC invocations=791 (full 97):
 PSYoungGen      total 6989824K, used 1566671K [0x0000000580100000, 0x0000000800000000, 0x0000000800000000)
  eden space 3494912K, 0% used [0x0000000580100000,0x0000000580100000,0x0000000655600000)
  from space 3494912K, 44% used [0x0000000655600000,0x00000006b4ff3d20,0x000000072ab00000)
  to   space 3494912K, 0% used [0x000000072ab00000,0x000000072ab00000,0x0000000800000000)
 ParOldGen       total 20970496K, used 6488691K [0x0000000080200000, 0x0000000580100000, 0x0000000580100000)
  object space 20970496K, 30% used [0x0000000080200000,0x000000020c29cc20,0x0000000580100000)
 Metaspace       used 13758K, capacity 13948K, committed 14080K, reserved 1062912K
  class space    used 1180K, capacity 1254K, committed 1280K, reserved 1048576K
}
Event: 3171.481 GC heap before
{Heap before GC invocations=792 (full 97):
 PSYoungGen      total 6989824K, used 5045953K [0x0000000580100000, 0x0000000800000000, 0x0000000800000000)
  eden space 3494912K, 99% used [0x0000000580100000,0x00000006546bc900,0x0000000655600000)
  from space 3494912K, 44% used [0x0000000655600000,0x00000006b4ff3d20,0x000000072ab00000)
  to   space 3494912K, 0% used [0x000000072ab00000,0x000000072ab00000,0x0000000800000000)
 ParOldGen       total 20970496K, used 6488691K [0x0000000080200000, 0x0000000580100000, 0x0000000580100000)
  object space 20970496K, 30% used [0x0000000080200000,0x000000020c29cc20,0x0000000580100000)
 Metaspace       used 13758K, capacity 13948K, committed 14080K, reserved 1062912K
  class space    used 1180K, capacity 1254K, committed 1280K, reserved 1048576K
Event: 3171.825 GC heap after
Heap after GC invocations=792 (full 97):
 PSYoungGen      total 6989824K, used 2998660K [0x0000000580100000, 0x0000000800000000, 0x0000000800000000)
  eden space 3494912K, 0% used [0x0000000580100000,0x0000000580100000,0x0000000655600000)
  from space 3494912K, 85% used [0x000000072ab00000,0x00000007e1b61190,0x0000000800000000)
  to   space 3494912K, 0% used [0x0000000655600000,0x0000000655600000,0x000000072ab00000)
 ParOldGen       total 20970496K, used 7996148K [0x0000000080200000, 0x0000000580100000, 0x0000000580100000)
  object space 20970496K, 38% used [0x0000000080200000,0x00000002682bd210,0x0000000580100000)
 Metaspace       used 13758K, capacity 13948K, committed 14080K, reserved 1062912K
  class space    used 1180K, capacity 1254K, committed 1280K, reserved 1048576K
}
Event: 3172.677 GC heap before
{Heap before GC invocations=793 (full 97):
 PSYoungGen      total 6989824K, used 6481422K [0x0000000580100000, 0x0000000800000000, 0x0000000800000000)
  eden space 3494912K, 99% used [0x0000000580100000,0x0000000654a22790,0x0000000655600000)
  from space 3494912K, 85% used [0x000000072ab00000,0x00000007e1b61190,0x0000000800000000)
  to   space 3494912K, 0% used [0x0000000655600000,0x0000000655600000,0x000000072ab00000)
 ParOldGen       total 20970496K, used 7996148K [0x0000000080200000, 0x0000000580100000, 0x0000000580100000)
  object space 20970496K, 38% used [0x0000000080200000,0x00000002682bd210,0x0000000580100000)
 Metaspace       used 13758K, capacity 13948K, committed 14080K, reserved 1062912K
  class space    used 1180K, capacity 1254K, committed 1280K, reserved 1048576K
Event: 3172.990 GC heap after
Heap after GC invocations=793 (full 97):
 PSYoungGen      total 6989824K, used 2650437K [0x0000000580100000, 0x0000000800000000, 0x0000000800000000)
  eden space 3494912K, 0% used [0x0000000580100000,0x0000000580100000,0x0000000655600000)
  from space 3494912K, 75% used [0x0000000655600000,0x00000006f7251650,0x000000072ab00000)
  to   space 3494912K, 0% used [0x000000072ab00000,0x000000072ab00000,0x0000000800000000)
 ParOldGen       total 20970496K, used 10191656K [0x0000000080200000, 0x0000000580100000, 0x0000000580100000)
  object space 20970496K, 48% used [0x0000000080200000,0x00000002ee2ca0a0,0x0000000580100000)
 Metaspace       used 13758K, capacity 13948K, committed 14080K, reserved 1062912K
  class space    used 1180K, capacity 1254K, committed 1280K, reserved 1048576K
}
Event: 3174.015 GC heap before
{Heap before GC invocations=794 (full 97):
 PSYoungGen      total 6989824K, used 6142702K [0x0000000580100000, 0x0000000800000000, 0x0000000800000000)
  eden space 3494912K, 99% used [0x0000000580100000,0x000000065536a258,0x0000000655600000)
  from space 3494912K, 75% used [0x0000000655600000,0x00000006f7251650,0x000000072ab00000)
  to   space 3494912K, 0% used [0x000000072ab00000,0x000000072ab00000,0x0000000800000000)
 ParOldGen       total 20970496K, used 10191656K [0x0000000080200000, 0x0000000580100000, 0x0000000580100000)
  object space 20970496K, 48% used [0x0000000080200000,0x00000002ee2ca0a0,0x0000000580100000)
 Metaspace       used 13758K, capacity 13948K, committed 14080K, reserved 1062912K
  class space    used 1180K, capacity 1254K, committed 1280K, reserved 1048576K
Event: 3174.197 GC heap after
Heap after GC invocations=794 (full 97):
 PSYoungGen      total 6989824K, used 1753121K [0x0000000580100000, 0x0000000800000000, 0x0000000800000000)
  eden space 3494912K, 0% used [0x0000000580100000,0x0000000580100000,0x0000000655600000)
  from space 3494912K, 50% used [0x000000072ab00000,0x0000000795b086b0,0x0000000800000000)
  to   space 3494912K, 0% used [0x0000000655600000,0x0000000655600000,0x000000072ab00000)
 ParOldGen       total 20970496K, used 11678788K [0x0000000080200000, 0x0000000580100000, 0x0000000580100000)
  object space 20970496K, 55% used [0x0000000080200000,0x0000000348f11280,0x0000000580100000)
 Metaspace       used 13758K, capacity 13948K, committed 14080K, reserved 1062912K
  class space    used 1180K, capacity 1254K, committed 1280K, reserved 1048576K
}
Event: 3187.602 GC heap before
{Heap before GC invocations=795 (full 97):
 PSYoungGen      total 6989824K, used 5248033K [0x0000000580100000, 0x0000000800000000, 0x0000000800000000)
  eden space 3494912K, 100% used [0x0000000580100000,0x0000000655600000,0x0000000655600000)
  from space 3494912K, 50% used [0x000000072ab00000,0x0000000795b086b0,0x0000000800000000)
  to   space 3494912K, 0% used [0x0000000655600000,0x0000000655600000,0x000000072ab00000)
 ParOldGen       total 20970496K, used 11678788K [0x0000000080200000, 0x0000000580100000, 0x0000000580100000)
  object space 20970496K, 55% used [0x0000000080200000,0x0000000348f11280,0x0000000580100000)
 Metaspace       used 13759K, capacity 13948K, committed 14080K, reserved 1062912K
  class space    used 1180K, capacity 1254K, committed 1280K, reserved 1048576K
Event: 3187.802 GC heap after
Heap after GC invocations=795 (full 97):
 PSYoungGen      total 6989824K, used 1803170K [0x0000000580100000, 0x0000000800000000, 0x0000000800000000)
  eden space 3494912K, 0% used [0x0000000580100000,0x0000000580100000,0x0000000655600000)
  from space 3494912K, 51% used [0x0000000655600000,0x00000006c36e8b80,0x000000072ab00000)
  to   space 3494912K, 0% used [0x000000072ab00000,0x000000072ab00000,0x0000000800000000)
 ParOldGen       total 20970496K, used 13415494K [0x0000000080200000, 0x0000000580100000, 0x0000000580100000)
  object space 20970496K, 63% used [0x0000000080200000,0x00000003b2f11920,0x0000000580100000)
 Metaspace       used 13759K, capacity 13948K, committed 14080K, reserved 1062912K
  class space    used 1180K, capacity 1254K, committed 1280K, reserved 1048576K
}
Event: 3189.084 GC heap before
{Heap before GC invocations=796 (full 97):
 PSYoungGen      total 6989824K, used 5294160K [0x0000000580100000, 0x0000000800000000, 0x0000000800000000)
  eden space 3494912K, 99% used [0x0000000580100000,0x000000065522b5f8,0x0000000655600000)
  from space 3494912K, 51% used [0x0000000655600000,0x00000006c36e8b80,0x000000072ab00000)
  to   space 3494912K, 0% used [0x000000072ab00000,0x000000072ab00000,0x0000000800000000)
 ParOldGen       total 20970496K, used 13415494K [0x0000000080200000, 0x0000000580100000, 0x0000000580100000)
  object space 20970496K, 63% used [0x0000000080200000,0x00000003b2f11920,0x0000000580100000)
 Metaspace       used 13759K, capacity 13948K, committed 14080K, reserved 1062912K
  class space    used 1180K, capacity 1254K, committed 1280K, reserved 1048576K
Event: 3189.364 GC heap after
Heap after GC invocations=796 (full 97):
 PSYoungGen      total 6989824K, used 3457123K [0x0000000580100000, 0x0000000800000000, 0x0000000800000000)
  eden space 3494912K, 0% used [0x0000000580100000,0x0000000580100000,0x0000000655600000)
  from space 3494912K, 98% used [0x000000072ab00000,0x00000007fdb18ef0,0x0000000800000000)
  to   space 3494912K, 0% used [0x0000000655600000,0x0000000655600000,0x000000072ab00000)
 ParOldGen       total 20970496K, used 15217945K [0x0000000080200000, 0x0000000580100000, 0x0000000580100000)
  object space 20970496K, 72% used [0x0000000080200000,0x0000000420f46490,0x0000000580100000)
 Metaspace       used 13759K, capacity 13948K, committed 14080K, reserved 1062912K
  class space    used 1180K, capacity 1254K, committed 1280K, reserved 1048576K
}
Event: 3190.391 GC heap before
{Heap before GC invocations=797 (full 97):
 PSYoungGen      total 6989824K, used 6949489K [0x0000000580100000, 0x0000000800000000, 0x0000000800000000)
  eden space 3494912K, 99% used [0x0000000580100000,0x0000000655383780,0x0000000655600000)
  from space 3494912K, 98% used [0x000000072ab00000,0x00000007fdb18ef0,0x0000000800000000)
  to   space 3494912K, 0% used [0x0000000655600000,0x0000000655600000,0x000000072ab00000)
 ParOldGen       total 20970496K, used 15217945K [0x0000000080200000, 0x0000000580100000, 0x0000000580100000)
  object space 20970496K, 72% used [0x0000000080200000,0x0000000420f46490,0x0000000580100000)
 Metaspace       used 13759K, capacity 13948K, committed 14080K, reserved 1062912K
  class space    used 1180K, capacity 1254K, committed 1280K, reserved 1048576K
Event: 3190.547 GC heap after
Heap after GC invocations=797 (full 97):
 PSYoungGen      total 6989824K, used 1864004K [0x0000000580100000, 0x0000000800000000, 0x0000000800000000)
  eden space 3494912K, 0% used [0x0000000580100000,0x0000000580100000,0x0000000655600000)
  from space 3494912K, 53% used [0x0000000655600000,0x00000006c7251350,0x000000072ab00000)
  to   space 3494912K, 0% used [0x000000072ab00000,0x000000072ab00000,0x0000000800000000)
 ParOldGen       total 20970496K, used 17052979K [0x0000000080200000, 0x0000000580100000, 0x0000000580100000)
  object space 20970496K, 81% used [0x0000000080200000,0x0000000490f4cd50,0x0000000580100000)
 Metaspace       used 13759K, capacity 13948K, committed 14080K, reserved 1062912K
  class space    used 1180K, capacity 1254K, committed 1280K, reserved 1048576K
}
Event: 3198.753 GC heap before
{Heap before GC invocations=798 (full 97):
 PSYoungGen      total 6989824K, used 5358916K [0x0000000580100000, 0x0000000800000000, 0x0000000800000000)
  eden space 3494912K, 100% used [0x0000000580100000,0x0000000655600000,0x0000000655600000)
  from space 3494912K, 53% used [0x0000000655600000,0x00000006c7251350,0x000000072ab00000)
  to   space 3494912K, 0% used [0x000000072ab00000,0x000000072ab00000,0x0000000800000000)
 ParOldGen       total 20970496K, used 17052979K [0x0000000080200000, 0x0000000580100000, 0x0000000580100000)
  object space 20970496K, 81% used [0x0000000080200000,0x0000000490f4cd50,0x0000000580100000)
 Metaspace       used 13759K, capacity 13948K, committed 14080K, reserved 1062912K
  class space    used 1180K, capacity 1254K, committed 1280K, reserved 1048576K
Event: 3198.913 GC heap after
Heap after GC invocations=798 (full 97):
 PSYoungGen      total 6989824K, used 1740068K [0x0000000580100000, 0x0000000800000000, 0x0000000800000000)
  eden space 3494912K, 0% used [0x0000000580100000,0x0000000580100000,0x0000000655600000)
  from space 3494912K, 49% used [0x000000072ab00000,0x0000000794e49110,0x0000000800000000)
  to   space 3494912K, 0% used [0x0000000655600000,0x0000000655600000,0x000000072ab00000)
 ParOldGen       total 20970496K, used 18687551K [0x0000000080200000, 0x0000000580100000, 0x0000000580100000)
  object space 20970496K, 89% used [0x0000000080200000,0x00000004f4b8ffc0,0x0000000580100000)
 Metaspace       used 13759K, capacity 13948K, committed 14080K, reserved 1062912K
  class space    used 1180K, capacity 1254K, committed 1280K, reserved 1048576K
}
Event: 3205.702 GC heap before
{Heap before GC invocations=799 (full 97):
 PSYoungGen      total 6989824K, used 5226774K [0x0000000580100000, 0x0000000800000000, 0x0000000800000000)
  eden space 3494912K, 99% used [0x0000000580100000,0x0000000654dfc898,0x0000000655600000)
  from space 3494912K, 49% used [0x000000072ab00000,0x0000000794e49110,0x0000000800000000)
  to   space 3494912K, 0% used [0x0000000655600000,0x0000000655600000,0x000000072ab00000)
 ParOldGen       total 20970496K, used 18687551K [0x0000000080200000, 0x0000000580100000, 0x0000000580100000)
  object space 20970496K, 89% used [0x0000000080200000,0x00000004f4b8ffc0,0x0000000580100000)
 Metaspace       used 13759K, capacity 13948K, committed 14080K, reserved 1062912K
  class space    used 1180K, capacity 1254K, committed 1280K, reserved 1048576K
Event: 3205.979 GC heap after
Heap after GC invocations=799 (full 97):
 PSYoungGen      total 6989824K, used 2884004K [0x0000000580100000, 0x0000000800000000, 0x0000000800000000)
  eden space 3494912K, 0% used [0x0000000580100000,0x0000000580100000,0x0000000655600000)
  from space 3494912K, 82% used [0x0000000655600000,0x0000000705669120,0x000000072ab00000)
  to   space 3494912K, 0% used [0x000000072ab00000,0x000000072ab00000,0x0000000800000000)
 ParOldGen       total 20970496K, used 20276929K [0x0000000080200000, 0x0000000580100000, 0x0000000580100000)
  object space 20970496K, 96% used [0x0000000080200000,0x0000000555bb0600,0x0000000580100000)
 Metaspace       used 13759K, capacity 13948K, committed 14080K, reserved 1062912K
  class space    used 1180K, capacity 1254K, committed 1280K, reserved 1048576K
}
Event: 3205.979 GC heap before
{Heap before GC invocations=800 (full 98):
 PSYoungGen      total 6989824K, used 2884004K [0x0000000580100000, 0x0000000800000000, 0x0000000800000000)
  eden space 3494912K, 0% used [0x0000000580100000,0x0000000580100000,0x0000000655600000)
  from space 3494912K, 82% used [0x0000000655600000,0x0000000705669120,0x000000072ab00000)
  to   space 3494912K, 0% used [0x000000072ab00000,0x000000072ab00000,0x0000000800000000)
 ParOldGen       total 20970496K, used 20276929K [0x0000000080200000, 0x0000000580100000, 0x0000000580100000)
  object space 20970496K, 96% used [0x0000000080200000,0x0000000555bb0600,0x0000000580100000)
 Metaspace       used 13759K, capacity 13948K, committed 14080K, reserved 1062912K
  class space    used 1180K, capacity 1254K, committed 1280K, reserved 1048576K
Event: 3206.614 GC heap after
Heap after GC invocations=800 (full 98):
 PSYoungGen      total 6989824K, used 0K [0x0000000580100000, 0x0000000800000000, 0x0000000800000000)
  eden space 3494912K, 0% used [0x0000000580100000,0x0000000580100000,0x0000000655600000)
  from space 3494912K, 0% used [0x0000000655600000,0x0000000655600000,0x000000072ab00000)
  to   space 3494912K, 0% used [0x000000072ab00000,0x000000072ab00000,0x0000000800000000)
 ParOldGen       total 20970496K, used 2904710K [0x0000000080200000, 0x0000000580100000, 0x0000000580100000)
  object space 20970496K, 13% used [0x0000000080200000,0x00000001316a1828,0x0000000580100000)
 Metaspace       used 13759K, capacity 13948K, committed 14080K, reserved 1062912K
  class space    used 1180K, capacity 1254K, committed 1280K, reserved 1048576K
}
Event: 3207.778 GC heap before
{Heap before GC invocations=801 (full 98):
 PSYoungGen      total 6989824K, used 3492963K [0x0000000580100000, 0x0000000800000000, 0x0000000800000000)
  eden space 3494912K, 99% used [0x0000000580100000,0x0000000655418ce0,0x0000000655600000)
  from space 3494912K, 0% used [0x0000000655600000,0x0000000655600000,0x000000072ab00000)
  to   space 3494912K, 0% used [0x000000072ab00000,0x000000072ab00000,0x0000000800000000)
 ParOldGen       total 20970496K, used 2904710K [0x0000000080200000, 0x0000000580100000, 0x0000000580100000)
  object space 20970496K, 13% used [0x0000000080200000,0x00000001316a1828,0x0000000580100000)
 Metaspace       used 13759K, capacity 13948K, committed 14080K, reserved 1062912K
  class space    used 1180K, capacity 1254K, committed 1280K, reserved 1048576K
Event: 3207.889 GC heap after
Heap after GC invocations=801 (full 98):
 PSYoungGen      total 6989824K, used 2715973K [0x0000000580100000, 0x0000000800000000, 0x0000000800000000)
  eden space 3494912K, 0% used [0x0000000580100000,0x0000000580100000,0x0000000655600000)
  from space 3494912K, 77% used [0x000000072ab00000,0x00000007d0751690,0x0000000800000000)
  to   space 3494912K, 0% used [0x0000000655600000,0x0000000655600000,0x000000072ab00000)
 ParOldGen       total 20970496K, used 2904710K [0x0000000080200000, 0x0000000580100000, 0x0000000580100000)
  object space 20970496K, 13% used [0x0000000080200000,0x00000001316a1828,0x0000000580100000)
 Metaspace       used 13759K, capacity 13948K, committed 14080K, reserved 1062912K
  class space    used 1180K, capacity 1254K, committed 1280K, reserved 1048576K
}
Event: 3209.028 GC heap before
{Heap before GC invocations=802 (full 98):
 PSYoungGen      total 6989824K, used 6207834K [0x0000000580100000, 0x0000000800000000, 0x0000000800000000)
  eden space 3494912K, 99% used [0x0000000580100000,0x00000006553052e8,0x0000000655600000)
  from space 3494912K, 77% used [0x000000072ab00000,0x00000007d0751690,0x0000000800000000)
  to   space 3494912K, 0% used [0x0000000655600000,0x0000000655600000,0x000000072ab00000)
 ParOldGen       total 20970496K, used 2904710K [0x0000000080200000, 0x0000000580100000, 0x0000000580100000)
  object space 20970496K, 13% used [0x0000000080200000,0x00000001316a1828,0x0000000580100000)
 Metaspace       used 13759K, capacity 13948K, committed 14080K, reserved 1062912K
  class space    used 1180K, capacity 1254K, committed 1280K, reserved 1048576K
Event: 3209.250 GC heap after
Heap after GC invocations=802 (full 98):
 PSYoungGen      total 6989824K, used 1753121K [0x0000000580100000, 0x0000000800000000, 0x0000000800000000)
  eden space 3494912K, 0% used [0x0000000580100000,0x0000000580100000,0x0000000655600000)
  from space 3494912K, 50% used [0x0000000655600000,0x00000006c06086b0,0x000000072ab00000)
  to   space 3494912K, 0% used [0x000000072ab00000,0x000000072ab00000,0x0000000800000000)
 ParOldGen       total 20970496K, used 4391834K [0x0000000080200000, 0x0000000580100000, 0x0000000580100000)
  object space 20970496K, 20% used [0x0000000080200000,0x000000018c2e6a08,0x0000000580100000)
 Metaspace       used 13759K, capacity 13948K, committed 14080K, reserved 1062912K
  class space    used 1180K, capacity 1254K, committed 1280K, reserved 1048576K
}
Event: 3222.896 GC heap before
{Heap before GC invocations=803 (full 98):
 PSYoungGen      total 6989824K, used 5248033K [0x0000000580100000, 0x0000000800000000, 0x0000000800000000)
  eden space 3494912K, 100% used [0x0000000580100000,0x0000000655600000,0x0000000655600000)
  from space 3494912K, 50% used [0x0000000655600000,0x00000006c06086b0,0x000000072ab00000)
  to   space 3494912K, 0% used [0x000000072ab00000,0x000000072ab00000,0x0000000800000000)
 ParOldGen       total 20970496K, used 4391834K [0x0000000080200000, 0x0000000580100000, 0x0000000580100000)
  object space 20970496K, 20% used [0x0000000080200000,0x000000018c2e6a08,0x0000000580100000)
 Metaspace       used 13769K, capacity 14012K, committed 14336K, reserved 1062912K
  class space    used 1180K, capacity 1254K, committed 1280K, reserved 1048576K
Event: 3223.151 GC heap after
Heap after GC invocations=803 (full 98):
 PSYoungGen      total 6989824K, used 2032547K [0x0000000580100000, 0x0000000800000000, 0x0000000800000000)
  eden space 3494912K, 0% used [0x0000000580100000,0x0000000580100000,0x0000000655600000)
  from space 3494912K, 58% used [0x000000072ab00000,0x00000007a6be8d10,0x0000000800000000)
  to   space 3494912K, 0% used [0x0000000655600000,0x0000000655600000,0x000000072ab00000)
 ParOldGen       total 20970496K, used 6128540K [0x0000000080200000, 0x0000000580100000, 0x0000000580100000)
  object space 20970496K, 29% used [0x0000000080200000,0x00000001f62e70a8,0x0000000580100000)
 Metaspace       used 13769K, capacity 14012K, committed 14336K, reserved 1062912K
  class space    used 1180K, capacity 1254K, committed 1280K, reserved 1048576K
}
Event: 3224.386 GC heap before
{Heap before GC invocations=804 (full 98):
 PSYoungGen      total 6989824K, used 5517809K [0x0000000580100000, 0x0000000800000000, 0x0000000800000000)
  eden space 3494912K, 99% used [0x0000000580100000,0x0000000654c93940,0x0000000655600000)
  from space 3494912K, 58% used [0x000000072ab00000,0x00000007a6be8d10,0x0000000800000000)
  to   space 3494912K, 0% used [0x0000000655600000,0x0000000655600000,0x000000072ab00000)
 ParOldGen       total 20970496K, used 6128540K [0x0000000080200000, 0x0000000580100000, 0x0000000580100000)
  object space 20970496K, 29% used [0x0000000080200000,0x00000001f62e70a8,0x0000000580100000)
 Metaspace       used 13769K, capacity 14012K, committed 14336K, reserved 1062912K
  class space    used 1180K, capacity 1254K, committed 1280K, reserved 1048576K
Event: 3224.703 GC heap after
Heap after GC invocations=804 (full 98):
 PSYoungGen      total 6989824K, used 3457155K [0x0000000580100000, 0x0000000800000000, 0x0000000800000000)
  eden space 3494912K, 0% used [0x0000000580100000,0x0000000580100000,0x0000000655600000)
  from space 3494912K, 98% used [0x0000000655600000,0x0000000728620e40,0x000000072ab00000)
  to   space 3494912K, 0% used [0x000000072ab00000,0x000000072ab00000,0x0000000800000000)
 ParOldGen       total 20970496K, used 8160335K [0x0000000080200000, 0x0000000580100000, 0x0000000580100000)
  object space 20970496K, 38% used [0x0000000080200000,0x0000000272313da8,0x0000000580100000)
 Metaspace       used 13769K, capacity 14012K, committed 14336K, reserved 1062912K
  class space    used 1180K, capacity 1254K, committed 1280K, reserved 1048576K
}
Event: 3225.766 GC heap before
{Heap before GC invocations=805 (full 98):
 PSYoungGen      total 6989824K, used 6949491K [0x0000000580100000, 0x0000000800000000, 0x0000000800000000)
  eden space 3494912K, 99% used [0x0000000580100000,0x000000065537c1a8,0x0000000655600000)
  from space 3494912K, 98% used [0x0000000655600000,0x0000000728620e40,0x000000072ab00000)
  to   space 3494912K, 0% used [0x000000072ab00000,0x000000072ab00000,0x0000000800000000)
 ParOldGen       total 20970496K, used 8160335K [0x0000000080200000, 0x0000000580100000, 0x0000000580100000)
  object space 20970496K, 38% used [0x0000000080200000,0x0000000272313da8,0x0000000580100000)
 Metaspace       used 13769K, capacity 14012K, committed 14336K, reserved 1062912K
  class space    used 1180K, capacity 1254K, committed 1280K, reserved 1048576K
Event: 3225.925 GC heap after
Heap after GC invocations=805 (full 98):
 PSYoungGen      total 6989824K, used 1765700K [0x0000000580100000, 0x0000000800000000, 0x0000000800000000)
  eden space 3494912K, 0% used [0x0000000580100000,0x0000000580100000,0x0000000655600000)
  from space 3494912K, 50% used [0x000000072ab00000,0x00000007967512f0,0x0000000800000000)
  to   space 3494912K, 0% used [0x0000000655600000,0x0000000655600000,0x000000072ab00000)
 ParOldGen       total 20970496K, used 9897057K [0x0000000080200000, 0x0000000580100000, 0x0000000580100000)
  object space 20970496K, 47% used [0x0000000080200000,0x00000002dc318558,0x0000000580100000)
 Metaspace       used 13769K, capacity 14012K, committed 14336K, reserved 1062912K
  class space    used 1180K, capacity 1254K, committed 1280K, reserved 1048576K
}
Event: 3236.117 GC heap before
{Heap before GC invocations=806 (full 98):
 PSYoungGen      total 6989824K, used 5260612K [0x0000000580100000, 0x0000000800000000, 0x0000000800000000)
  eden space 3494912K, 100% used [0x0000000580100000,0x0000000655600000,0x0000000655600000)
  from space 3494912K, 50% used [0x000000072ab00000,0x00000007967512f0,0x0000000800000000)
  to   space 3494912K, 0% used [0x0000000655600000,0x0000000655600000,0x000000072ab00000)
 ParOldGen       total 20970496K, used 9897057K [0x0000000080200000, 0x0000000580100000, 0x0000000580100000)
  object space 20970496K, 47% used [0x0000000080200000,0x00000002dc318558,0x0000000580100000)
 Metaspace       used 13769K, capacity 14012K, committed 14336K, reserved 1062912K
  class space    used 1180K, capacity 1254K, committed 1280K, reserved 1048576K
Event: 3236.429 GC heap after
Heap after GC invocations=806 (full 98):
 PSYoungGen      total 6989824K, used 1558104K [0x0000000580100000, 0x0000000800000000, 0x0000000800000000)
  eden space 3494912K, 0% used [0x0000000580100000,0x0000000580100000,0x0000000655600000)
  from space 3494912K, 44% used [0x0000000655600000,0x00000006b4796120,0x000000072ab00000)
  to   space 3494912K, 0% used [0x000000072ab00000,0x000000072ab00000,0x0000000800000000)
 ParOldGen       total 20970496K, used 11629934K [0x0000000080200000, 0x0000000580100000, 0x0000000580100000)
  object space 20970496K, 55% used [0x0000000080200000,0x0000000345f5b828,0x0000000580100000)
 Metaspace       used 13769K, capacity 14012K, committed 14336K, reserved 1062912K
  class space    used 1180K, capacity 1254K, committed 1280K, reserved 1048576K
}
Event: 3241.644 GC heap before
{Heap before GC invocations=807 (full 98):
 PSYoungGen      total 6989824K, used 5037297K [0x0000000580100000, 0x0000000800000000, 0x0000000800000000)
  eden space 3494912K, 99% used [0x0000000580100000,0x00000006546a6678,0x0000000655600000)
  from space 3494912K, 44% used [0x0000000655600000,0x00000006b4796120,0x000000072ab00000)
  to   space 3494912K, 0% used [0x000000072ab00000,0x000000072ab00000,0x0000000800000000)
 ParOldGen       total 20970496K, used 11629934K [0x0000000080200000, 0x0000000580100000, 0x0000000580100000)
  object space 20970496K, 55% used [0x0000000080200000,0x0000000345f5b828,0x0000000580100000)
 Metaspace       used 13769K, capacity 14012K, committed 14336K, reserved 1062912K
  class space    used 1180K, capacity 1254K, committed 1280K, reserved 1048576K
Event: 3242.001 GC heap after
Heap after GC invocations=807 (full 98):
 PSYoungGen      total 6989824K, used 3113220K [0x0000000580100000, 0x0000000800000000, 0x0000000800000000)
  eden space 3494912K, 0% used [0x0000000580100000,0x0000000580100000,0x0000000655600000)
  from space 3494912K, 89% used [0x000000072ab00000,0x00000007e8b41200,0x0000000800000000)
  to   space 3494912K, 0% used [0x0000000655600000,0x0000000655600000,0x000000072ab00000)
 ParOldGen       total 20970496K, used 13121031K [0x0000000080200000, 0x0000000580100000, 0x0000000580100000)
  object space 20970496K, 62% used [0x0000000080200000,0x00000003a0f81e08,0x0000000580100000)
 Metaspace       used 13769K, capacity 14012K, committed 14336K, reserved 1062912K
  class space    used 1180K, capacity 1254K, committed 1280K, reserved 1048576K
}
Event: 3242.760 GC heap before
{Heap before GC invocations=808 (full 98):
 PSYoungGen      total 6989824K, used 6607753K [0x0000000580100000, 0x0000000800000000, 0x0000000800000000)
  eden space 3494912K, 99% used [0x0000000580100000,0x00000006555a1360,0x0000000655600000)
  from space 3494912K, 89% used [0x000000072ab00000,0x00000007e8b41200,0x0000000800000000)
  to   space 3494912K, 0% used [0x0000000655600000,0x0000000655600000,0x000000072ab00000)
 ParOldGen       total 20970496K, used 13121031K [0x0000000080200000, 0x0000000580100000, 0x0000000580100000)
  object space 20970496K, 62% used [0x0000000080200000,0x00000003a0f81e08,0x0000000580100000)
 Metaspace       used 13769K, capacity 14012K, committed 14336K, reserved 1062912K
  class space    used 1180K, capacity 1254K, committed 1280K, reserved 1048576K
Event: 3243.079 GC heap after
Heap after GC invocations=808 (full 98):
 PSYoungGen      total 6989824K, used 2601285K [0x0000000580100000, 0x0000000800000000, 0x0000000800000000)
  eden space 3494912K, 0% used [0x0000000580100000,0x0000000580100000,0x0000000655600000)
  from space 3494912K, 74% used [0x0000000655600000,0x00000006f4251620,0x000000072ab00000)
  to   space 3494912K, 0% used [0x000000072ab00000,0x000000072ab00000,0x0000000800000000)
 ParOldGen       total 20970496K, used 15357491K [0x0000000080200000, 0x0000000580100000, 0x0000000580100000)
  object space 20970496K, 73% used [0x0000000080200000,0x000000042978ccb8,0x0000000580100000)
 Metaspace       used 13769K, capacity 14012K, committed 14336K, reserved 1062912K
  class space    used 1180K, capacity 1254K, committed 1280K, reserved 1048576K
}
Event: 3244.117 GC heap before
{Heap before GC invocations=809 (full 98):
 PSYoungGen      total 6989824K, used 6094126K [0x0000000580100000, 0x0000000800000000, 0x0000000800000000)
  eden space 3494912K, 99% used [0x0000000580100000,0x00000006553fa520,0x0000000655600000)
  from space 3494912K, 74% used [0x0000000655600000,0x00000006f4251620,0x000000072ab00000)
  to   space 3494912K, 0% used [0x000000072ab00000,0x000000072ab00000,0x0000000800000000)
 ParOldGen       total 20970496K, used 15357491K [0x0000000080200000, 0x0000000580100000, 0x0000000580100000)
  object space 20970496K, 73% used [0x0000000080200000,0x000000042978ccb8,0x0000000580100000)
 Metaspace       used 13769K, capacity 14012K, committed 14336K, reserved 1062912K
  class space    used 1180K, capacity 1254K, committed 1280K, reserved 1048576K
Event: 3244.283 GC heap after
Heap after GC invocations=809 (full 98):
 PSYoungGen      total 6989824K, used 1753121K [0x0000000580100000, 0x0000000800000000, 0x0000000800000000)
  eden space 3494912K, 0% used [0x0000000580100000,0x0000000580100000,0x0000000655600000)
  from space 3494912K, 50% used [0x000000072ab00000,0x0000000795b086b0,0x0000000800000000)
  to   space 3494912K, 0% used [0x0000000655600000,0x0000000655600000,0x000000072ab00000)
 ParOldGen       total 20970496K, used 16844615K [0x0000000080200000, 0x0000000580100000, 0x0000000580100000)
  object space 20970496K, 80% used [0x0000000080200000,0x00000004843d1e98,0x0000000580100000)
 Metaspace       used 13769K, capacity 14012K, committed 14336K, reserved 1062912K
  class space    used 1180K, capacity 1254K, committed 1280K, reserved 1048576K
}
Event: 3258.255 GC heap before
{Heap before GC invocations=810 (full 98):
 PSYoungGen      total 6989824K, used 5248033K [0x0000000580100000, 0x0000000800000000, 0x0000000800000000)
  eden space 3494912K, 100% used [0x0000000580100000,0x0000000655600000,0x0000000655600000)
  from space 3494912K, 50% used [0x000000072ab00000,0x0000000795b086b0,0x0000000800000000)
  to   space 3494912K, 0% used [0x0000000655600000,0x0000000655600000,0x000000072ab00000)
 ParOldGen       total 20970496K, used 16844615K [0x0000000080200000, 0x0000000580100000, 0x0000000580100000)
  object space 20970496K, 80% used [0x0000000080200000,0x00000004843d1e98,0x0000000580100000)
 Metaspace       used 13783K, capacity 14012K, committed 14336K, reserved 1062912K
  class space    used 1180K, capacity 1254K, committed 1280K, reserved 1048576K
Event: 3258.480 GC heap after
Heap after GC invocations=810 (full 98):
 PSYoungGen      total 6989824K, used 1860419K [0x0000000580100000, 0x0000000800000000, 0x0000000800000000)
  eden space 3494912K, 0% used [0x0000000580100000,0x0000000580100000,0x0000000655600000)
  from space 3494912K, 53% used [0x0000000655600000,0x00000006c6ed0c30,0x000000072ab00000)
  to   space 3494912K, 0% used [0x000000072ab00000,0x000000072ab00000,0x0000000800000000)
 ParOldGen       total 20970496K, used 18581329K [0x0000000080200000, 0x0000000580100000, 0x0000000580100000)
  object space 20970496K, 88% used [0x0000000080200000,0x00000004ee3d4538,0x0000000580100000)
 Metaspace       used 13783K, capacity 14012K, committed 14336K, reserved 1062912K
  class space    used 1180K, capacity 1254K, committed 1280K, reserved 1048576K
}
Event: 3260.012 GC heap before
{Heap before GC invocations=811 (full 98):
 PSYoungGen      total 6989824K, used 5351028K [0x0000000580100000, 0x0000000800000000, 0x0000000800000000)
  eden space 3494912K, 99% used [0x0000000580100000,0x00000006551cc4c0,0x0000000655600000)
  from space 3494912K, 53% used [0x0000000655600000,0x00000006c6ed0c30,0x000000072ab00000)
  to   space 3494912K, 0% used [0x000000072ab00000,0x000000072ab00000,0x0000000800000000)
 ParOldGen       total 20970496K, used 18581329K [0x0000000080200000, 0x0000000580100000, 0x0000000580100000)
  object space 20970496K, 88% used [0x0000000080200000,0x00000004ee3d4538,0x0000000580100000)
 Metaspace       used 13783K, capacity 14012K, committed 14336K, reserved 1062912K
  class space    used 1180K, capacity 1254K, committed 1280K, reserved 1048576K
Event: 3260.378 GC heap after
Heap after GC invocations=811 (full 98):
 PSYoungGen      total 6989824K, used 3465283K [0x0000000580100000, 0x0000000800000000, 0x0000000800000000)
  eden space 3494912K, 0% used [0x0000000580100000,0x0000000580100000,0x0000000655600000)
  from space 3494912K, 99% used [0x000000072ab00000,0x00000007fe310e80,0x0000000800000000)
  to   space 3494912K, 0% used [0x0000000655600000,0x0000000655600000,0x000000072ab00000)
 ParOldGen       total 20970496K, used 20441076K [0x0000000080200000, 0x0000000580100000, 0x0000000580100000)
  object space 20970496K, 97% used [0x0000000080200000,0x000000055fbfd158,0x0000000580100000)
 Metaspace       used 13783K, capacity 14012K, committed 14336K, reserved 1062912K
  class space    used 1180K, capacity 1254K, committed 1280K, reserved 1048576K
}
Event: 3260.378 GC heap before
{Heap before GC invocations=812 (full 99):
 PSYoungGen      total 6989824K, used 3465283K [0x0000000580100000, 0x0000000800000000, 0x0000000800000000)
  eden space 3494912K, 0% used [0x0000000580100000,0x0000000580100000,0x0000000655600000)
  from space 3494912K, 99% used [0x000000072ab00000,0x00000007fe310e80,0x0000000800000000)
  to   space 3494912K, 0% used [0x0000000655600000,0x0000000655600000,0x000000072ab00000)
 ParOldGen       total 20970496K, used 20441076K [0x0000000080200000, 0x0000000580100000, 0x0000000580100000)
  object space 20970496K, 97% used [0x0000000080200000,0x000000055fbfd158,0x0000000580100000)
 Metaspace       used 13783K, capacity 14012K, committed 14336K, reserved 1062912K
  class space    used 1180K, capacity 1254K, committed 1280K, reserved 1048576K
Event: 3261.076 GC heap after
Heap after GC invocations=812 (full 99):
 PSYoungGen      total 6989824K, used 0K [0x0000000580100000, 0x0000000800000000, 0x0000000800000000)
  eden space 3494912K, 0% used [0x0000000580100000,0x0000000580100000,0x0000000655600000)
  from space 3494912K, 0% used [0x000000072ab00000,0x000000072ab00000,0x0000000800000000)
  to   space 3494912K, 0% used [0x0000000655600000,0x0000000655600000,0x000000072ab00000)
 ParOldGen       total 20970496K, used 4756606K [0x0000000080200000, 0x0000000580100000, 0x0000000580100000)
  object space 20970496K, 22% used [0x0000000080200000,0x00000001a271fbd0,0x0000000580100000)
 Metaspace       used 13783K, capacity 14012K, committed 14336K, reserved 1062912K
  class space    used 1180K, capacity 1254K, committed 1280K, reserved 1048576K
}
Event: 3262.063 GC heap before
{Heap before GC invocations=813 (full 99):
 PSYoungGen      total 6989824K, used 3491239K [0x0000000580100000, 0x0000000800000000, 0x0000000800000000)
  eden space 3494912K, 99% used [0x0000000580100000,0x0000000655269e00,0x0000000655600000)
  from space 3494912K, 0% used [0x000000072ab00000,0x000000072ab00000,0x0000000800000000)
  to   space 3494912K, 0% used [0x0000000655600000,0x0000000655600000,0x000000072ab00000)
 ParOldGen       total 20970496K, used 4756606K [0x0000000080200000, 0x0000000580100000, 0x0000000580100000)
  object space 20970496K, 22% used [0x0000000080200000,0x00000001a271fbd0,0x0000000580100000)
 Metaspace       used 13783K, capacity 14012K, committed 14336K, reserved 1062912K
  class space    used 1180K, capacity 1254K, committed 1280K, reserved 1048576K
Event: 3262.134 GC heap after
Heap after GC invocations=813 (full 99):
 PSYoungGen      total 6989824K, used 1798468K [0x0000000580100000, 0x0000000800000000, 0x0000000800000000)
  eden space 3494912K, 0% used [0x0000000580100000,0x0000000580100000,0x0000000655600000)
  from space 3494912K, 51% used [0x0000000655600000,0x00000006c3251310,0x000000072ab00000)
  to   space 3494912K, 0% used [0x000000072ab00000,0x000000072ab00000,0x0000000800000000)
 ParOldGen       total 20970496K, used 4756606K [0x0000000080200000, 0x0000000580100000, 0x0000000580100000)
  object space 20970496K, 22% used [0x0000000080200000,0x00000001a271fbd0,0x0000000580100000)
 Metaspace       used 13783K, capacity 14012K, committed 14336K, reserved 1062912K
  class space    used 1180K, capacity 1254K, committed 1280K, reserved 1048576K
}
Event: 3271.776 GC heap before
{Heap before GC invocations=814 (full 99):
 PSYoungGen      total 6989824K, used 5289187K [0x0000000580100000, 0x0000000800000000, 0x0000000800000000)
  eden space 3494912K, 99% used [0x0000000580100000,0x00000006551e7b50,0x0000000655600000)
  from space 3494912K, 51% used [0x0000000655600000,0x00000006c3251310,0x000000072ab00000)
  to   space 3494912K, 0% used [0x000000072ab00000,0x000000072ab00000,0x0000000800000000)
 ParOldGen       total 20970496K, used 4756606K [0x0000000080200000, 0x0000000580100000, 0x0000000580100000)
  object space 20970496K, 22% used [0x0000000080200000,0x00000001a271fbd0,0x0000000580100000)
 Metaspace       used 13783K, capacity 14012K, committed 14336K, reserved 1062912K
  class space    used 1180K, capacity 1254K, committed 1280K, reserved 1048576K
Event: 3272.004 GC heap after
Heap after GC invocations=814 (full 99):
 PSYoungGen      total 6989824K, used 1559489K [0x0000000580100000, 0x0000000800000000, 0x0000000800000000)
  eden space 3494912K, 0% used [0x0000000580100000,0x0000000580100000,0x0000000655600000)
  from space 3494912K, 44% used [0x000000072ab00000,0x0000000789df0710,0x0000000800000000)
  to   space 3494912K, 0% used [0x0000000655600000,0x0000000655600000,0x000000072ab00000)
 ParOldGen       total 20970496K, used 6456715K [0x0000000080200000, 0x0000000580100000, 0x0000000580100000)
  object space 20970496K, 30% used [0x0000000080200000,0x000000020a362e80,0x0000000580100000)
 Metaspace       used 13783K, capacity 14012K, committed 14336K, reserved 1062912K
  class space    used 1180K, capacity 1254K, committed 1280K, reserved 1048576K
}
Event: 3275.873 GC heap before
{Heap before GC invocations=815 (full 99):
 PSYoungGen      total 6989824K, used 5054189K [0x0000000580100000, 0x0000000800000000, 0x0000000800000000)
  eden space 3494912K, 99% used [0x0000000580100000,0x00000006555caed0,0x0000000655600000)
  from space 3494912K, 44% used [0x000000072ab00000,0x0000000789df0710,0x0000000800000000)
  to   space 3494912K, 0% used [0x0000000655600000,0x0000000655600000,0x000000072ab00000)
 ParOldGen       total 20970496K, used 6456715K [0x0000000080200000, 0x0000000580100000, 0x0000000580100000)
  object space 20970496K, 30% used [0x0000000080200000,0x000000020a362e80,0x0000000580100000)
 Metaspace       used 13783K, capacity 14012K, committed 14336K, reserved 1062912K
  class space    used 1180K, capacity 1254K, committed 1280K, reserved 1048576K
Event: 3276.125 GC heap after
Heap after GC invocations=815 (full 99):
 PSYoungGen      total 6989824K, used 3326180K [0x0000000580100000, 0x0000000800000000, 0x0000000800000000)
  eden space 3494912K, 0% used [0x0000000580100000,0x0000000580100000,0x0000000655600000)
  from space 3494912K, 95% used [0x0000000655600000,0x00000007206392d0,0x000000072ab00000)
  to   space 3494912K, 0% used [0x000000072ab00000,0x000000072ab00000,0x0000000800000000)
 ParOldGen       total 20970496K, used 7980565K [0x0000000080200000, 0x0000000580100000, 0x0000000580100000)
  object space 20970496K, 38% used [0x0000000080200000,0x0000000267385480,0x0000000580100000)
 Metaspace       used 13783K, capacity 14012K, committed 14336K, reserved 1062912K
  class space    used 1180K, capacity 1254K, committed 1280K, reserved 1048576K
}
Event: 3277.243 GC heap before
{Heap before GC invocations=816 (full 99):
 PSYoungGen      total 6989824K, used 6818978K [0x0000000580100000, 0x0000000800000000, 0x0000000800000000)
  eden space 3494912K, 99% used [0x0000000580100000,0x00000006553ef840,0x0000000655600000)
  from space 3494912K, 95% used [0x0000000655600000,0x00000007206392d0,0x000000072ab00000)
  to   space 3494912K, 0% used [0x000000072ab00000,0x000000072ab00000,0x0000000800000000)
 ParOldGen       total 20970496K, used 7980565K [0x0000000080200000, 0x0000000580100000, 0x0000000580100000)
  object space 20970496K, 38% used [0x0000000080200000,0x0000000267385480,0x0000000580100000)
 Metaspace       used 13783K, capacity 14012K, committed 14336K, reserved 1062912K
  class space    used 1180K, capacity 1254K, committed 1280K, reserved 1048576K
Event: 3277.501 GC heap after
Heap after GC invocations=816 (full 99):
 PSYoungGen      total 6989824K, used 2502981K [0x0000000580100000, 0x0000000800000000, 0x0000000800000000)
  eden space 3494912K, 0% used [0x0000000580100000,0x0000000580100000,0x0000000655600000)
  from space 3494912K, 71% used [0x000000072ab00000,0x00000007c37515c0,0x0000000800000000)
  to   space 3494912K, 0% used [0x0000000655600000,0x0000000655600000,0x000000072ab00000)
 ParOldGen       total 20970496K, used 10323536K [0x0000000080200000, 0x0000000580100000, 0x0000000580100000)
  object space 20970496K, 49% used [0x0000000080200000,0x00000002f6394390,0x0000000580100000)
 Metaspace       used 13783K, capacity 14012K, committed 14336K, reserved 1062912K
  class space    used 1180K, capacity 1254K, committed 1280K, reserved 1048576K
}
Event: 3278.583 GC heap before
{Heap before GC invocations=817 (full 99):
 PSYoungGen      total 6989824K, used 5995258K [0x0000000580100000, 0x0000000800000000, 0x0000000800000000)
  eden space 3494912K, 99% used [0x0000000580100000,0x000000065536d5d8,0x0000000655600000)
  from space 3494912K, 71% used [0x000000072ab00000,0x00000007c37515c0,0x0000000800000000)
  to   space 3494912K, 0% used [0x0000000655600000,0x0000000655600000,0x000000072ab00000)
 ParOldGen       total 20970496K, used 10323536K [0x0000000080200000, 0x0000000580100000, 0x0000000580100000)
  object space 20970496K, 49% used [0x0000000080200000,0x00000002f6394390,0x0000000580100000)
 Metaspace       used 13783K, capacity 14012K, committed 14336K, reserved 1062912K
  class space    used 1180K, capacity 1254K, committed 1280K, reserved 1048576K
Event: 3278.743 GC heap after
Heap after GC invocations=817 (full 99):
 PSYoungGen      total 6989824K, used 1753121K [0x0000000580100000, 0x0000000800000000, 0x0000000800000000)
  eden space 3494912K, 0% used [0x0000000580100000,0x0000000580100000,0x0000000655600000)
  from space 3494912K, 50% used [0x0000000655600000,0x00000006c06086b0,0x000000072ab00000)
  to   space 3494912K, 0% used [0x000000072ab00000,0x000000072ab00000,0x0000000800000000)
 ParOldGen       total 20970496K, used 11794277K [0x0000000080200000, 0x0000000580100000, 0x0000000580100000)
  object space 20970496K, 56% used [0x0000000080200000,0x000000034ffd9560,0x0000000580100000)
 Metaspace       used 13783K, capacity 14012K, committed 14336K, reserved 1062912K
  class space    used 1180K, capacity 1254K, committed 1280K, reserved 1048576K
}
Event: 3286.333 GC heap before
{Heap before GC invocations=818 (full 99):
 PSYoungGen      total 6989824K, used 5248033K [0x0000000580100000, 0x0000000800000000, 0x0000000800000000)
  eden space 3494912K, 100% used [0x0000000580100000,0x0000000655600000,0x0000000655600000)
  from space 3494912K, 50% used [0x0000000655600000,0x00000006c06086b0,0x000000072ab00000)
  to   space 3494912K, 0% used [0x000000072ab00000,0x000000072ab00000,0x0000000800000000)
 ParOldGen       total 20970496K, used 11794277K [0x0000000080200000, 0x0000000580100000, 0x0000000580100000)
  object space 20970496K, 56% used [0x0000000080200000,0x000000034ffd9560,0x0000000580100000)
 Metaspace       used 13783K, capacity 14012K, committed 14336K, reserved 1062912K
  class space    used 1180K, capacity 1254K, committed 1280K, reserved 1048576K
Event: 3286.611 GC heap after
Heap after GC invocations=818 (full 99):
 PSYoungGen      total 6989824K, used 1925955K [0x0000000580100000, 0x0000000800000000, 0x0000000800000000)
  eden space 3494912K, 0% used [0x0000000580100000,0x0000000580100000,0x0000000655600000)
  from space 3494912K, 55% used [0x000000072ab00000,0x00000007a03d0d10,0x0000000800000000)
  to   space 3494912K, 0% used [0x0000000655600000,0x0000000655600000,0x000000072ab00000)
 ParOldGen       total 20970496K, used 13547367K [0x0000000080200000, 0x0000000580100000, 0x0000000580100000)
  object space 20970496K, 64% used [0x0000000080200000,0x00000003bafd9c10,0x0000000580100000)
 Metaspace       used 13783K, capacity 14012K, committed 14336K, reserved 1062912K
  class space    used 1180K, capacity 1254K, committed 1280K, reserved 1048576K
}

