# JRE version: OpenJDK Runtime Environment (8.0_161-b14) (build 1.8.0_161-b14)
# Java VM: OpenJDK 64-Bit Server VM (25.161-b14 mixed mode linux-amd64 compressed oops)
Heap:
 PSYoungGen      total 6989824K, used 3246900K [0x0000000580100000, 0x0000000800000000, 0x0000000800000000)
  eden space 3494912K, 92% used [0x0000000580100000,0x00000006463cd358,0x0000000655600000)
  from space 3494912K, 0% used [0x000000072ab00000,0x000000072ab00000,0x0000000800000000)
  to   space 3494912K, 0% used [0x0000000655600000,0x0000000655600000,0x000000072ab00000)
 ParOldGen       total 14304768K, used 4712266K [0x0000000080200000, 0x00000003e9380000, 0x0000000580100000)
  object space 14304768K, 32% used [0x0000000080200000,0x000000019fbd2800,0x00000003e9380000)
 Metaspace       used 13805K, capacity 13942K, committed 14208K, reserved 1062912K
  class space    used 1261K, capacity 1317K, committed 1408K, reserved 1048576K
GC Heap History (10 events):
Event: 86.659 GC heap before
{Heap before GC invocations=36 (full 9):
 PSYoungGen      total 6989824K, used 5875326K [0x0000000580100000, 0x0000000800000000, 0x0000000800000000)
  eden space 3494912K, 99% used [0x0000000580100000,0x000000065502d7e8,0x0000000655600000)
  from space 3494912K, 68% used [0x000000072ab00000,0x00000007bc572360,0x0000000800000000)
  to   space 3494912K, 0% used [0x0000000655600000,0x0000000655600000,0x000000072ab00000)
 ParOldGen       total 18518528K, used 9141052K [0x0000000080200000, 0x00000004ea680000, 0x0000000580100000)
  object space 18518528K, 49% used [0x0000000080200000,0x00000002ae0cf2b0,0x00000004ea680000)
 Metaspace       used 13787K, capacity 13942K, committed 14208K, reserved 1062912K
  class space    used 1261K, capacity 1317K, committed 1408K, reserved 1048576K
Event: 86.834 GC heap after
Heap after GC invocations=36 (full 9):
 PSYoungGen      total 6989824K, used 3484105K [0x0000000580100000, 0x0000000800000000, 0x0000000800000000)
  eden space 3494912K, 0% used [0x0000000580100000,0x0000000580100000,0x0000000655600000)
  from space 3494912K, 99% used [0x0000000655600000,0x000000072a072790,0x000000072ab00000)
  to   space 3494912K, 0% used [0x000000072ab00000,0x000000072ab00000,0x0000000800000000)
 ParOldGen       total 18518528K, used 9780029K [0x0000000080200000, 0x00000004ea680000, 0x0000000580100000)
  object space 18518528K, 52% used [0x0000000080200000,0x00000002d50cf520,0x00000004ea680000)
 Metaspace       used 13787K, capacity 13942K, committed 14208K, reserved 1062912K
  class space    used 1261K, capacity 1317K, committed 1408K, reserved 1048576K
}
Event: 87.655 GC heap before
{Heap before GC invocations=37 (full 9):
 PSYoungGen      total 6989824K, used 6968915K [0x0000000580100000, 0x0000000800000000, 0x0000000800000000)
  eden space 3494912K, 99% used [0x0000000580100000,0x0000000654c224a0,0x0000000655600000)
  from space 3494912K, 99% used [0x0000000655600000,0x000000072a072790,0x000000072ab00000)
  to   space 3494912K, 0% used [0x000000072ab00000,0x000000072ab00000,0x0000000800000000)
 ParOldGen       total 18518528K, used 9780029K [0x0000000080200000, 0x00000004ea680000, 0x0000000580100000)
  object space 18518528K, 52% used [0x0000000080200000,0x00000002d50cf520,0x00000004ea680000)
 Metaspace       used 13787K, capacity 13942K, committed 14208K, reserved 1062912K
  class space    used 1261K, capacity 1317K, committed 1408K, reserved 1048576K
Event: 87.867 GC heap after
Heap after GC invocations=37 (full 9):
 PSYoungGen      total 6989824K, used 3484105K [0x0000000580100000, 0x0000000800000000, 0x0000000800000000)
  eden space 3494912K, 0% used [0x0000000580100000,0x0000000580100000,0x0000000655600000)
  from space 3494912K, 99% used [0x000000072ab00000,0x00000007ff572790,0x0000000800000000)
  to   space 3494912K, 0% used [0x0000000655600000,0x0000000655600000,0x000000072ab00000)
 ParOldGen       total 18518528K, used 11500350K [0x0000000080200000, 0x00000004ea680000, 0x0000000580100000)
  object space 18518528K, 62% used [0x0000000080200000,0x000000033e0cfbb0,0x00000004ea680000)
 Metaspace       used 13787K, capacity 13942K, committed 14208K, reserved 1062912K
  class space    used 1261K, capacity 1317K, committed 1408K, reserved 1048576K
}
Event: 88.717 GC heap before
{Heap before GC invocations=38 (full 9):
 PSYoungGen      total 6989824K, used 6975980K [0x0000000580100000, 0x0000000800000000, 0x0000000800000000)
  eden space 3494912K, 99% used [0x0000000580100000,0x00000006553088a8,0x0000000655600000)
  from space 3494912K, 99% used [0x000000072ab00000,0x00000007ff572790,0x0000000800000000)
  to   space 3494912K, 0% used [0x0000000655600000,0x0000000655600000,0x000000072ab00000)
 ParOldGen       total 18518528K, used 11500350K [0x0000000080200000, 0x00000004ea680000, 0x0000000580100000)
  object space 18518528K, 62% used [0x0000000080200000,0x000000033e0cfbb0,0x00000004ea680000)
 Metaspace       used 13787K, capacity 13942K, committed 14208K, reserved 1062912K
  class space    used 1261K, capacity 1317K, committed 1408K, reserved 1048576K
Event: 89.060 GC heap after
Heap after GC invocations=38 (full 9):
 PSYoungGen      total 6989824K, used 3489827K [0x0000000580100000, 0x0000000800000000, 0x0000000800000000)
  eden space 3494912K, 0% used [0x0000000580100000,0x0000000580100000,0x0000000655600000)
  from space 3494912K, 99% used [0x0000000655600000,0x000000072a608d50,0x000000072ab00000)
  to   space 3494912K, 0% used [0x000000072ab00000,0x000000072ab00000,0x0000000800000000)
 ParOldGen       total 18518528K, used 13198551K [0x0000000080200000, 0x00000004ea680000, 0x0000000580100000)
  object space 18518528K, 71% used [0x0000000080200000,0x00000003a5b35c70,0x00000004ea680000)
 Metaspace       used 13787K, capacity 13942K, committed 14208K, reserved 1062912K
  class space    used 1261K, capacity 1317K, committed 1408K, reserved 1048576K
}
Event: 95.412 GC heap before
{Heap before GC invocations=39 (full 9):
 PSYoungGen      total 6989824K, used 6983328K [0x0000000580100000, 0x0000000800000000, 0x0000000800000000)
  eden space 3494912K, 99% used [0x0000000580100000,0x000000065549f678,0x0000000655600000)
  from space 3494912K, 99% used [0x0000000655600000,0x000000072a608d50,0x000000072ab00000)
  to   space 3494912K, 0% used [0x000000072ab00000,0x000000072ab00000,0x0000000800000000)
 ParOldGen       total 18518528K, used 13198551K [0x0000000080200000, 0x00000004ea680000, 0x0000000580100000)
  object space 18518528K, 71% used [0x0000000080200000,0x00000003a5b35c70,0x00000004ea680000)
 Metaspace       used 13804K, capacity 13942K, committed 14208K, reserved 1062912K
  class space    used 1261K, capacity 1317K, committed 1408K, reserved 1048576K
Event: 95.769 GC heap after
Heap after GC invocations=39 (full 9):
 PSYoungGen      total 6989824K, used 2196674K [0x0000000580100000, 0x0000000800000000, 0x0000000800000000)
  eden space 3494912K, 0% used [0x0000000580100000,0x0000000580100000,0x0000000655600000)
  from space 3494912K, 62% used [0x000000072ab00000,0x00000007b0c30a10,0x0000000800000000)
  to   space 3494912K, 0% used [0x0000000655600000,0x0000000655600000,0x000000072ab00000)
 ParOldGen       total 18518528K, used 15459553K [0x0000000080200000, 0x00000004ea680000, 0x0000000580100000)
  object space 18518528K, 83% used [0x0000000080200000,0x000000042fb38510,0x00000004ea680000)
 Metaspace       used 13804K, capacity 13942K, committed 14208K, reserved 1062912K
  class space    used 1261K, capacity 1317K, committed 1408K, reserved 1048576K
}
Event: 95.769 GC heap before
{Heap before GC invocations=40 (full 10):
 PSYoungGen      total 6989824K, used 2196674K [0x0000000580100000, 0x0000000800000000, 0x0000000800000000)
  eden space 3494912K, 0% used [0x0000000580100000,0x0000000580100000,0x0000000655600000)
  from space 3494912K, 62% used [0x000000072ab00000,0x00000007b0c30a10,0x0000000800000000)
  to   space 3494912K, 0% used [0x0000000655600000,0x0000000655600000,0x000000072ab00000)
 ParOldGen       total 18518528K, used 15459553K [0x0000000080200000, 0x00000004ea680000, 0x0000000580100000)
  object space 18518528K, 83% used [0x0000000080200000,0x000000042fb38510,0x00000004ea680000)
 Metaspace       used 13804K, capacity 13942K, committed 14208K, reserved 1062912K
  class space    used 1261K, capacity 1317K, committed 1408K, reserved 1048576K
Event: 96.175 GC heap after
Heap after GC invocations=40 (full 10):
 PSYoungGen      total 6989824K, used 0K [0x0000000580100000, 0x0000000800000000, 0x0000000800000000)
  eden space 3494912K, 0% used [0x0000000580100000,0x0000000580100000,0x0000000655600000)
  from space 3494912K, 0% used [0x000000072ab00000,0x000000072ab00000,0x0000000800000000)
  to   space 3494912K, 0% used [0x0000000655600000,0x0000000655600000,0x000000072ab00000)
 ParOldGen       total 14304768K, used 4712266K [0x0000000080200000, 0x00000003e9380000, 0x0000000580100000)
  object space 14304768K, 32% used [0x0000000080200000,0x000000019fbd2800,0x00000003e9380000)
 Metaspace       used 13804K, capacity 13942K, committed 14208K, reserved 1062912K
  class space    used 1261K, capacity 1317K, committed 1408K, reserved 1048576K
}

