# JRE version: OpenJDK Runtime Environment (8.0_161-b14) (build 1.8.0_161-b14)
# Java VM: OpenJDK 64-Bit Server VM (25.161-b14 mixed mode linux-amd64 compressed oops)
Heap:
 PSYoungGen      total 6989824K, used 3589153K [0x0000000580100000, 0x0000000800000000, 0x0000000800000000)
  eden space 3494912K, 9% used [0x0000000580100000,0x00000005938e4698,0x0000000655600000)
  from space 3494912K, 93% used [0x0000000655600000,0x000000071cf23e38,0x000000072ab00000)
  to   space 3494912K, 0% used [0x000000072ab00000,0x000000072ab00000,0x0000000800000000)
 ParOldGen       total 17011200K, used 7211748K [0x0000000080200000, 0x000000048e680000, 0x0000000580100000)
  object space 17011200K, 42% used [0x0000000080200000,0x00000002384b92c0,0x000000048e680000)
 Metaspace       used 18784K, capacity 19008K, committed 19328K, reserved 1067008K
  class space    used 1706K, capacity 1811K, committed 1920K, reserved 1048576K
GC Heap History (10 events):
Event: 80.193 GC heap before
{Heap before GC invocations=37 (full 9):
 PSYoungGen      total 6989824K, used 6975358K [0x0000000580100000, 0x0000000800000000, 0x0000000800000000)
  eden space 3494912K, 99% used [0x0000000580100000,0x000000065526d210,0x0000000655600000)
  from space 3494912K, 99% used [0x0000000655600000,0x000000072a072790,0x000000072ab00000)
  to   space 3494912K, 0% used [0x000000072ab00000,0x000000072ab00000,0x0000000800000000)
 ParOldGen       total 20970496K, used 13119875K [0x0000000080200000, 0x0000000580100000, 0x0000000580100000)
  object space 20970496K, 62% used [0x0000000080200000,0x00000003a0e60f98,0x0000000580100000)
 Metaspace       used 18716K, capacity 18944K, committed 19328K, reserved 1067008K
  class space    used 1706K, capacity 1811K, committed 1920K, reserved 1048576K
Event: 80.369 GC heap after
Heap after GC invocations=37 (full 9):
 PSYoungGen      total 6989824K, used 3484105K [0x0000000580100000, 0x0000000800000000, 0x0000000800000000)
  eden space 3494912K, 0% used [0x0000000580100000,0x0000000580100000,0x0000000655600000)
  from space 3494912K, 99% used [0x000000072ab00000,0x00000007ff572790,0x0000000800000000)
  to   space 3494912K, 0% used [0x0000000655600000,0x0000000655600000,0x000000072ab00000)
 ParOldGen       total 20970496K, used 14856581K [0x0000000080200000, 0x0000000580100000, 0x0000000580100000)
  object space 20970496K, 70% used [0x0000000080200000,0x000000040ae61638,0x0000000580100000)
 Metaspace       used 18716K, capacity 18944K, committed 19328K, reserved 1067008K
  class space    used 1706K, capacity 1811K, committed 1920K, reserved 1048576K
}
Event: 81.260 GC heap before
{Heap before GC invocations=38 (full 9):
 PSYoungGen      total 6989824K, used 6976250K [0x0000000580100000, 0x0000000800000000, 0x0000000800000000)
  eden space 3494912K, 99% used [0x0000000580100000,0x000000065534c400,0x0000000655600000)
  from space 3494912K, 99% used [0x000000072ab00000,0x00000007ff572790,0x0000000800000000)
  to   space 3494912K, 0% used [0x0000000655600000,0x0000000655600000,0x000000072ab00000)
 ParOldGen       total 20970496K, used 14856581K [0x0000000080200000, 0x0000000580100000, 0x0000000580100000)
  object space 20970496K, 70% used [0x0000000080200000,0x000000040ae61638,0x0000000580100000)
 Metaspace       used 18716K, capacity 18944K, committed 19328K, reserved 1067008K
  class space    used 1706K, capacity 1811K, committed 1920K, reserved 1048576K
Event: 81.447 GC heap after
Heap after GC invocations=38 (full 9):
 PSYoungGen      total 6989824K, used 3484105K [0x0000000580100000, 0x0000000800000000, 0x0000000800000000)
  eden space 3494912K, 0% used [0x0000000580100000,0x0000000580100000,0x0000000655600000)
  from space 3494912K, 99% used [0x0000000655600000,0x000000072a072790,0x000000072ab00000)
  to   space 3494912K, 0% used [0x000000072ab00000,0x000000072ab00000,0x0000000800000000)
 ParOldGen       total 20970496K, used 16609671K [0x0000000080200000, 0x0000000580100000, 0x0000000580100000)
  object space 20970496K, 79% used [0x0000000080200000,0x0000000475e61ce8,0x0000000580100000)
 Metaspace       used 18716K, capacity 18944K, committed 19328K, reserved 1067008K
  class space    used 1706K, capacity 1811K, committed 1920K, reserved 1048576K
}
Event: 85.370 GC heap before
{Heap before GC invocations=39 (full 9):
 PSYoungGen      total 6989824K, used 6979017K [0x0000000580100000, 0x0000000800000000, 0x0000000800000000)
  eden space 3494912K, 100% used [0x0000000580100000,0x0000000655600000,0x0000000655600000)
  from space 3494912K, 99% used [0x0000000655600000,0x000000072a072790,0x000000072ab00000)
  to   space 3494912K, 0% used [0x000000072ab00000,0x000000072ab00000,0x0000000800000000)
 ParOldGen       total 20970496K, used 16609671K [0x0000000080200000, 0x0000000580100000, 0x0000000580100000)
  object space 20970496K, 79% used [0x0000000080200000,0x0000000475e61ce8,0x0000000580100000)
 Metaspace       used 18718K, capacity 18944K, committed 19328K, reserved 1067008K
  class space    used 1706K, capacity 1811K, committed 1920K, reserved 1048576K
Event: 85.639 GC heap after
Heap after GC invocations=39 (full 9):
 PSYoungGen      total 6989824K, used 1740848K [0x0000000580100000, 0x0000000800000000, 0x0000000800000000)
  eden space 3494912K, 0% used [0x0000000580100000,0x0000000580100000,0x0000000655600000)
  from space 3494912K, 49% used [0x000000072ab00000,0x0000000794f0c070,0x0000000800000000)
  to   space 3494912K, 0% used [0x0000000655600000,0x0000000655600000,0x000000072ab00000)
 ParOldGen       total 20970496K, used 19258136K [0x0000000080200000, 0x0000000580100000, 0x0000000580100000)
  object space 20970496K, 91% used [0x0000000080200000,0x00000005178c6148,0x0000000580100000)
 Metaspace       used 18718K, capacity 18944K, committed 19328K, reserved 1067008K
  class space    used 1706K, capacity 1811K, committed 1920K, reserved 1048576K
}
Event: 85.639 GC heap before
{Heap before GC invocations=40 (full 10):
 PSYoungGen      total 6989824K, used 1740848K [0x0000000580100000, 0x0000000800000000, 0x0000000800000000)
  eden space 3494912K, 0% used [0x0000000580100000,0x0000000580100000,0x0000000655600000)
  from space 3494912K, 49% used [0x000000072ab00000,0x0000000794f0c070,0x0000000800000000)
  to   space 3494912K, 0% used [0x0000000655600000,0x0000000655600000,0x000000072ab00000)
 ParOldGen       total 20970496K, used 19258136K [0x0000000080200000, 0x0000000580100000, 0x0000000580100000)
  object space 20970496K, 91% used [0x0000000080200000,0x00000005178c6148,0x0000000580100000)
 Metaspace       used 18718K, capacity 18944K, committed 19328K, reserved 1067008K
  class space    used 1706K, capacity 1811K, committed 1920K, reserved 1048576K
Event: 86.006 GC heap after
Heap after GC invocations=40 (full 10):
 PSYoungGen      total 6989824K, used 0K [0x0000000580100000, 0x0000000800000000, 0x0000000800000000)
  eden space 3494912K, 0% used [0x0000000580100000,0x0000000580100000,0x0000000655600000)
  from space 3494912K, 0% used [0x000000072ab00000,0x000000072ab00000,0x0000000800000000)
  to   space 3494912K, 0% used [0x0000000655600000,0x0000000655600000,0x000000072ab00000)
 ParOldGen       total 17011200K, used 7211740K [0x0000000080200000, 0x000000048e680000, 0x0000000580100000)
  object space 17011200K, 42% used [0x0000000080200000,0x00000002384b72c0,0x000000048e680000)
 Metaspace       used 18718K, capacity 18944K, committed 19328K, reserved 1067008K
  class space    used 1706K, capacity 1811K, committed 1920K, reserved 1048576K
}
Event: 91.944 GC heap before
{Heap before GC invocations=41 (full 10):
 PSYoungGen      total 6989824K, used 3486885K [0x0000000580100000, 0x0000000800000000, 0x0000000800000000)
  eden space 3494912K, 99% used [0x0000000580100000,0x0000000654e29670,0x0000000655600000)
  from space 3494912K, 0% used [0x000000072ab00000,0x000000072ab00000,0x0000000800000000)
  to   space 3494912K, 0% used [0x0000000655600000,0x0000000655600000,0x000000072ab00000)
 ParOldGen       total 17011200K, used 7211740K [0x0000000080200000, 0x000000048e680000, 0x0000000580100000)
  object space 17011200K, 42% used [0x0000000080200000,0x00000002384b72c0,0x000000048e680000)
 Metaspace       used 18784K, capacity 19008K, committed 19328K, reserved 1067008K
  class space    used 1706K, capacity 1811K, committed 1920K, reserved 1048576K
Event: 92.068 GC heap after
Heap after GC invocations=41 (full 10):
 PSYoungGen      total 6989824K, used 3269775K [0x0000000580100000, 0x0000000800000000, 0x0000000800000000)
  eden space 3494912K, 0% used [0x0000000580100000,0x0000000580100000,0x0000000655600000)
  from space 3494912K, 93% used [0x0000000655600000,0x000000071cf23e38,0x000000072ab00000)
  to   space 3494912K, 0% used [0x000000072ab00000,0x000000072ab00000,0x0000000800000000)
 ParOldGen       total 17011200K, used 7211748K [0x0000000080200000, 0x000000048e680000, 0x0000000580100000)
  object space 17011200K, 42% used [0x0000000080200000,0x00000002384b92c0,0x000000048e680000)
 Metaspace       used 18784K, capacity 19008K, committed 19328K, reserved 1067008K
  class space    used 1706K, capacity 1811K, committed 1920K, reserved 1048576K
}

