# JRE version: OpenJDK Runtime Environment (8.0_161-b14) (build 1.8.0_161-b14)
# Java VM: OpenJDK 64-Bit Server VM (25.161-b14 mixed mode linux-amd64 compressed oops)
Heap:
 PSYoungGen      total 9434112K, used 1565810K [0x0000000580100000, 0x0000000800000000, 0x0000000800000000)
  eden space 8392704K, 6% used [0x0000000580100000,0x00000005a018a288,0x0000000780500000)
  from space 1041408K, 99% used [0x0000000780500000,0x00000007bfd92970,0x00000007bfe00000)
  to   space 1050624K, 0% used [0x00000007bfe00000,0x00000007bfe00000,0x0000000800000000)
 ParOldGen       total 20970496K, used 13123332K [0x0000000080200000, 0x0000000580100000, 0x0000000580100000)
  object space 20970496K, 62% used [0x0000000080200000,0x00000003a11c13f8,0x0000000580100000)
 Metaspace       used 13706K, capacity 13878K, committed 14208K, reserved 1062912K
  class space    used 1260K, capacity 1317K, committed 1408K, reserved 1048576K
GC Heap History (10 events):
Event: 80.356 GC heap before
{Heap before GC invocations=31 (full 11):
 PSYoungGen      total 8158720K, used 672302K [0x0000000580100000, 0x00000007b3900000, 0x0000000800000000)
  eden space 7480320K, 0% used [0x0000000580100000,0x0000000580100000,0x0000000748a00000)
  from space 678400K, 99% used [0x0000000778600000,0x00000007a168b8e0,0x00000007a1c80000)
  to   space 782336K, 0% used [0x0000000748a00000,0x0000000748a00000,0x0000000778600000)
 ParOldGen       total 20970496K, used 18324856K [0x0000000080200000, 0x0000000580100000, 0x0000000580100000)
  object space 20970496K, 87% used [0x0000000080200000,0x00000004de95e1b0,0x0000000580100000)
 Metaspace       used 13689K, capacity 13878K, committed 14208K, reserved 1062912K
  class space    used 1260K, capacity 1317K, committed 1408K, reserved 1048576K
Event: 81.396 GC heap after
Heap after GC invocations=31 (full 11):
 PSYoungGen      total 8158720K, used 0K [0x0000000580100000, 0x00000007b3900000, 0x0000000800000000)
  eden space 7480320K, 0% used [0x0000000580100000,0x0000000580100000,0x0000000748a00000)
  from space 678400K, 0% used [0x0000000778600000,0x0000000778600000,0x00000007a1c80000)
  to   space 782336K, 0% used [0x0000000748a00000,0x0000000748a00000,0x0000000778600000)
 ParOldGen       total 20477440K, used 7984871K [0x0000000080200000, 0x0000000561f80000, 0x0000000580100000)
  object space 20477440K, 38% used [0x0000000080200000,0x00000002677b9ea0,0x0000000561f80000)
 Metaspace       used 13689K, capacity 13878K, committed 14208K, reserved 1062912K
  class space    used 1260K, capacity 1317K, committed 1408K, reserved 1048576K
}
Event: 83.363 GC heap before
{Heap before GC invocations=32 (full 11):
 PSYoungGen      total 8158720K, used 7474937K [0x0000000580100000, 0x00000007b3900000, 0x0000000800000000)
  eden space 7480320K, 99% used [0x0000000580100000,0x00000007484be7d0,0x0000000748a00000)
  from space 678400K, 0% used [0x0000000778600000,0x0000000778600000,0x00000007a1c80000)
  to   space 782336K, 0% used [0x0000000748a00000,0x0000000748a00000,0x0000000778600000)
 ParOldGen       total 20477440K, used 7984871K [0x0000000080200000, 0x0000000561f80000, 0x0000000580100000)
  object space 20477440K, 38% used [0x0000000080200000,0x00000002677b9ea0,0x0000000561f80000)
 Metaspace       used 13689K, capacity 13878K, committed 14208K, reserved 1062912K
  class space    used 1260K, capacity 1317K, committed 1408K, reserved 1048576K
Event: 83.702 GC heap after
Heap after GC invocations=32 (full 11):
 PSYoungGen      total 8262656K, used 780743K [0x0000000580100000, 0x0000000800000000, 0x0000000800000000)
  eden space 7480320K, 0% used [0x0000000580100000,0x0000000580100000,0x0000000748a00000)
  from space 782336K, 99% used [0x0000000748a00000,0x0000000778471d40,0x0000000778600000)
  to   space 905216K, 0% used [0x00000007c8c00000,0x00000007c8c00000,0x0000000800000000)
 ParOldGen       total 20477440K, used 12179179K [0x0000000080200000, 0x0000000561f80000, 0x0000000580100000)
  object space 20477440K, 59% used [0x0000000080200000,0x00000003677baea0,0x0000000561f80000)
 Metaspace       used 13689K, capacity 13878K, committed 14208K, reserved 1062912K
  class space    used 1260K, capacity 1317K, committed 1408K, reserved 1048576K
}
Event: 85.808 GC heap before
{Heap before GC invocations=33 (full 11):
 PSYoungGen      total 8262656K, used 8261063K [0x0000000580100000, 0x0000000800000000, 0x0000000800000000)
  eden space 7480320K, 100% used [0x0000000580100000,0x0000000748a00000,0x0000000748a00000)
  from space 782336K, 99% used [0x0000000748a00000,0x0000000778471d40,0x0000000778600000)
  to   space 905216K, 0% used [0x00000007c8c00000,0x00000007c8c00000,0x0000000800000000)
 ParOldGen       total 20477440K, used 12179179K [0x0000000080200000, 0x0000000561f80000, 0x0000000580100000)
  object space 20477440K, 59% used [0x0000000080200000,0x00000003677baea0,0x0000000561f80000)
 Metaspace       used 13689K, capacity 13878K, committed 14208K, reserved 1062912K
  class space    used 1260K, capacity 1317K, committed 1408K, reserved 1048576K
Event: 86.178 GC heap after
Heap after GC invocations=33 (full 11):
 PSYoungGen      total 9297920K, used 895431K [0x0000000580100000, 0x0000000800000000, 0x0000000800000000)
  eden space 8392704K, 0% used [0x0000000580100000,0x0000000580100000,0x0000000780500000)
  from space 905216K, 98% used [0x00000007c8c00000,0x00000007ff671db0,0x0000000800000000)
  to   space 1046016K, 0% used [0x0000000780500000,0x0000000780500000,0x00000007c0280000)
 ParOldGen       total 20477440K, used 15750895K [0x0000000080200000, 0x0000000561f80000, 0x0000000580100000)
  object space 20477440K, 76% used [0x0000000080200000,0x00000004417bbc40,0x0000000561f80000)
 Metaspace       used 13689K, capacity 13878K, committed 14208K, reserved 1062912K
  class space    used 1260K, capacity 1317K, committed 1408K, reserved 1048576K
}
Event: 86.178 GC heap before
{Heap before GC invocations=34 (full 12):
 PSYoungGen      total 9297920K, used 895431K [0x0000000580100000, 0x0000000800000000, 0x0000000800000000)
  eden space 8392704K, 0% used [0x0000000580100000,0x0000000580100000,0x0000000780500000)
  from space 905216K, 98% used [0x00000007c8c00000,0x00000007ff671db0,0x0000000800000000)
  to   space 1046016K, 0% used [0x0000000780500000,0x0000000780500000,0x00000007c0280000)
 ParOldGen       total 20477440K, used 15750895K [0x0000000080200000, 0x0000000561f80000, 0x0000000580100000)
  object space 20477440K, 76% used [0x0000000080200000,0x00000004417bbc40,0x0000000561f80000)
 Metaspace       used 13689K, capacity 13878K, committed 14208K, reserved 1062912K
  class space    used 1260K, capacity 1317K, committed 1408K, reserved 1048576K
Event: 86.656 GC heap after
Heap after GC invocations=34 (full 12):
 PSYoungGen      total 9297920K, used 0K [0x0000000580100000, 0x0000000800000000, 0x0000000800000000)
  eden space 8392704K, 0% used [0x0000000580100000,0x0000000580100000,0x0000000780500000)
  from space 905216K, 0% used [0x00000007c8c00000,0x00000007c8c00000,0x0000000800000000)
  to   space 1046016K, 0% used [0x0000000780500000,0x0000000780500000,0x00000007c0280000)
 ParOldGen       total 20970496K, used 10453107K [0x0000000080200000, 0x0000000580100000, 0x0000000580100000)
  object space 20970496K, 49% used [0x0000000080200000,0x00000002fe21cd98,0x0000000580100000)
 Metaspace       used 13689K, capacity 13878K, committed 14208K, reserved 1062912K
  class space    used 1260K, capacity 1317K, committed 1408K, reserved 1048576K
}
Event: 95.961 GC heap before
{Heap before GC invocations=35 (full 12):
 PSYoungGen      total 9297920K, used 8392704K [0x0000000580100000, 0x0000000800000000, 0x0000000800000000)
  eden space 8392704K, 100% used [0x0000000580100000,0x0000000780500000,0x0000000780500000)
  from space 905216K, 0% used [0x00000007c8c00000,0x00000007c8c00000,0x0000000800000000)
  to   space 1046016K, 0% used [0x0000000780500000,0x0000000780500000,0x00000007c0280000)
 ParOldGen       total 20970496K, used 10453107K [0x0000000080200000, 0x0000000580100000, 0x0000000580100000)
  object space 20970496K, 49% used [0x0000000080200000,0x00000002fe21cd98,0x0000000580100000)
 Metaspace       used 13706K, capacity 13878K, committed 14208K, reserved 1062912K
  class space    used 1260K, capacity 1317K, committed 1408K, reserved 1048576K
Event: 96.187 GC heap after
Heap after GC invocations=35 (full 12):
 PSYoungGen      total 9434112K, used 1040970K [0x0000000580100000, 0x0000000800000000, 0x0000000800000000)
  eden space 8392704K, 0% used [0x0000000580100000,0x0000000580100000,0x0000000780500000)
  from space 1041408K, 99% used [0x0000000780500000,0x00000007bfd92970,0x00000007bfe00000)
  to   space 1050624K, 0% used [0x00000007bfe00000,0x00000007bfe00000,0x0000000800000000)
 ParOldGen       total 20970496K, used 13123332K [0x0000000080200000, 0x0000000580100000, 0x0000000580100000)
  object space 20970496K, 62% used [0x0000000080200000,0x00000003a11c13f8,0x0000000580100000)
 Metaspace       used 13706K, capacity 13878K, committed 14208K, reserved 1062912K
  class space    used 1260K, capacity 1317K, committed 1408K, reserved 1048576K
}

